000000 201240519322 S0 T00000001 V. ts:2018/01/15 20:12:40.521325 os:windows
000001 201240521325 S0 T00000001 V. TWAINCSScan v2.4.0.0
000002 201240539373 S0 T00000003 V. main>>> thread started...
000003 201240550403 S0 T00000003 V. 
000004 201240550403 S0 T00000003 V. twn> DG_CONTROL/DAT_PARENT/MSG_OPENDSM
000005 201240561433 S0 T00000003 V. twn> SUCCESS
000006 201250059699 S3 T00000003 V. 
000007 201250060702 S3 T00000003 V. twn> DG_CONTROL/DAT_IDENTITY/MSG_GETFIRST
000008 201250064742 S3 T00000003 V. twn> 1,2,1,ENG,USA,2.1.3 sample release 64bit,2,1,0x40000003,TWAIN Working Group,Software Scan,TWAIN2 FreeImage Software Scanner
000009 201250065722 S3 T00000003 V. twn> SUCCESS
000010 201250066730 S3 T00000003 V. 
000011 201250066730 S3 T00000003 V. twn> DG_CONTROL/DAT_IDENTITY/MSG_GETNEXT
000012 201250067721 S3 T00000003 V. twn> 0,0,0,DAN,0,,0,0,0x0,,,
000013 201250067721 S3 T00000003 V. twn> ENDOFLIST
000014 201250068726 S3 T00000003 V. 
000015 201250068726 S3 T00000003 V. twn> DG_CONTROL/DAT_IDENTITY/MSG_GETDEFAULT
000016 201250069727 S3 T00000003 V. twn> 1,2,1,ENG,USA,2.1.3 sample release 64bit,2,1,0x40000003,TWAIN Working Group,Software Scan,TWAIN2 FreeImage Software Scanner
000017 201250070730 S3 T00000003 V. twn> SUCCESS
000018 201251342922 S3 T00000003 V. 
000019 201251343940 S3 T00000003 V. twn> DG_CONTROL/DAT_IDENTITY/MSG_SET
000020 201251344926 S3 T00000003 V. twn> 1,2,1,ENG,USA,2.1.3 sample release 64bit,2,1,0x40000003,TWAIN Working Group,Software Scan,TWAIN2 FreeImage Software Scanner
000021 201251345929 S3 T00000003 V. twn> SUCCESS
000022 201251349974 S3 T00000003 V. 
000023 201251350982 S3 T00000003 V. twn> DG_CONTROL/DAT_ENTRYPOINT/MSG_GET
000024 201251351981 S3 T00000003 V. twn> 44,0x0,0x0,0x0,0x0,0x0
000025 201251353014 S3 T00000003 V. twn> 44,0x1800041B0,0x18000C1F0,0x18000C2B0,0x18000C310,0x18000C370
000026 201251353014 S3 T00000003 V. twn> SUCCESS
000027 201251353996 S3 T00000003 V. 
000028 201251353996 S3 T00000003 V. twn> DG_CONTROL/DAT_IDENTITY/MSG_OPENDS
000029 201251354990 S3 T00000003 V. twn> 1,2,1,ENG,USA,2.1.3 sample release 64bit,2,1,0x40000003,TWAIN Working Group,Software Scan,TWAIN2 FreeImage Software Scanner
000030 201251365017 S3 T00000003 V. twn> 1,2,1,ENG,USA,2.1.3 sample release 64bit,2,1,0x40000003,TWAIN Working Group,Software Scan,TWAIN2 FreeImage Software Scanner
000031 201251366028 S3 T00000003 V. twn> SUCCESS
000032 201251367029 S4 T00000003 V. 
000033 201251368031 S4 T00000003 V. twn> DG_CONTROL/DAT_CALLBACK/MSG_OPENDS
000034 201251368031 S4 T00000003 V. twn> 17183884,0,0
000035 201251369027 S4 T00000003 V. twn> SUCCESS
000036 201251387104 S4 T00000003 V. 
000037 201251388078 S4 T00000003 V. twn> DG_CONTROL/DAT_CAPABILITY/MSG_SET
000038 201251388078 S4 T00000003 V. twn> ICAP_XFERMECH,TWON_ONEVALUE,TWTY_UINT16,2
000039 201251389082 S4 T00000003 V. twn> ICAP_XFERMECH,TWON_ONEVALUE,TWTY_UINT16,2
000040 201251390083 S4 T00000003 V. twn> SUCCESS
000041 201251391087 S4 T00000003 V. 
000042 201251391087 S4 T00000003 V. twn> DG_CONTROL/DAT_CAPABILITY/MSG_SET
000043 201251392090 S4 T00000003 V. twn> CAP_INDICATORS,TWON_ONEVALUE,TWTY_BOOL,0
000044 201251394123 S4 T00000003 V. twn> CAP_INDICATORS,TWON_ONEVALUE,TWTY_BOOL,0
000045 201251395096 S4 T00000003 V. twn> SUCCESS
000046 201253396956 S4 T00000001 V. 
000047 201253397957 S4 T00000001 V. twn> DG_CONTROL/DAT_USERINTERFACE/MSG_ENABLEDS
000048 201253397957 S4 T00000001 V. twn> 0,0
000049 201253633777 S4 T00000001 V. twn> SUCCESS
000050 201253674886 S6 T00000003 V. 
000051 201253674886 S6 T00000003 V. twn> DG_CONTROL/DAT_CAPABILITY/MSG_GETCURRENT
000052 201253675890 S6 T00000003 V. twn> ICAP_XFERMECH,0,0
000053 201253675890 S6 T00000003 V. twn> ICAP_XFERMECH,TWON_ONEVALUE,TWTY_UINT16,2
000054 201253675890 S6 T00000003 V. twn> SUCCESS
000055 201253678897 S6 T00000003 V. 
000056 201253678897 S6 T00000003 V. twn> DG_CONTROL/DAT_SETUPMEMXFER/MSG_GET
000057 201253680903 S6 T00000003 V. twn> 5100,65536,65536
000058 201253680903 S6 T00000003 V. twn> SUCCESS
000059 201253684913 S6 T00000003 V. 
000060 201253684913 S6 T00000003 V. twn> DG_IMAGE/DAT_IMAGEMEMXFER/MSG_GET
000061 201253685914 S6 T00000003 V. twn> TWCP_NONE,0,0,0,0,0,0,9,65536,580291936
000062 201253690965 S6 T00000003 V. twn> TWCP_NONE,5100,1700,12,0,0,61200,9,65536,580291936
000063 201253691930 S6 T00000003 V. twn> SUCCESS
000064 201253691930 S6 T00000003 V. 
000065 201253691930 S6 T00000003 V. twn> DG_IMAGE/DAT_IMAGEMEMXFER/MSG_GET
000066 201253692934 S6 T00000003 V. twn> TWCP_NONE,5100,1700,12,0,0,61200,9,65536,580291936
000067 201253692934 S6 T00000003 V. twn> TWCP_NONE,5100,1700,12,0,12,61200,9,65536,580291936
000068 201253693937 S6 T00000003 V. twn> SUCCESS
000069 201253693937 S6 T00000003 V. 
000070 201253694939 S6 T00000003 V. twn> DG_IMAGE/DAT_IMAGEMEMXFER/MSG_GET
000071 201253694939 S6 T00000003 V. twn> TWCP_NONE,5100,1700,12,0,12,61200,9,65536,580291936
000072 201253695942 S6 T00000003 V. twn> TWCP_NONE,5100,1700,12,0,24,61200,9,65536,580291936
000073 201253696946 S6 T00000003 V. twn> SUCCESS
000074 201253696946 S6 T00000003 V. 
000075 201253697948 S6 T00000003 V. twn> DG_IMAGE/DAT_IMAGEMEMXFER/MSG_GET
000076 201253697948 S6 T00000003 V. twn> TWCP_NONE,5100,1700,12,0,24,61200,9,65536,580291936
000077 201253698954 S6 T00000003 V. twn> TWCP_NONE,5100,1700,12,0,36,61200,9,65536,580291936
000078 201253698954 S6 T00000003 V. twn> SUCCESS
000079 201253698954 S6 T00000003 V. 
000080 201253699952 S6 T00000003 V. twn> DG_IMAGE/DAT_IMAGEMEMXFER/MSG_GET
000081 201253699952 S6 T00000003 V. twn> TWCP_NONE,5100,1700,12,0,36,61200,9,65536,580291936
000082 201253700955 S6 T00000003 V. twn> TWCP_NONE,5100,1700,12,0,48,61200,9,65536,580291936
000083 201253700955 S6 T00000003 V. twn> SUCCESS
000084 201253701958 S6 T00000003 V. 
000085 201253701958 S6 T00000003 V. twn> DG_IMAGE/DAT_IMAGEMEMXFER/MSG_GET
000086 201253701958 S6 T00000003 V. twn> TWCP_NONE,5100,1700,12,0,48,61200,9,65536,580291936
000087 201253702960 S6 T00000003 V. twn> TWCP_NONE,5100,1700,12,0,60,61200,9,65536,580291936
000088 201253702960 S6 T00000003 V. twn> SUCCESS
000089 201253703963 S6 T00000003 V. 
000090 201253703963 S6 T00000003 V. twn> DG_IMAGE/DAT_IMAGEMEMXFER/MSG_GET
000091 201253704966 S6 T00000003 V. twn> TWCP_NONE,5100,1700,12,0,60,61200,9,65536,580291936
000092 201253704966 S6 T00000003 V. twn> TWCP_NONE,5100,1700,12,0,72,61200,9,65536,580291936
000093 201253705968 S6 T00000003 V. twn> SUCCESS
000094 201253706973 S6 T00000003 V. 
000095 201253706973 S6 T00000003 V. twn> DG_IMAGE/DAT_IMAGEMEMXFER/MSG_GET
000096 201253707474 S6 T00000003 V. twn> TWCP_NONE,5100,1700,12,0,72,61200,9,65536,580291936
000097 201253708479 S6 T00000003 V. twn> TWCP_NONE,5100,1700,12,0,84,61200,9,65536,580291936
000098 201253708479 S6 T00000003 V. twn> SUCCESS
000099 201253709480 S6 T00000003 V. 
000100 201253709981 S6 T00000003 V. twn> DG_IMAGE/DAT_IMAGEMEMXFER/MSG_GET
000101 201253710483 S6 T00000003 V. twn> TWCP_NONE,5100,1700,12,0,84,61200,9,65536,580291936
000102 201253710984 S6 T00000003 V. twn> TWCP_NONE,5100,1700,12,0,96,61200,9,65536,580291936
000103 201253711485 S6 T00000003 V. twn> SUCCESS
000104 201253712489 S6 T00000003 V. 
000105 201253712989 S6 T00000003 V. twn> DG_IMAGE/DAT_IMAGEMEMXFER/MSG_GET
000106 201253713490 S6 T00000003 V. twn> TWCP_NONE,5100,1700,12,0,96,61200,9,65536,580291936
000107 201253713992 S6 T00000003 V. twn> TWCP_NONE,5100,1700,12,0,108,61200,9,65536,580291936
000108 201253714493 S6 T00000003 V. twn> SUCCESS
000109 201253714995 S6 T00000003 V. 
000110 201253715496 S6 T00000003 V. twn> DG_IMAGE/DAT_IMAGEMEMXFER/MSG_GET
000111 201253715496 S6 T00000003 V. twn> TWCP_NONE,5100,1700,12,0,108,61200,9,65536,580291936
000112 201253715997 S6 T00000003 V. twn> TWCP_NONE,5100,1700,12,0,120,61200,9,65536,580291936
000113 201253716508 S6 T00000003 V. twn> SUCCESS
000114 201253718503 S6 T00000003 V. 
000115 201253719006 S6 T00000003 V. twn> DG_IMAGE/DAT_IMAGEMEMXFER/MSG_GET
000116 201253719506 S6 T00000003 V. twn> TWCP_NONE,5100,1700,12,0,120,61200,9,65536,580291936
000117 201253720008 S6 T00000003 V. twn> TWCP_NONE,5100,1700,12,0,132,61200,9,65536,580291936
000118 201253720509 S6 T00000003 V. twn> SUCCESS
000119 201253721012 S6 T00000003 V. 
000120 201253721012 S6 T00000003 V. twn> DG_IMAGE/DAT_IMAGEMEMXFER/MSG_GET
000121 201253721513 S6 T00000003 V. twn> TWCP_NONE,5100,1700,12,0,132,61200,9,65536,580291936
000122 201253721513 S6 T00000003 V. twn> TWCP_NONE,5100,1700,12,0,144,61200,9,65536,580291936
000123 201253722651 S6 T00000003 V. twn> SUCCESS
000124 201253722651 S6 T00000003 V. 
000125 201253723652 S6 T00000003 V. twn> DG_IMAGE/DAT_IMAGEMEMXFER/MSG_GET
000126 201253723652 S6 T00000003 V. twn> TWCP_NONE,5100,1700,12,0,144,61200,9,65536,580291936
000127 201253724655 S6 T00000003 V. twn> TWCP_NONE,5100,1700,12,0,156,61200,9,65536,580291936
000128 201253724655 S6 T00000003 V. twn> SUCCESS
000129 201253725657 S6 T00000003 V. 
000130 201253725657 S6 T00000003 V. twn> DG_IMAGE/DAT_IMAGEMEMXFER/MSG_GET
000131 201253726660 S6 T00000003 V. twn> TWCP_NONE,5100,1700,12,0,156,61200,9,65536,580291936
000132 201253726660 S6 T00000003 V. twn> TWCP_NONE,5100,1700,12,0,168,61200,9,65536,580291936
000133 201253727664 S6 T00000003 V. twn> SUCCESS
000134 201253728666 S6 T00000003 V. 
000135 201253728666 S6 T00000003 V. twn> DG_IMAGE/DAT_IMAGEMEMXFER/MSG_GET
000136 201253729668 S6 T00000003 V. twn> TWCP_NONE,5100,1700,12,0,168,61200,9,65536,580291936
000137 201253729668 S6 T00000003 V. twn> TWCP_NONE,5100,1700,12,0,180,61200,9,65536,580291936
000138 201253730670 S6 T00000003 V. twn> SUCCESS
000139 201253731689 S6 T00000003 V. 
000140 201253732676 S6 T00000003 V. twn> DG_IMAGE/DAT_IMAGEMEMXFER/MSG_GET
000141 201253732676 S6 T00000003 V. twn> TWCP_NONE,5100,1700,12,0,180,61200,9,65536,580291936
000142 201253733678 S6 T00000003 V. twn> TWCP_NONE,5100,1700,12,0,192,61200,9,65536,580291936
000143 201253733678 S6 T00000003 V. twn> SUCCESS
000144 201253734681 S6 T00000003 V. 
000145 201253734681 S6 T00000003 V. twn> DG_IMAGE/DAT_IMAGEMEMXFER/MSG_GET
000146 201253735684 S6 T00000003 V. twn> TWCP_NONE,5100,1700,12,0,192,61200,9,65536,580291936
000147 201253735684 S6 T00000003 V. twn> TWCP_NONE,5100,1700,12,0,204,61200,9,65536,580291936
000148 201253736687 S6 T00000003 V. twn> SUCCESS
000149 201253736687 S6 T00000003 V. 
000150 201253737689 S6 T00000003 V. twn> DG_IMAGE/DAT_IMAGEMEMXFER/MSG_GET
000151 201253737689 S6 T00000003 V. twn> TWCP_NONE,5100,1700,12,0,204,61200,9,65536,580291936
000152 201253738693 S6 T00000003 V. twn> TWCP_NONE,5100,1700,12,0,216,61200,9,65536,580291936
000153 201253738693 S6 T00000003 V. twn> SUCCESS
000154 201253739696 S6 T00000003 V. 
000155 201253739696 S6 T00000003 V. twn> DG_IMAGE/DAT_IMAGEMEMXFER/MSG_GET
000156 201253739696 S6 T00000003 V. twn> TWCP_NONE,5100,1700,12,0,216,61200,9,65536,580291936
000157 201253740697 S6 T00000003 V. twn> TWCP_NONE,5100,1700,12,0,228,61200,9,65536,580291936
000158 201253740697 S6 T00000003 V. twn> SUCCESS
000159 201253742702 S6 T00000003 V. 
000160 201253762786 S6 T00000003 V. twn> DG_IMAGE/DAT_IMAGEMEMXFER/MSG_GET
000161 201253762786 S6 T00000003 V. twn> TWCP_NONE,5100,1700,12,0,228,61200,9,65536,580291936
000162 201253763785 S6 T00000003 V. twn> TWCP_NONE,5100,1700,12,0,240,61200,9,65536,580291936
000163 201253763785 S6 T00000003 V. twn> SUCCESS
000164 201253764788 S6 T00000003 V. 
000165 201253764788 S6 T00000003 V. twn> DG_IMAGE/DAT_IMAGEMEMXFER/MSG_GET
000166 201253765791 S6 T00000003 V. twn> TWCP_NONE,5100,1700,12,0,240,61200,9,65536,580291936
000167 201253765791 S6 T00000003 V. twn> TWCP_NONE,5100,1700,12,0,252,61200,9,65536,580291936
000168 201253765791 S6 T00000003 V. twn> SUCCESS
000169 201253766793 S6 T00000003 V. 
000170 201253767796 S6 T00000003 V. twn> DG_IMAGE/DAT_IMAGEMEMXFER/MSG_GET
000171 201253767796 S6 T00000003 V. twn> TWCP_NONE,5100,1700,12,0,252,61200,9,65536,580291936
000172 201253768799 S6 T00000003 V. twn> TWCP_NONE,5100,1700,12,0,264,61200,9,65536,580291936
000173 201253768799 S6 T00000003 V. twn> SUCCESS
000174 201253769801 S6 T00000003 V. 
000175 201253769801 S6 T00000003 V. twn> DG_IMAGE/DAT_IMAGEMEMXFER/MSG_GET
000176 201253769801 S6 T00000003 V. twn> TWCP_NONE,5100,1700,12,0,264,61200,9,65536,580291936
000177 201253770803 S6 T00000003 V. twn> TWCP_NONE,5100,1700,12,0,276,61200,9,65536,580291936
000178 201253770803 S6 T00000003 V. twn> SUCCESS
000179 201253772809 S6 T00000003 V. 
000180 201253773812 S6 T00000003 V. twn> DG_IMAGE/DAT_IMAGEMEMXFER/MSG_GET
000181 201253773812 S6 T00000003 V. twn> TWCP_NONE,5100,1700,12,0,276,61200,9,65536,580291936
000182 201253773812 S6 T00000003 V. twn> TWCP_NONE,5100,1700,12,0,288,61200,9,65536,580291936
000183 201253774815 S6 T00000003 V. twn> SUCCESS
000184 201253775819 S6 T00000003 V. 
000185 201253775819 S6 T00000003 V. twn> DG_IMAGE/DAT_IMAGEMEMXFER/MSG_GET
000186 201253775819 S6 T00000003 V. twn> TWCP_NONE,5100,1700,12,0,288,61200,9,65536,580291936
000187 201253776820 S6 T00000003 V. twn> TWCP_NONE,5100,1700,12,0,300,61200,9,65536,580291936
000188 201253776820 S6 T00000003 V. twn> SUCCESS
000189 201253777823 S6 T00000003 V. 
000190 201253778827 S6 T00000003 V. twn> DG_IMAGE/DAT_IMAGEMEMXFER/MSG_GET
000191 201253779828 S6 T00000003 V. twn> TWCP_NONE,5100,1700,12,0,300,61200,9,65536,580291936
000192 201253779828 S6 T00000003 V. twn> TWCP_NONE,5100,1700,12,0,312,61200,9,65536,580291936
000193 201253780831 S6 T00000003 V. twn> SUCCESS
000194 201253781834 S6 T00000003 V. 
000195 201253781834 S6 T00000003 V. twn> DG_IMAGE/DAT_IMAGEMEMXFER/MSG_GET
000196 201253781834 S6 T00000003 V. twn> TWCP_NONE,5100,1700,12,0,312,61200,9,65536,580291936
000197 201253782836 S6 T00000003 V. twn> TWCP_NONE,5100,1700,12,0,324,61200,9,65536,580291936
000198 201253782836 S6 T00000003 V. twn> SUCCESS
000199 201253784841 S6 T00000003 V. 
000200 201253784841 S6 T00000003 V. twn> DG_IMAGE/DAT_IMAGEMEMXFER/MSG_GET
000201 201253785844 S6 T00000003 V. twn> TWCP_NONE,5100,1700,12,0,324,61200,9,65536,580291936
000202 201253785844 S6 T00000003 V. twn> TWCP_NONE,5100,1700,12,0,336,61200,9,65536,580291936
000203 201253786846 S6 T00000003 V. twn> SUCCESS
000204 201253787849 S6 T00000003 V. 
000205 201253787849 S6 T00000003 V. twn> DG_IMAGE/DAT_IMAGEMEMXFER/MSG_GET
000206 201253788852 S6 T00000003 V. twn> TWCP_NONE,5100,1700,12,0,336,61200,9,65536,580291936
000207 201253788852 S6 T00000003 V. twn> TWCP_NONE,5100,1700,12,0,348,61200,9,65536,580291936
000208 201253788852 S6 T00000003 V. twn> SUCCESS
000209 201253789855 S6 T00000003 V. 
000210 201253790857 S6 T00000003 V. twn> DG_IMAGE/DAT_IMAGEMEMXFER/MSG_GET
000211 201253790857 S6 T00000003 V. twn> TWCP_NONE,5100,1700,12,0,348,61200,9,65536,580291936
000212 201253791860 S6 T00000003 V. twn> TWCP_NONE,5100,1700,12,0,360,61200,9,65536,580291936
000213 201253791860 S6 T00000003 V. twn> SUCCESS
000214 201253793866 S6 T00000003 V. 
000215 201253794867 S6 T00000003 V. twn> DG_IMAGE/DAT_IMAGEMEMXFER/MSG_GET
000216 201253794867 S6 T00000003 V. twn> TWCP_NONE,5100,1700,12,0,360,61200,9,65536,580291936
000217 201253795870 S6 T00000003 V. twn> TWCP_NONE,5100,1700,12,0,372,61200,9,65536,580291936
000218 201253796873 S6 T00000003 V. twn> SUCCESS
000219 201253797876 S6 T00000003 V. 
000220 201253797876 S6 T00000003 V. twn> DG_IMAGE/DAT_IMAGEMEMXFER/MSG_GET
000221 201253798878 S6 T00000003 V. twn> TWCP_NONE,5100,1700,12,0,372,61200,9,65536,580291936
000222 201253798878 S6 T00000003 V. twn> TWCP_NONE,5100,1700,12,0,384,61200,9,65536,580291936
000223 201253799881 S6 T00000003 V. twn> SUCCESS
000224 201253800885 S6 T00000003 V. 
000225 201253800885 S6 T00000003 V. twn> DG_IMAGE/DAT_IMAGEMEMXFER/MSG_GET
000226 201253800885 S6 T00000003 V. twn> TWCP_NONE,5100,1700,12,0,384,61200,9,65536,580291936
000227 201253801886 S6 T00000003 V. twn> TWCP_NONE,5100,1700,12,0,396,61200,9,65536,580291936
000228 201253801886 S6 T00000003 V. twn> SUCCESS
000229 201253802889 S6 T00000003 V. 
000230 201253803892 S6 T00000003 V. twn> DG_IMAGE/DAT_IMAGEMEMXFER/MSG_GET
000231 201253803892 S6 T00000003 V. twn> TWCP_NONE,5100,1700,12,0,396,61200,9,65536,580291936
000232 201253803892 S6 T00000003 V. twn> TWCP_NONE,5100,1700,12,0,408,61200,9,65536,580291936
000233 201253804894 S6 T00000003 V. twn> SUCCESS
000234 201253806903 S6 T00000003 V. 
000235 201253807404 S6 T00000003 V. twn> DG_IMAGE/DAT_IMAGEMEMXFER/MSG_GET
000236 201253807905 S6 T00000003 V. twn> TWCP_NONE,5100,1700,12,0,408,61200,9,65536,580291936
000237 201253808406 S6 T00000003 V. twn> TWCP_NONE,5100,1700,12,0,420,61200,9,65536,580291936
000238 201253808908 S6 T00000003 V. twn> SUCCESS
000239 201253809911 S6 T00000003 V. 
000240 201253810413 S6 T00000003 V. twn> DG_IMAGE/DAT_IMAGEMEMXFER/MSG_GET
000241 201253810913 S6 T00000003 V. twn> TWCP_NONE,5100,1700,12,0,420,61200,9,65536,580291936
000242 201253812418 S6 T00000003 V. twn> TWCP_NONE,5100,1700,12,0,432,61200,9,65536,580291936
000243 201253812919 S6 T00000003 V. twn> SUCCESS
000244 201253813922 S6 T00000003 V. 
000245 201253814357 S6 T00000003 V. twn> DG_IMAGE/DAT_IMAGEMEMXFER/MSG_GET
000246 201253814861 S6 T00000003 V. twn> TWCP_NONE,5100,1700,12,0,432,61200,9,65536,580291936
000247 201253815865 S6 T00000003 V. twn> TWCP_NONE,5100,1700,12,0,444,61200,9,65536,580291936
000248 201253815865 S6 T00000003 V. twn> SUCCESS
000249 201253818370 S6 T00000003 V. 
000250 201253838767 S6 T00000003 V. twn> DG_IMAGE/DAT_IMAGEMEMXFER/MSG_GET
000251 201253838767 S6 T00000003 V. twn> TWCP_NONE,5100,1700,12,0,444,61200,9,65536,580291936
000252 201253839762 S6 T00000003 V. twn> TWCP_NONE,5100,1700,12,0,456,61200,9,65536,580291936
000253 201253840764 S6 T00000003 V. twn> SUCCESS
000254 201253841769 S6 T00000003 V. 
000255 201253841769 S6 T00000003 V. twn> DG_IMAGE/DAT_IMAGEMEMXFER/MSG_GET
000256 201253841769 S6 T00000003 V. twn> TWCP_NONE,5100,1700,12,0,456,61200,9,65536,580291936
000257 201253842769 S6 T00000003 V. twn> TWCP_NONE,5100,1700,12,0,468,61200,9,65536,580291936
000258 201253843774 S6 T00000003 V. twn> SUCCESS
000259 201253844775 S6 T00000003 V. 
000260 201253844775 S6 T00000003 V. twn> DG_IMAGE/DAT_IMAGEMEMXFER/MSG_GET
000261 201253845778 S6 T00000003 V. twn> TWCP_NONE,5100,1700,12,0,468,61200,9,65536,580291936
000262 201253846782 S6 T00000003 V. twn> TWCP_NONE,5100,1700,12,0,480,61200,9,65536,580291936
000263 201253846782 S6 T00000003 V. twn> SUCCESS
000264 201253848786 S6 T00000003 V. 
000265 201253849788 S6 T00000003 V. twn> DG_IMAGE/DAT_IMAGEMEMXFER/MSG_GET
000266 201253849788 S6 T00000003 V. twn> TWCP_NONE,5100,1700,12,0,480,61200,9,65536,580291936
000267 201253850793 S6 T00000003 V. twn> TWCP_NONE,5100,1700,12,0,492,61200,9,65536,580291936
000268 201253850793 S6 T00000003 V. twn> SUCCESS
000269 201253853799 S6 T00000003 V. 
000270 201253873853 S6 T00000003 V. twn> DG_IMAGE/DAT_IMAGEMEMXFER/MSG_GET
000271 201253873853 S6 T00000003 V. twn> TWCP_NONE,5100,1700,12,0,492,61200,9,65536,580291936
000272 201253874855 S6 T00000003 V. twn> TWCP_NONE,5100,1700,12,0,504,61200,9,65536,580291936
000273 201253875858 S6 T00000003 V. twn> SUCCESS
000274 201253876862 S6 T00000003 V. 
000275 201253877863 S6 T00000003 V. twn> DG_IMAGE/DAT_IMAGEMEMXFER/MSG_GET
000276 201253877863 S6 T00000003 V. twn> TWCP_NONE,5100,1700,12,0,504,61200,9,65536,580291936
000277 201253878866 S6 T00000003 V. twn> TWCP_NONE,5100,1700,12,0,516,61200,9,65536,580291936
000278 201253879871 S6 T00000003 V. twn> SUCCESS
000279 201253880872 S6 T00000003 V. 
000280 201253881874 S6 T00000003 V. twn> DG_IMAGE/DAT_IMAGEMEMXFER/MSG_GET
000281 201253881874 S6 T00000003 V. twn> TWCP_NONE,5100,1700,12,0,516,61200,9,65536,580291936
000282 201253881874 S6 T00000003 V. twn> TWCP_NONE,5100,1700,12,0,528,61200,9,65536,580291936
000283 201253882876 S6 T00000003 V. twn> SUCCESS
000284 201253885884 S6 T00000003 V. 
000285 201253907563 S6 T00000003 V. twn> DG_IMAGE/DAT_IMAGEMEMXFER/MSG_GET
000286 201253908021 S6 T00000003 V. twn> TWCP_NONE,5100,1700,12,0,528,61200,9,65536,580291936
000287 201253909011 S6 T00000003 V. twn> TWCP_NONE,5100,1700,12,0,540,61200,9,65536,580291936
000288 201253909011 S6 T00000003 V. twn> SUCCESS
000289 201253911017 S6 T00000003 V. 
000290 201253911517 S6 T00000003 V. twn> DG_IMAGE/DAT_IMAGEMEMXFER/MSG_GET
000291 201253912521 S6 T00000003 V. twn> TWCP_NONE,5100,1700,12,0,540,61200,9,65536,580291936
000292 201253913021 S6 T00000003 V. twn> TWCP_NONE,5100,1700,12,0,552,61200,9,65536,580291936
000293 201253913524 S6 T00000003 V. twn> SUCCESS
000294 201253915056 S6 T00000003 V. 
000295 201253915528 S6 T00000003 V. twn> DG_IMAGE/DAT_IMAGEMEMXFER/MSG_GET
000296 201253915528 S6 T00000003 V. twn> TWCP_NONE,5100,1700,12,0,552,61200,9,65536,580291936
000297 201253916531 S6 T00000003 V. twn> TWCP_NONE,5100,1700,12,0,564,61200,9,65536,580291936
000298 201253916531 S6 T00000003 V. twn> SUCCESS
000299 201253918535 S6 T00000003 V. 
000300 201253919038 S6 T00000003 V. twn> DG_IMAGE/DAT_IMAGEMEMXFER/MSG_GET
000301 201253919539 S6 T00000003 V. twn> TWCP_NONE,5100,1700,12,0,564,61200,9,65536,580291936
000302 201253920040 S6 T00000003 V. twn> TWCP_NONE,5100,1700,12,0,576,61200,9,65536,580291936
000303 201253920541 S6 T00000003 V. twn> SUCCESS
000304 201253923018 S6 T00000003 V. 
000305 201253923018 S6 T00000003 V. twn> DG_IMAGE/DAT_IMAGEMEMXFER/MSG_GET
000306 201253924019 S6 T00000003 V. twn> TWCP_NONE,5100,1700,12,0,576,61200,9,65536,580291936
000307 201253924019 S6 T00000003 V. twn> TWCP_NONE,5100,1700,12,0,588,61200,9,65536,580291936
000308 201253925023 S6 T00000003 V. twn> SUCCESS
000309 201253926064 S6 T00000003 V. 
000310 201253927034 S6 T00000003 V. twn> DG_IMAGE/DAT_IMAGEMEMXFER/MSG_GET
000311 201253927034 S6 T00000003 V. twn> TWCP_NONE,5100,1700,12,0,588,61200,9,65536,580291936
000312 201253928031 S6 T00000003 V. twn> TWCP_NONE,5100,1700,12,0,600,61200,9,65536,580291936
000313 201253929033 S6 T00000003 V. twn> SUCCESS
000314 201253930037 S6 T00000003 V. 
000315 201253931038 S6 T00000003 V. twn> DG_IMAGE/DAT_IMAGEMEMXFER/MSG_GET
000316 201253931038 S6 T00000003 V. twn> TWCP_NONE,5100,1700,12,0,600,61200,9,65536,580291936
000317 201253932041 S6 T00000003 V. twn> TWCP_NONE,5100,1700,12,0,612,61200,9,65536,580291936
000318 201253932041 S6 T00000003 V. twn> SUCCESS
000319 201253935051 S6 T00000003 V. 
000320 201253955154 S6 T00000003 V. twn> DG_IMAGE/DAT_IMAGEMEMXFER/MSG_GET
000321 201253955154 S6 T00000003 V. twn> TWCP_NONE,5100,1700,12,0,612,61200,9,65536,580291936
000322 201253956105 S6 T00000003 V. twn> TWCP_NONE,5100,1700,12,0,624,61200,9,65536,580291936
000323 201253956105 S6 T00000003 V. twn> SUCCESS
000324 201253958110 S6 T00000003 V. 
000325 201253959112 S6 T00000003 V. twn> DG_IMAGE/DAT_IMAGEMEMXFER/MSG_GET
000326 201253959112 S6 T00000003 V. twn> TWCP_NONE,5100,1700,12,0,624,61200,9,65536,580291936
000327 201253960116 S6 T00000003 V. twn> TWCP_NONE,5100,1700,12,0,636,61200,9,65536,580291936
000328 201253960116 S6 T00000003 V. twn> SUCCESS
000329 201253962122 S6 T00000003 V. 
000330 201253962122 S6 T00000003 V. twn> DG_IMAGE/DAT_IMAGEMEMXFER/MSG_GET
000331 201253963125 S6 T00000003 V. twn> TWCP_NONE,5100,1700,12,0,636,61200,9,65536,580291936
000332 201253963125 S6 T00000003 V. twn> TWCP_NONE,5100,1700,12,0,648,61200,9,65536,580291936
000333 201253964126 S6 T00000003 V. twn> SUCCESS
000334 201253965133 S6 T00000003 V. 
000335 201253966133 S6 T00000003 V. twn> DG_IMAGE/DAT_IMAGEMEMXFER/MSG_GET
000336 201253966133 S6 T00000003 V. twn> TWCP_NONE,5100,1700,12,0,648,61200,9,65536,580291936
000337 201253967134 S6 T00000003 V. twn> TWCP_NONE,5100,1700,12,0,660,61200,9,65536,580291936
000338 201253967134 S6 T00000003 V. twn> SUCCESS
000339 201253971145 S6 T00000003 V. 
000340 201253971145 S6 T00000003 V. twn> DG_IMAGE/DAT_IMAGEMEMXFER/MSG_GET
000341 201253972147 S6 T00000003 V. twn> TWCP_NONE,5100,1700,12,0,660,61200,9,65536,580291936
000342 201253972147 S6 T00000003 V. twn> TWCP_NONE,5100,1700,12,0,672,61200,9,65536,580291936
000343 201253973151 S6 T00000003 V. twn> SUCCESS
000344 201253975157 S6 T00000003 V. 
000345 201253975157 S6 T00000003 V. twn> DG_IMAGE/DAT_IMAGEMEMXFER/MSG_GET
000346 201253975157 S6 T00000003 V. twn> TWCP_NONE,5100,1700,12,0,672,61200,9,65536,580291936
000347 201253976159 S6 T00000003 V. twn> TWCP_NONE,5100,1700,12,0,684,61200,9,65536,580291936
000348 201253977161 S6 T00000003 V. twn> SUCCESS
000349 201253979169 S6 T00000003 V. 
000350 201253980170 S6 T00000003 V. twn> DG_IMAGE/DAT_IMAGEMEMXFER/MSG_GET
000351 201253980170 S6 T00000003 V. twn> TWCP_NONE,5100,1700,12,0,684,61200,9,65536,580291936
000352 201253981172 S6 T00000003 V. twn> TWCP_NONE,5100,1700,12,0,696,61200,9,65536,580291936
000353 201253981172 S6 T00000003 V. twn> SUCCESS
000354 201253984179 S6 T00000003 V. 
000355 201253985183 S6 T00000003 V. twn> DG_IMAGE/DAT_IMAGEMEMXFER/MSG_GET
000356 201253986184 S6 T00000003 V. twn> TWCP_NONE,5100,1700,12,0,696,61200,9,65536,580291936
000357 201253986184 S6 T00000003 V. twn> TWCP_NONE,5100,1700,12,0,708,61200,9,65536,580291936
000358 201253987187 S6 T00000003 V. twn> SUCCESS
000359 201253989193 S6 T00000003 V. 
000360 201253989193 S6 T00000003 V. twn> DG_IMAGE/DAT_IMAGEMEMXFER/MSG_GET
000361 201253989193 S6 T00000003 V. twn> TWCP_NONE,5100,1700,12,0,708,61200,9,65536,580291936
000362 201253990195 S6 T00000003 V. twn> TWCP_NONE,5100,1700,12,0,720,61200,9,65536,580291936
000363 201253990195 S6 T00000003 V. twn> SUCCESS
000364 201253992238 S6 T00000003 V. 
000365 201253993230 S6 T00000003 V. twn> DG_IMAGE/DAT_IMAGEMEMXFER/MSG_GET
000366 201253993230 S6 T00000003 V. twn> TWCP_NONE,5100,1700,12,0,720,61200,9,65536,580291936
000367 201253994206 S6 T00000003 V. twn> TWCP_NONE,5100,1700,12,0,732,61200,9,65536,580291936
000368 201253995209 S6 T00000003 V. twn> SUCCESS
000369 201253997216 S6 T00000003 V. 
000370 201253998218 S6 T00000003 V. twn> DG_IMAGE/DAT_IMAGEMEMXFER/MSG_GET
000371 201253998218 S6 T00000003 V. twn> TWCP_NONE,5100,1700,12,0,732,61200,9,65536,580291936
000372 201253999219 S6 T00000003 V. twn> TWCP_NONE,5100,1700,12,0,744,61200,9,65536,580291936
000373 201253999219 S6 T00000003 V. twn> SUCCESS
000374 201254002228 S6 T00000003 V. 
000375 201254003230 S6 T00000003 V. twn> DG_IMAGE/DAT_IMAGEMEMXFER/MSG_GET
000376 201254003230 S6 T00000003 V. twn> TWCP_NONE,5100,1700,12,0,744,61200,9,65536,580291936
000377 201254004233 S6 T00000003 V. twn> TWCP_NONE,5100,1700,12,0,756,61200,9,65536,580291936
000378 201254004233 S6 T00000003 V. twn> SUCCESS
000379 201254006241 S6 T00000003 V. 
000380 201254006746 S6 T00000003 V. twn> DG_IMAGE/DAT_IMAGEMEMXFER/MSG_GET
000381 201254007247 S6 T00000003 V. twn> TWCP_NONE,5100,1700,12,0,756,61200,9,65536,580291936
000382 201254007749 S6 T00000003 V. twn> TWCP_NONE,5100,1700,12,0,768,61200,9,65536,580291936
000383 201254008251 S6 T00000003 V. twn> SUCCESS
000384 201254010258 S6 T00000003 V. 
000385 201254010758 S6 T00000003 V. twn> DG_IMAGE/DAT_IMAGEMEMXFER/MSG_GET
000386 201254010758 S6 T00000003 V. twn> TWCP_NONE,5100,1700,12,0,768,61200,9,65536,580291936
000387 201254012262 S6 T00000003 V. twn> TWCP_NONE,5100,1700,12,0,780,61200,9,65536,580291936
000388 201254012262 S6 T00000003 V. twn> SUCCESS
000389 201254015808 S6 T00000003 V. 
000390 201254037269 S6 T00000003 V. twn> DG_IMAGE/DAT_IMAGEMEMXFER/MSG_GET
000391 201254037269 S6 T00000003 V. twn> TWCP_NONE,5100,1700,12,0,780,61200,9,65536,580291936
000392 201254038264 S6 T00000003 V. twn> TWCP_NONE,5100,1700,12,0,792,61200,9,65536,580291936
000393 201254038264 S6 T00000003 V. twn> SUCCESS
000394 201254041272 S6 T00000003 V. 
000395 201254041272 S6 T00000003 V. twn> DG_IMAGE/DAT_IMAGEMEMXFER/MSG_GET
000396 201254042274 S6 T00000003 V. twn> TWCP_NONE,5100,1700,12,0,792,61200,9,65536,580291936
000397 201254043279 S6 T00000003 V. twn> TWCP_NONE,5100,1700,12,0,804,61200,9,65536,580291936
000398 201254043279 S6 T00000003 V. twn> SUCCESS
000399 201254045283 S6 T00000003 V. 
000400 201254046286 S6 T00000003 V. twn> DG_IMAGE/DAT_IMAGEMEMXFER/MSG_GET
000401 201254046286 S6 T00000003 V. twn> TWCP_NONE,5100,1700,12,0,804,61200,9,65536,580291936
000402 201254047288 S6 T00000003 V. twn> TWCP_NONE,5100,1700,12,0,816,61200,9,65536,580291936
000403 201254047288 S6 T00000003 V. twn> SUCCESS
000404 201254049297 S6 T00000003 V. 
000405 201254050295 S6 T00000003 V. twn> DG_IMAGE/DAT_IMAGEMEMXFER/MSG_GET
000406 201254050295 S6 T00000003 V. twn> TWCP_NONE,5100,1700,12,0,816,61200,9,65536,580291936
000407 201254050295 S6 T00000003 V. twn> TWCP_NONE,5100,1700,12,0,828,61200,9,65536,580291936
000408 201254051299 S6 T00000003 V. twn> SUCCESS
000409 201254054308 S6 T00000003 V. 
000410 201254075444 S6 T00000003 V. twn> DG_IMAGE/DAT_IMAGEMEMXFER/MSG_GET
000411 201254076444 S6 T00000003 V. twn> TWCP_NONE,5100,1700,12,0,828,61200,9,65536,580291936
000412 201254077447 S6 T00000003 V. twn> TWCP_NONE,5100,1700,12,0,840,61200,9,65536,580291936
000413 201254079452 S6 T00000003 V. twn> SUCCESS
000414 201254082494 S6 T00000003 V. 
000415 201254082494 S6 T00000003 V. twn> DG_IMAGE/DAT_IMAGEMEMXFER/MSG_GET
000416 201254083462 S6 T00000003 V. twn> TWCP_NONE,5100,1700,12,0,840,61200,9,65536,580291936
000417 201254083462 S6 T00000003 V. twn> TWCP_NONE,5100,1700,12,0,852,61200,9,65536,580291936
000418 201254084465 S6 T00000003 V. twn> SUCCESS
000419 201254086471 S6 T00000003 V. 
000420 201254087490 S6 T00000003 V. twn> DG_IMAGE/DAT_IMAGEMEMXFER/MSG_GET
000421 201254087490 S6 T00000003 V. twn> TWCP_NONE,5100,1700,12,0,852,61200,9,65536,580291936
000422 201254088475 S6 T00000003 V. twn> TWCP_NONE,5100,1700,12,0,864,61200,9,65536,580291936
000423 201254088475 S6 T00000003 V. twn> SUCCESS
000424 201254092486 S6 T00000003 V. 
000425 201254094491 S6 T00000003 V. twn> DG_IMAGE/DAT_IMAGEMEMXFER/MSG_GET
000426 201254095495 S6 T00000003 V. twn> TWCP_NONE,5100,1700,12,0,864,61200,9,65536,580291936
000427 201254095495 S6 T00000003 V. twn> TWCP_NONE,5100,1700,12,0,876,61200,9,65536,580291936
000428 201254096497 S6 T00000003 V. twn> SUCCESS
000429 201254098502 S6 T00000003 V. 
000430 201254099519 S6 T00000003 V. twn> DG_IMAGE/DAT_IMAGEMEMXFER/MSG_GET
000431 201254099519 S6 T00000003 V. twn> TWCP_NONE,5100,1700,12,0,876,61200,9,65536,580291936
000432 201254100508 S6 T00000003 V. twn> TWCP_NONE,5100,1700,12,0,888,61200,9,65536,580291936
000433 201254100508 S6 T00000003 V. twn> SUCCESS
000434 201254102515 S6 T00000003 V. 
000435 201254103517 S6 T00000003 V. twn> DG_IMAGE/DAT_IMAGEMEMXFER/MSG_GET
000436 201254103517 S6 T00000003 V. twn> TWCP_NONE,5100,1700,12,0,888,61200,9,65536,580291936
000437 201254104518 S6 T00000003 V. twn> TWCP_NONE,5100,1700,12,0,900,61200,9,65536,580291936
000438 201254104518 S6 T00000003 V. twn> SUCCESS
000439 201254107101 S6 T00000003 V. 
000440 201254107567 S6 T00000003 V. twn> DG_IMAGE/DAT_IMAGEMEMXFER/MSG_GET
000441 201254108067 S6 T00000003 V. twn> TWCP_NONE,5100,1700,12,0,900,61200,9,65536,580291936
000442 201254108569 S6 T00000003 V. twn> TWCP_NONE,5100,1700,12,0,912,61200,9,65536,580291936
000443 201254109071 S6 T00000003 V. twn> SUCCESS
000444 201254112581 S6 T00000003 V. 
000445 201254113080 S6 T00000003 V. twn> DG_IMAGE/DAT_IMAGEMEMXFER/MSG_GET
000446 201254113582 S6 T00000003 V. twn> TWCP_NONE,5100,1700,12,0,912,61200,9,65536,580291936
000447 201254114084 S6 T00000003 V. twn> TWCP_NONE,5100,1700,12,0,924,61200,9,65536,580291936
000448 201254114586 S6 T00000003 V. twn> SUCCESS
000449 201254116593 S6 T00000003 V. 
000450 201254117092 S6 T00000003 V. twn> DG_IMAGE/DAT_IMAGEMEMXFER/MSG_GET
000451 201254117602 S6 T00000003 V. twn> TWCP_NONE,5100,1700,12,0,924,61200,9,65536,580291936
000452 201254118094 S6 T00000003 V. twn> TWCP_NONE,5100,1700,12,0,936,61200,9,65536,580291936
000453 201254118607 S6 T00000003 V. twn> SUCCESS
000454 201254120603 S6 T00000003 V. 
000455 201254121604 S6 T00000003 V. twn> DG_IMAGE/DAT_IMAGEMEMXFER/MSG_GET
000456 201254121604 S6 T00000003 V. twn> TWCP_NONE,5100,1700,12,0,936,61200,9,65536,580291936
000457 201254122104 S6 T00000003 V. twn> TWCP_NONE,5100,1700,12,0,948,61200,9,65536,580291936
000458 201254122104 S6 T00000003 V. twn> SUCCESS
000459 201254126160 S6 T00000003 V. 
000460 201254127166 S6 T00000003 V. twn> DG_IMAGE/DAT_IMAGEMEMXFER/MSG_GET
000461 201254129168 S6 T00000003 V. twn> TWCP_NONE,5100,1700,12,0,948,61200,9,65536,580291936
000462 201254130171 S6 T00000003 V. twn> TWCP_NONE,5100,1700,12,0,960,61200,9,65536,580291936
000463 201254130171 S6 T00000003 V. twn> SUCCESS
000464 201254132175 S6 T00000003 V. 
000465 201254133179 S6 T00000003 V. twn> DG_IMAGE/DAT_IMAGEMEMXFER/MSG_GET
000466 201254133179 S6 T00000003 V. twn> TWCP_NONE,5100,1700,12,0,960,61200,9,65536,580291936
000467 201254134181 S6 T00000003 V. twn> TWCP_NONE,5100,1700,12,0,972,61200,9,65536,580291936
000468 201254134181 S6 T00000003 V. twn> SUCCESS
000469 201254136189 S6 T00000003 V. 
000470 201254137190 S6 T00000003 V. twn> DG_IMAGE/DAT_IMAGEMEMXFER/MSG_GET
000471 201254137190 S6 T00000003 V. twn> TWCP_NONE,5100,1700,12,0,972,61200,9,65536,580291936
000472 201254138192 S6 T00000003 V. twn> TWCP_NONE,5100,1700,12,0,984,61200,9,65536,580291936
000473 201254138192 S6 T00000003 V. twn> SUCCESS
000474 201254141199 S6 T00000003 V. 
000475 201254142202 S6 T00000003 V. twn> DG_IMAGE/DAT_IMAGEMEMXFER/MSG_GET
000476 201254142202 S6 T00000003 V. twn> TWCP_NONE,5100,1700,12,0,984,61200,9,65536,580291936
000477 201254142202 S6 T00000003 V. twn> TWCP_NONE,5100,1700,12,0,996,61200,9,65536,580291936
000478 201254143205 S6 T00000003 V. twn> SUCCESS
000479 201254147216 S6 T00000003 V. 
000480 201254148218 S6 T00000003 V. twn> DG_IMAGE/DAT_IMAGEMEMXFER/MSG_GET
000481 201254148218 S6 T00000003 V. twn> TWCP_NONE,5100,1700,12,0,996,61200,9,65536,580291936
000482 201254148218 S6 T00000003 V. twn> TWCP_NONE,5100,1700,12,0,1008,61200,9,65536,580291936
000483 201254149221 S6 T00000003 V. twn> SUCCESS
000484 201254151226 S6 T00000003 V. 
000485 201254152231 S6 T00000003 V. twn> DG_IMAGE/DAT_IMAGEMEMXFER/MSG_GET
000486 201254152231 S6 T00000003 V. twn> TWCP_NONE,5100,1700,12,0,1008,61200,9,65536,580291936
000487 201254153232 S6 T00000003 V. twn> TWCP_NONE,5100,1700,12,0,1020,61200,9,65536,580291936
000488 201254153232 S6 T00000003 V. twn> SUCCESS
000489 201254156272 S6 T00000003 V. 
000490 201254156272 S6 T00000003 V. twn> DG_IMAGE/DAT_IMAGEMEMXFER/MSG_GET
000491 201254157242 S6 T00000003 V. twn> TWCP_NONE,5100,1700,12,0,1020,61200,9,65536,580291936
000492 201254158246 S6 T00000003 V. twn> TWCP_NONE,5100,1700,12,0,1032,61200,9,65536,580291936
000493 201254158246 S6 T00000003 V. twn> SUCCESS
000494 201254162256 S6 T00000003 V. 
000495 201254164260 S6 T00000003 V. twn> DG_IMAGE/DAT_IMAGEMEMXFER/MSG_GET
000496 201254164260 S6 T00000003 V. twn> TWCP_NONE,5100,1700,12,0,1032,61200,9,65536,580291936
000497 201254165263 S6 T00000003 V. twn> TWCP_NONE,5100,1700,12,0,1044,61200,9,65536,580291936
000498 201254165263 S6 T00000003 V. twn> SUCCESS
000499 201254168272 S6 T00000003 V. 
000500 201254168272 S6 T00000003 V. twn> DG_IMAGE/DAT_IMAGEMEMXFER/MSG_GET
000501 201254169274 S6 T00000003 V. twn> TWCP_NONE,5100,1700,12,0,1044,61200,9,65536,580291936
000502 201254169274 S6 T00000003 V. twn> TWCP_NONE,5100,1700,12,0,1056,61200,9,65536,580291936
000503 201254170277 S6 T00000003 V. twn> SUCCESS
000504 201254172282 S6 T00000003 V. 
000505 201254172282 S6 T00000003 V. twn> DG_IMAGE/DAT_IMAGEMEMXFER/MSG_GET
000506 201254173295 S6 T00000003 V. twn> TWCP_NONE,5100,1700,12,0,1056,61200,9,65536,580291936
000507 201254173295 S6 T00000003 V. twn> TWCP_NONE,5100,1700,12,0,1068,61200,9,65536,580291936
000508 201254174288 S6 T00000003 V. twn> SUCCESS
000509 201254176293 S6 T00000003 V. 
000510 201254177295 S6 T00000003 V. twn> DG_IMAGE/DAT_IMAGEMEMXFER/MSG_GET
000511 201254177295 S6 T00000003 V. twn> TWCP_NONE,5100,1700,12,0,1068,61200,9,65536,580291936
000512 201254178298 S6 T00000003 V. twn> TWCP_NONE,5100,1700,12,0,1080,61200,9,65536,580291936
000513 201254179301 S6 T00000003 V. twn> SUCCESS
000514 201254183311 S6 T00000003 V. 
000515 201254184314 S6 T00000003 V. twn> DG_IMAGE/DAT_IMAGEMEMXFER/MSG_GET
000516 201254184314 S6 T00000003 V. twn> TWCP_NONE,5100,1700,12,0,1080,61200,9,65536,580291936
000517 201254185317 S6 T00000003 V. twn> TWCP_NONE,5100,1700,12,0,1092,61200,9,65536,580291936
000518 201254186320 S6 T00000003 V. twn> SUCCESS
000519 201254189328 S6 T00000003 V. 
000520 201254190330 S6 T00000003 V. twn> DG_IMAGE/DAT_IMAGEMEMXFER/MSG_GET
000521 201254190330 S6 T00000003 V. twn> TWCP_NONE,5100,1700,12,0,1092,61200,9,65536,580291936
000522 201254190330 S6 T00000003 V. twn> TWCP_NONE,5100,1700,12,0,1104,61200,9,65536,580291936
000523 201254191333 S6 T00000003 V. twn> SUCCESS
000524 201254193338 S6 T00000003 V. 
000525 201254195344 S6 T00000003 V. twn> DG_IMAGE/DAT_IMAGEMEMXFER/MSG_GET
000526 201254195344 S6 T00000003 V. twn> TWCP_NONE,5100,1700,12,0,1104,61200,9,65536,580291936
000527 201254196346 S6 T00000003 V. twn> TWCP_NONE,5100,1700,12,0,1116,61200,9,65536,580291936
000528 201254196346 S6 T00000003 V. twn> SUCCESS
000529 201254199354 S6 T00000003 V. 
000530 201254200357 S6 T00000003 V. twn> DG_IMAGE/DAT_IMAGEMEMXFER/MSG_GET
000531 201254200357 S6 T00000003 V. twn> TWCP_NONE,5100,1700,12,0,1116,61200,9,65536,580291936
000532 201254201359 S6 T00000003 V. twn> TWCP_NONE,5100,1700,12,0,1128,61200,9,65536,580291936
000533 201254201359 S6 T00000003 V. twn> SUCCESS
000534 201254204368 S6 T00000003 V. 
000535 201254205370 S6 T00000003 V. twn> DG_IMAGE/DAT_IMAGEMEMXFER/MSG_GET
000536 201254205370 S6 T00000003 V. twn> TWCP_NONE,5100,1700,12,0,1128,61200,9,65536,580291936
000537 201254206878 S6 T00000003 V. twn> TWCP_NONE,5100,1700,12,0,1140,61200,9,65536,580291936
000538 201254206878 S6 T00000003 V. twn> SUCCESS
000539 201254209885 S6 T00000003 V. 
000540 201254210401 S6 T00000003 V. twn> DG_IMAGE/DAT_IMAGEMEMXFER/MSG_GET
000541 201254210888 S6 T00000003 V. twn> TWCP_NONE,5100,1700,12,0,1140,61200,9,65536,580291936
000542 201254212392 S6 T00000003 V. twn> TWCP_NONE,5100,1700,12,0,1152,61200,9,65536,580291936
000543 201254212894 S6 T00000003 V. twn> SUCCESS
000544 201254215901 S6 T00000003 V. 
000545 201254215901 S6 T00000003 V. twn> DG_IMAGE/DAT_IMAGEMEMXFER/MSG_GET
000546 201254216403 S6 T00000003 V. twn> TWCP_NONE,5100,1700,12,0,1152,61200,9,65536,580291936
000547 201254216904 S6 T00000003 V. twn> TWCP_NONE,5100,1700,12,0,1164,61200,9,65536,580291936
000548 201254217405 S6 T00000003 V. twn> SUCCESS
000549 201254219912 S6 T00000003 V. 
000550 201254220413 S6 T00000003 V. twn> DG_IMAGE/DAT_IMAGEMEMXFER/MSG_GET
000551 201254220915 S6 T00000003 V. twn> TWCP_NONE,5100,1700,12,0,1164,61200,9,65536,580291936
000552 201254221416 S6 T00000003 V. twn> TWCP_NONE,5100,1700,12,0,1176,61200,9,65536,580291936
000553 201254221416 S6 T00000003 V. twn> SUCCESS
000554 201254223958 S6 T00000003 V. 
000555 201254223958 S6 T00000003 V. twn> DG_IMAGE/DAT_IMAGEMEMXFER/MSG_GET
000556 201254224961 S6 T00000003 V. twn> TWCP_NONE,5100,1700,12,0,1176,61200,9,65536,580291936
000557 201254224961 S6 T00000003 V. twn> TWCP_NONE,5100,1700,12,0,1188,61200,9,65536,580291936
000558 201254225964 S6 T00000003 V. twn> SUCCESS
000559 201254228973 S6 T00000003 V. 
000560 201254228973 S6 T00000003 V. twn> DG_IMAGE/DAT_IMAGEMEMXFER/MSG_GET
000561 201254228973 S6 T00000003 V. twn> TWCP_NONE,5100,1700,12,0,1188,61200,9,65536,580291936
000562 201254229974 S6 T00000003 V. twn> TWCP_NONE,5100,1700,12,0,1200,61200,9,65536,580291936
000563 201254229974 S6 T00000003 V. twn> SUCCESS
000564 201254232982 S6 T00000003 V. 
000565 201254233985 S6 T00000003 V. twn> DG_IMAGE/DAT_IMAGEMEMXFER/MSG_GET
000566 201254233985 S6 T00000003 V. twn> TWCP_NONE,5100,1700,12,0,1200,61200,9,65536,580291936
000567 201254234987 S6 T00000003 V. twn> TWCP_NONE,5100,1700,12,0,1212,61200,9,65536,580291936
000568 201254234987 S6 T00000003 V. twn> SUCCESS
000569 201254237996 S6 T00000003 V. 
000570 201254237996 S6 T00000003 V. twn> DG_IMAGE/DAT_IMAGEMEMXFER/MSG_GET
000571 201254237996 S6 T00000003 V. twn> TWCP_NONE,5100,1700,12,0,1212,61200,9,65536,580291936
000572 201254238998 S6 T00000003 V. twn> TWCP_NONE,5100,1700,12,0,1224,61200,9,65536,580291936
000573 201254238998 S6 T00000003 V. twn> SUCCESS
000574 201254246019 S6 T00000003 V. 
000575 201254246019 S6 T00000003 V. twn> DG_IMAGE/DAT_IMAGEMEMXFER/MSG_GET
000576 201254246019 S6 T00000003 V. twn> TWCP_NONE,5100,1700,12,0,1224,61200,9,65536,580291936
000577 201254247020 S6 T00000003 V. twn> TWCP_NONE,5100,1700,12,0,1236,61200,9,65536,580291936
000578 201254247020 S6 T00000003 V. twn> SUCCESS
000579 201254252033 S6 T00000003 V. 
000580 201254252033 S6 T00000003 V. twn> DG_IMAGE/DAT_IMAGEMEMXFER/MSG_GET
000581 201254252033 S6 T00000003 V. twn> TWCP_NONE,5100,1700,12,0,1236,61200,9,65536,580291936
000582 201254253036 S6 T00000003 V. twn> TWCP_NONE,5100,1700,12,0,1248,61200,9,65536,580291936
000583 201254253036 S6 T00000003 V. twn> SUCCESS
000584 201254256045 S6 T00000003 V. 
000585 201254257046 S6 T00000003 V. twn> DG_IMAGE/DAT_IMAGEMEMXFER/MSG_GET
000586 201254257046 S6 T00000003 V. twn> TWCP_NONE,5100,1700,12,0,1248,61200,9,65536,580291936
000587 201254258049 S6 T00000003 V. twn> TWCP_NONE,5100,1700,12,0,1260,61200,9,65536,580291936
000588 201254258049 S6 T00000003 V. twn> SUCCESS
000589 201254261058 S6 T00000003 V. 
000590 201254261058 S6 T00000003 V. twn> DG_IMAGE/DAT_IMAGEMEMXFER/MSG_GET
000591 201254262060 S6 T00000003 V. twn> TWCP_NONE,5100,1700,12,0,1260,61200,9,65536,580291936
000592 201254263063 S6 T00000003 V. twn> TWCP_NONE,5100,1700,12,0,1272,61200,9,65536,580291936
000593 201254263063 S6 T00000003 V. twn> SUCCESS
000594 201254266073 S6 T00000003 V. 
000595 201254266073 S6 T00000003 V. twn> DG_IMAGE/DAT_IMAGEMEMXFER/MSG_GET
000596 201254267082 S6 T00000003 V. twn> TWCP_NONE,5100,1700,12,0,1272,61200,9,65536,580291936
000597 201254267082 S6 T00000003 V. twn> TWCP_NONE,5100,1700,12,0,1284,61200,9,65536,580291936
000598 201254268076 S6 T00000003 V. twn> SUCCESS
000599 201254270081 S6 T00000003 V. 
000600 201254271083 S6 T00000003 V. twn> DG_IMAGE/DAT_IMAGEMEMXFER/MSG_GET
000601 201254271083 S6 T00000003 V. twn> TWCP_NONE,5100,1700,12,0,1284,61200,9,65536,580291936
000602 201254272086 S6 T00000003 V. twn> TWCP_NONE,5100,1700,12,0,1296,61200,9,65536,580291936
000603 201254272086 S6 T00000003 V. twn> SUCCESS
000604 201254276097 S6 T00000003 V. 
000605 201254276097 S6 T00000003 V. twn> DG_IMAGE/DAT_IMAGEMEMXFER/MSG_GET
000606 201254277100 S6 T00000003 V. twn> TWCP_NONE,5100,1700,12,0,1296,61200,9,65536,580291936
000607 201254278103 S6 T00000003 V. twn> TWCP_NONE,5100,1700,12,0,1308,61200,9,65536,580291936
000608 201254278103 S6 T00000003 V. twn> SUCCESS
000609 201254282114 S6 T00000003 V. 
000610 201254283116 S6 T00000003 V. twn> DG_IMAGE/DAT_IMAGEMEMXFER/MSG_GET
000611 201254283116 S6 T00000003 V. twn> TWCP_NONE,5100,1700,12,0,1308,61200,9,65536,580291936
000612 201254284119 S6 T00000003 V. twn> TWCP_NONE,5100,1700,12,0,1320,61200,9,65536,580291936
000613 201254284119 S6 T00000003 V. twn> SUCCESS
000614 201254288130 S6 T00000003 V. 
000615 201254288130 S6 T00000003 V. twn> DG_IMAGE/DAT_IMAGEMEMXFER/MSG_GET
000616 201254288130 S6 T00000003 V. twn> TWCP_NONE,5100,1700,12,0,1320,61200,9,65536,580291936
000617 201254289132 S6 T00000003 V. twn> TWCP_NONE,5100,1700,12,0,1332,61200,9,65536,580291936
000618 201254289132 S6 T00000003 V. twn> SUCCESS
000619 201254292142 S6 T00000003 V. 
000620 201254293143 S6 T00000003 V. twn> DG_IMAGE/DAT_IMAGEMEMXFER/MSG_GET
000621 201254293143 S6 T00000003 V. twn> TWCP_NONE,5100,1700,12,0,1332,61200,9,65536,580291936
000622 201254293143 S6 T00000003 V. twn> TWCP_NONE,5100,1700,12,0,1344,61200,9,65536,580291936
000623 201254294149 S6 T00000003 V. twn> SUCCESS
000624 201254298157 S6 T00000003 V. 
000625 201254298157 S6 T00000003 V. twn> DG_IMAGE/DAT_IMAGEMEMXFER/MSG_GET
000626 201254298157 S6 T00000003 V. twn> TWCP_NONE,5100,1700,12,0,1344,61200,9,65536,580291936
000627 201254299159 S6 T00000003 V. twn> TWCP_NONE,5100,1700,12,0,1356,61200,9,65536,580291936
000628 201254299159 S6 T00000003 V. twn> SUCCESS
000629 201254302167 S6 T00000003 V. 
000630 201254303169 S6 T00000003 V. twn> DG_IMAGE/DAT_IMAGEMEMXFER/MSG_GET
000631 201254303169 S6 T00000003 V. twn> TWCP_NONE,5100,1700,12,0,1356,61200,9,65536,580291936
000632 201254304172 S6 T00000003 V. twn> TWCP_NONE,5100,1700,12,0,1368,61200,9,65536,580291936
000633 201254307685 S6 T00000003 V. twn> SUCCESS
000634 201254317211 S6 T00000003 V. 
000635 201254317712 S6 T00000003 V. twn> DG_IMAGE/DAT_IMAGEMEMXFER/MSG_GET
000636 201254318716 S6 T00000003 V. twn> TWCP_NONE,5100,1700,12,0,1368,61200,9,65536,580291936
000637 201254320219 S6 T00000003 V. twn> TWCP_NONE,5100,1700,12,0,1380,61200,9,65536,580291936
000638 201254320721 S6 T00000003 V. twn> SUCCESS
000639 201254323732 S6 T00000003 V. 
000640 201254323732 S6 T00000003 V. twn> DG_IMAGE/DAT_IMAGEMEMXFER/MSG_GET
000641 201254324733 S6 T00000003 V. twn> TWCP_NONE,5100,1700,12,0,1380,61200,9,65536,580291936
000642 201254324733 S6 T00000003 V. twn> TWCP_NONE,5100,1700,12,0,1392,61200,9,65536,580291936
000643 201254324733 S6 T00000003 V. twn> SUCCESS
000644 201254328748 S6 T00000003 V. 
000645 201254328748 S6 T00000003 V. twn> DG_IMAGE/DAT_IMAGEMEMXFER/MSG_GET
000646 201254329747 S6 T00000003 V. twn> TWCP_NONE,5100,1700,12,0,1392,61200,9,65536,580291936
000647 201254329747 S6 T00000003 V. twn> TWCP_NONE,5100,1700,12,0,1404,61200,9,65536,580291936
000648 201254330750 S6 T00000003 V. twn> SUCCESS
000649 201254335764 S6 T00000003 V. 
000650 201254355838 S6 T00000003 V. twn> DG_IMAGE/DAT_IMAGEMEMXFER/MSG_GET
000651 201254381909 S6 T00000003 V. twn> TWCP_NONE,5100,1700,12,0,1404,61200,9,65536,580291936
000652 201254381909 S6 T00000003 V. twn> TWCP_NONE,5100,1700,12,0,1416,61200,9,65536,580291936
000653 201254382911 S6 T00000003 V. twn> SUCCESS
000654 201254385919 S6 T00000003 V. 
000655 201254385919 S6 T00000003 V. twn> DG_IMAGE/DAT_IMAGEMEMXFER/MSG_GET
000656 201254386921 S6 T00000003 V. twn> TWCP_NONE,5100,1700,12,0,1416,61200,9,65536,580291936
000657 201254386921 S6 T00000003 V. twn> TWCP_NONE,5100,1700,12,0,1428,61200,9,65536,580291936
000658 201254387925 S6 T00000003 V. twn> SUCCESS
000659 201254390932 S6 T00000003 V. 
000660 201254390932 S6 T00000003 V. twn> DG_IMAGE/DAT_IMAGEMEMXFER/MSG_GET
000661 201254391934 S6 T00000003 V. twn> TWCP_NONE,5100,1700,12,0,1428,61200,9,65536,580291936
000662 201254391934 S6 T00000003 V. twn> TWCP_NONE,5100,1700,12,0,1440,61200,9,65536,580291936
000663 201254392938 S6 T00000003 V. twn> SUCCESS
000664 201254395947 S6 T00000003 V. 
000665 201254395947 S6 T00000003 V. twn> DG_IMAGE/DAT_IMAGEMEMXFER/MSG_GET
000666 201254396948 S6 T00000003 V. twn> TWCP_NONE,5100,1700,12,0,1440,61200,9,65536,580291936
000667 201254397951 S6 T00000003 V. twn> TWCP_NONE,5100,1700,12,0,1452,61200,9,65536,580291936
000668 201254397951 S6 T00000003 V. twn> SUCCESS
000669 201254402997 S6 T00000003 V. 
000670 201254403966 S6 T00000003 V. twn> DG_IMAGE/DAT_IMAGEMEMXFER/MSG_GET
000671 201254403966 S6 T00000003 V. twn> TWCP_NONE,5100,1700,12,0,1452,61200,9,65536,580291936
000672 201254404970 S6 T00000003 V. twn> TWCP_NONE,5100,1700,12,0,1464,61200,9,65536,580291936
000673 201254404970 S6 T00000003 V. twn> SUCCESS
000674 201254410518 S6 T00000003 V. 
000675 201254431402 S6 T00000003 V. twn> DG_IMAGE/DAT_IMAGEMEMXFER/MSG_GET
000676 201254431402 S6 T00000003 V. twn> TWCP_NONE,5100,1700,12,0,1464,61200,9,65536,580291936
000677 201254432361 S6 T00000003 V. twn> TWCP_NONE,5100,1700,12,0,1476,61200,9,65536,580291936
000678 201254433379 S6 T00000003 V. twn> SUCCESS
000679 201254436371 S6 T00000003 V. 
000680 201254437375 S6 T00000003 V. twn> DG_IMAGE/DAT_IMAGEMEMXFER/MSG_GET
000681 201254437375 S6 T00000003 V. twn> TWCP_NONE,5100,1700,12,0,1476,61200,9,65536,580291936
000682 201254438376 S6 T00000003 V. twn> TWCP_NONE,5100,1700,12,0,1488,61200,9,65536,580291936
000683 201254439380 S6 T00000003 V. twn> SUCCESS
000684 201254442390 S6 T00000003 V. 
000685 201254443400 S6 T00000003 V. twn> DG_IMAGE/DAT_IMAGEMEMXFER/MSG_GET
000686 201254443400 S6 T00000003 V. twn> TWCP_NONE,5100,1700,12,0,1488,61200,9,65536,580291936
000687 201254444392 S6 T00000003 V. twn> TWCP_NONE,5100,1700,12,0,1500,61200,9,65536,580291936
000688 201254445395 S6 T00000003 V. twn> SUCCESS
000689 201254449435 S6 T00000003 V. 
000690 201254450408 S6 T00000003 V. twn> DG_IMAGE/DAT_IMAGEMEMXFER/MSG_GET
000691 201254451410 S6 T00000003 V. twn> TWCP_NONE,5100,1700,12,0,1500,61200,9,65536,580291936
000692 201254451410 S6 T00000003 V. twn> TWCP_NONE,5100,1700,12,0,1512,61200,9,65536,580291936
000693 201254451410 S6 T00000003 V. twn> SUCCESS
000694 201254455451 S6 T00000003 V. 
000695 201254456425 S6 T00000003 V. twn> DG_IMAGE/DAT_IMAGEMEMXFER/MSG_GET
000696 201254456425 S6 T00000003 V. twn> TWCP_NONE,5100,1700,12,0,1512,61200,9,65536,580291936
000697 201254457428 S6 T00000003 V. twn> TWCP_NONE,5100,1700,12,0,1524,61200,9,65536,580291936
000698 201254458437 S6 T00000003 V. twn> SUCCESS
000699 201254462470 S6 T00000003 V. 
000700 201254463456 S6 T00000003 V. twn> DG_IMAGE/DAT_IMAGEMEMXFER/MSG_GET
000701 201254463456 S6 T00000003 V. twn> TWCP_NONE,5100,1700,12,0,1524,61200,9,65536,580291936
000702 201254464445 S6 T00000003 V. twn> TWCP_NONE,5100,1700,12,0,1536,61200,9,65536,580291936
000703 201254465450 S6 T00000003 V. twn> SUCCESS
000704 201254468455 S6 T00000003 V. 
000705 201254469463 S6 T00000003 V. twn> DG_IMAGE/DAT_IMAGEMEMXFER/MSG_GET
000706 201254470462 S6 T00000003 V. twn> TWCP_NONE,5100,1700,12,0,1536,61200,9,65536,580291936
000707 201254470462 S6 T00000003 V. twn> TWCP_NONE,5100,1700,12,0,1548,61200,9,65536,580291936
000708 201254471464 S6 T00000003 V. twn> SUCCESS
000709 201254475475 S6 T00000003 V. 
000710 201254475475 S6 T00000003 V. twn> DG_IMAGE/DAT_IMAGEMEMXFER/MSG_GET
000711 201254476478 S6 T00000003 V. twn> TWCP_NONE,5100,1700,12,0,1548,61200,9,65536,580291936
000712 201254476478 S6 T00000003 V. twn> TWCP_NONE,5100,1700,12,0,1560,61200,9,65536,580291936
000713 201254477480 S6 T00000003 V. twn> SUCCESS
000714 201254481492 S6 T00000003 V. 
000715 201254482494 S6 T00000003 V. twn> DG_IMAGE/DAT_IMAGEMEMXFER/MSG_GET
000716 201254482494 S6 T00000003 V. twn> TWCP_NONE,5100,1700,12,0,1560,61200,9,65536,580291936
000717 201254483496 S6 T00000003 V. twn> TWCP_NONE,5100,1700,12,0,1572,61200,9,65536,580291936
000718 201254483496 S6 T00000003 V. twn> SUCCESS
000719 201254487537 S6 T00000003 V. 
000720 201254488515 S6 T00000003 V. twn> DG_IMAGE/DAT_IMAGEMEMXFER/MSG_GET
000721 201254488515 S6 T00000003 V. twn> TWCP_NONE,5100,1700,12,0,1572,61200,9,65536,580291936
000722 201254489512 S6 T00000003 V. twn> TWCP_NONE,5100,1700,12,0,1584,61200,9,65536,580291936
000723 201254490524 S6 T00000003 V. twn> SUCCESS
000724 201254493524 S6 T00000003 V. 
000725 201254494527 S6 T00000003 V. twn> DG_IMAGE/DAT_IMAGEMEMXFER/MSG_GET
000726 201254495529 S6 T00000003 V. twn> TWCP_NONE,5100,1700,12,0,1584,61200,9,65536,580291936
000727 201254496531 S6 T00000003 V. twn> TWCP_NONE,5100,1700,12,0,1596,61200,9,65536,580291936
000728 201254496531 S6 T00000003 V. twn> SUCCESS
000729 201254500543 S6 T00000003 V. 
000730 201254501544 S6 T00000003 V. twn> DG_IMAGE/DAT_IMAGEMEMXFER/MSG_GET
000731 201254501544 S6 T00000003 V. twn> TWCP_NONE,5100,1700,12,0,1596,61200,9,65536,580291936
000732 201254502547 S6 T00000003 V. twn> TWCP_NONE,5100,1700,12,0,1608,61200,9,65536,580291936
000733 201254502547 S6 T00000003 V. twn> SUCCESS
000734 201254512577 S6 T00000003 V. 
000735 201254513079 S6 T00000003 V. twn> DG_IMAGE/DAT_IMAGEMEMXFER/MSG_GET
000736 201254513581 S6 T00000003 V. twn> TWCP_NONE,5100,1700,12,0,1608,61200,9,65536,580291936
000737 201254514080 S6 T00000003 V. twn> TWCP_NONE,5100,1700,12,0,1620,61200,9,65536,580291936
000738 201254514582 S6 T00000003 V. twn> SUCCESS
000739 201254520598 S6 T00000003 V. 
000740 201254521600 S6 T00000003 V. twn> DG_IMAGE/DAT_IMAGEMEMXFER/MSG_GET
000741 201254522102 S6 T00000003 V. twn> TWCP_NONE,5100,1700,12,0,1620,61200,9,65536,580291936
000742 201254522604 S6 T00000003 V. twn> TWCP_NONE,5100,1700,12,0,1632,61200,9,65536,580291936
000743 201254523627 S6 T00000003 V. twn> SUCCESS
000744 201254528642 S6 T00000003 V. 
000745 201254530646 S6 T00000003 V. twn> DG_IMAGE/DAT_IMAGEMEMXFER/MSG_GET
000746 201254531648 S6 T00000003 V. twn> TWCP_NONE,5100,1700,12,0,1632,61200,9,65536,580291936
000747 201254532651 S6 T00000003 V. twn> TWCP_NONE,5100,1700,12,0,1644,61200,9,65536,580291936
000748 201254532651 S6 T00000003 V. twn> SUCCESS
000749 201254536664 S6 T00000003 V. 
000750 201254537664 S6 T00000003 V. twn> DG_IMAGE/DAT_IMAGEMEMXFER/MSG_GET
000751 201254537664 S6 T00000003 V. twn> TWCP_NONE,5100,1700,12,0,1644,61200,9,65536,580291936
000752 201254539669 S6 T00000003 V. twn> TWCP_NONE,5100,1700,12,0,1656,61200,9,65536,580291936
000753 201254539669 S6 T00000003 V. twn> SUCCESS
000754 201254543679 S6 T00000003 V. 
000755 201254543679 S6 T00000003 V. twn> DG_IMAGE/DAT_IMAGEMEMXFER/MSG_GET
000756 201254543679 S6 T00000003 V. twn> TWCP_NONE,5100,1700,12,0,1656,61200,9,65536,580291936
000757 201254545685 S6 T00000003 V. twn> TWCP_NONE,5100,1700,12,0,1668,61200,9,65536,580291936
000758 201254545685 S6 T00000003 V. twn> SUCCESS
000759 201254549729 S6 T00000003 V. 
000760 201254550698 S6 T00000003 V. twn> DG_IMAGE/DAT_IMAGEMEMXFER/MSG_GET
000761 201254550698 S6 T00000003 V. twn> TWCP_NONE,5100,1700,12,0,1668,61200,9,65536,580291936
000762 201254551701 S6 T00000003 V. twn> TWCP_NONE,5100,1700,12,0,1680,61200,9,65536,580291936
000763 201254551701 S6 T00000003 V. twn> SUCCESS
000764 201254555748 S6 T00000003 V. 
000765 201254555748 S6 T00000003 V. twn> DG_IMAGE/DAT_IMAGEMEMXFER/MSG_GET
000766 201254556713 S6 T00000003 V. twn> TWCP_NONE,5100,1700,12,0,1680,61200,9,65536,580291936
000767 201254556713 S6 T00000003 V. twn> TWCP_NONE,5100,1700,12,0,1692,61200,9,65536,580291936
000768 201254557717 S6 T00000003 V. twn> SUCCESS
000769 201254561728 S6 T00000003 V. 
000770 201254562732 S6 T00000003 V. twn> DG_IMAGE/DAT_IMAGEMEMXFER/MSG_GET
000771 201254562732 S6 T00000003 V. twn> TWCP_NONE,5100,1700,12,0,1692,61200,9,65536,580291936
000772 201254563733 S6 T00000003 V. twn> TWCP_NONE,5100,1700,12,0,1704,61200,9,65536,580291936
000773 201254563733 S6 T00000003 V. twn> SUCCESS
000774 201254567746 S6 T00000003 V. 
000775 201254567746 S6 T00000003 V. twn> DG_IMAGE/DAT_IMAGEMEMXFER/MSG_GET
000776 201254567746 S6 T00000003 V. twn> TWCP_NONE,5100,1700,12,0,1704,61200,9,65536,580291936
000777 201254568746 S6 T00000003 V. twn> TWCP_NONE,5100,1700,12,0,1716,61200,9,65536,580291936
000778 201254568746 S6 T00000003 V. twn> SUCCESS
000779 201254572759 S6 T00000003 V. 
000780 201254572759 S6 T00000003 V. twn> DG_IMAGE/DAT_IMAGEMEMXFER/MSG_GET
000781 201254573759 S6 T00000003 V. twn> TWCP_NONE,5100,1700,12,0,1716,61200,9,65536,580291936
000782 201254573759 S6 T00000003 V. twn> TWCP_NONE,5100,1700,12,0,1728,61200,9,65536,580291936
000783 201254574762 S6 T00000003 V. twn> SUCCESS
000784 201254578774 S6 T00000003 V. 
000785 201254578774 S6 T00000003 V. twn> DG_IMAGE/DAT_IMAGEMEMXFER/MSG_GET
000786 201254579776 S6 T00000003 V. twn> TWCP_NONE,5100,1700,12,0,1728,61200,9,65536,580291936
000787 201254579776 S6 T00000003 V. twn> TWCP_NONE,5100,1700,12,0,1740,61200,9,65536,580291936
000788 201254580780 S6 T00000003 V. twn> SUCCESS
000789 201254583790 S6 T00000003 V. 
000790 201254584789 S6 T00000003 V. twn> DG_IMAGE/DAT_IMAGEMEMXFER/MSG_GET
000791 201254584789 S6 T00000003 V. twn> TWCP_NONE,5100,1700,12,0,1740,61200,9,65536,580291936
000792 201254585791 S6 T00000003 V. twn> TWCP_NONE,5100,1700,12,0,1752,61200,9,65536,580291936
000793 201254585791 S6 T00000003 V. twn> SUCCESS
000794 201254589803 S6 T00000003 V. 
000795 201254590806 S6 T00000003 V. twn> DG_IMAGE/DAT_IMAGEMEMXFER/MSG_GET
000796 201254590806 S6 T00000003 V. twn> TWCP_NONE,5100,1700,12,0,1752,61200,9,65536,580291936
000797 201254590806 S6 T00000003 V. twn> TWCP_NONE,5100,1700,12,0,1764,61200,9,65536,580291936
000798 201254591820 S6 T00000003 V. twn> SUCCESS
000799 201254599830 S6 T00000003 V. 
000800 201254600831 S6 T00000003 V. twn> DG_IMAGE/DAT_IMAGEMEMXFER/MSG_GET
000801 201254600831 S6 T00000003 V. twn> TWCP_NONE,5100,1700,12,0,1764,61200,9,65536,580291936
000802 201254601834 S6 T00000003 V. twn> TWCP_NONE,5100,1700,12,0,1776,61200,9,65536,580291936
000803 201254601834 S6 T00000003 V. twn> SUCCESS
000804 201254605847 S6 T00000003 V. 
000805 201254606854 S6 T00000003 V. twn> DG_IMAGE/DAT_IMAGEMEMXFER/MSG_GET
000806 201254606854 S6 T00000003 V. twn> TWCP_NONE,5100,1700,12,0,1776,61200,9,65536,580291936
000807 201254607358 S6 T00000003 V. twn> TWCP_NONE,5100,1700,12,0,1788,61200,9,65536,580291936
000808 201254607859 S6 T00000003 V. twn> SUCCESS
000809 201254611872 S6 T00000003 V. 
000810 201254612372 S6 T00000003 V. twn> DG_IMAGE/DAT_IMAGEMEMXFER/MSG_GET
000811 201254612874 S6 T00000003 V. twn> TWCP_NONE,5100,1700,12,0,1788,61200,9,65536,580291936
000812 201254613374 S6 T00000003 V. twn> TWCP_NONE,5100,1700,12,0,1800,61200,9,65536,580291936
000813 201254613374 S6 T00000003 V. twn> SUCCESS
000814 201254621898 S6 T00000003 V. 
000815 201254622397 S6 T00000003 V. twn> DG_IMAGE/DAT_IMAGEMEMXFER/MSG_GET
000816 201254631425 S6 T00000003 V. twn> TWCP_NONE,5100,1700,12,0,1800,61200,9,65536,580291936
000817 201254632426 S6 T00000003 V. twn> TWCP_NONE,5100,1700,12,0,1812,61200,9,65536,580291936
000818 201254632426 S6 T00000003 V. twn> SUCCESS
000819 201254637442 S6 T00000003 V. 
000820 201254637442 S6 T00000003 V. twn> DG_IMAGE/DAT_IMAGEMEMXFER/MSG_GET
000821 201254638443 S6 T00000003 V. twn> TWCP_NONE,5100,1700,12,0,1812,61200,9,65536,580291936
000822 201254638443 S6 T00000003 V. twn> TWCP_NONE,5100,1700,12,0,1824,61200,9,65536,580291936
000823 201254638443 S6 T00000003 V. twn> SUCCESS
000824 201254643457 S6 T00000003 V. 
000825 201254643457 S6 T00000003 V. twn> DG_IMAGE/DAT_IMAGEMEMXFER/MSG_GET
000826 201254644459 S6 T00000003 V. twn> TWCP_NONE,5100,1700,12,0,1824,61200,9,65536,580291936
000827 201254645464 S6 T00000003 V. twn> TWCP_NONE,5100,1700,12,0,1836,61200,9,65536,580291936
000828 201254646465 S6 T00000003 V. twn> SUCCESS
000829 201254650475 S6 T00000003 V. 
000830 201254650475 S6 T00000003 V. twn> DG_IMAGE/DAT_IMAGEMEMXFER/MSG_GET
000831 201254651478 S6 T00000003 V. twn> TWCP_NONE,5100,1700,12,0,1836,61200,9,65536,580291936
000832 201254651478 S6 T00000003 V. twn> TWCP_NONE,5100,1700,12,0,1848,61200,9,65536,580291936
000833 201254652487 S6 T00000003 V. twn> SUCCESS
000834 201254658501 S6 T00000003 V. 
000835 201254658501 S6 T00000003 V. twn> DG_IMAGE/DAT_IMAGEMEMXFER/MSG_GET
000836 201254659500 S6 T00000003 V. twn> TWCP_NONE,5100,1700,12,0,1848,61200,9,65536,580291936
000837 201254659500 S6 T00000003 V. twn> TWCP_NONE,5100,1700,12,0,1860,61200,9,65536,580291936
000838 201254660502 S6 T00000003 V. twn> SUCCESS
000839 201254666519 S6 T00000003 V. 
000840 201254686609 S6 T00000003 V. twn> DG_IMAGE/DAT_IMAGEMEMXFER/MSG_GET
000841 201254686609 S6 T00000003 V. twn> TWCP_NONE,5100,1700,12,0,1860,61200,9,65536,580291936
000842 201254687605 S6 T00000003 V. twn> TWCP_NONE,5100,1700,12,0,1872,61200,9,65536,580291936
000843 201254687605 S6 T00000003 V. twn> SUCCESS
000844 201254691619 S6 T00000003 V. 
000845 201254691619 S6 T00000003 V. twn> DG_IMAGE/DAT_IMAGEMEMXFER/MSG_GET
000846 201254692617 S6 T00000003 V. twn> TWCP_NONE,5100,1700,12,0,1872,61200,9,65536,580291936
000847 201254692617 S6 T00000003 V. twn> TWCP_NONE,5100,1700,12,0,1884,61200,9,65536,580291936
000848 201254693621 S6 T00000003 V. twn> SUCCESS
000849 201254697635 S6 T00000003 V. 
000850 201254697635 S6 T00000003 V. twn> DG_IMAGE/DAT_IMAGEMEMXFER/MSG_GET
000851 201254698633 S6 T00000003 V. twn> TWCP_NONE,5100,1700,12,0,1884,61200,9,65536,580291936
000852 201254698633 S6 T00000003 V. twn> TWCP_NONE,5100,1700,12,0,1896,61200,9,65536,580291936
000853 201254699637 S6 T00000003 V. twn> SUCCESS
000854 201254703647 S6 T00000003 V. 
000855 201254703647 S6 T00000003 V. twn> DG_IMAGE/DAT_IMAGEMEMXFER/MSG_GET
000856 201254704665 S6 T00000003 V. twn> TWCP_NONE,5100,1700,12,0,1896,61200,9,65536,580291936
000857 201254704665 S6 T00000003 V. twn> TWCP_NONE,5100,1700,12,0,1908,61200,9,65536,580291936
000858 201254705652 S6 T00000003 V. twn> SUCCESS
000859 201254710168 S6 T00000003 V. 
000860 201254710670 S6 T00000003 V. twn> DG_IMAGE/DAT_IMAGEMEMXFER/MSG_GET
000861 201254711171 S6 T00000003 V. twn> TWCP_NONE,5100,1700,12,0,1908,61200,9,65536,580291936
000862 201254712675 S6 T00000003 V. twn> TWCP_NONE,5100,1700,12,0,1920,61200,9,65536,580291936
000863 201254712675 S6 T00000003 V. twn> SUCCESS
000864 201254718189 S6 T00000003 V. 
000865 201254718691 S6 T00000003 V. twn> DG_IMAGE/DAT_IMAGEMEMXFER/MSG_GET
000866 201254719193 S6 T00000003 V. twn> TWCP_NONE,5100,1700,12,0,1920,61200,9,65536,580291936
000867 201254720195 S6 T00000003 V. twn> TWCP_NONE,5100,1700,12,0,1932,61200,9,65536,580291936
000868 201254720696 S6 T00000003 V. twn> SUCCESS
000869 201254725268 S6 T00000003 V. 
000870 201254726272 S6 T00000003 V. twn> DG_IMAGE/DAT_IMAGEMEMXFER/MSG_GET
000871 201254726272 S6 T00000003 V. twn> TWCP_NONE,5100,1700,12,0,1932,61200,9,65536,580291936
000872 201254727273 S6 T00000003 V. twn> TWCP_NONE,5100,1700,12,0,1944,61200,9,65536,580291936
000873 201254728275 S6 T00000003 V. twn> SUCCESS
000874 201254733319 S6 T00000003 V. 
000875 201254734290 S6 T00000003 V. twn> DG_IMAGE/DAT_IMAGEMEMXFER/MSG_GET
000876 201254734290 S6 T00000003 V. twn> TWCP_NONE,5100,1700,12,0,1944,61200,9,65536,580291936
000877 201254736297 S6 T00000003 V. twn> TWCP_NONE,5100,1700,12,0,1956,61200,9,65536,580291936
000878 201254736297 S6 T00000003 V. twn> SUCCESS
000879 201254741343 S6 T00000003 V. 
000880 201254742313 S6 T00000003 V. twn> DG_IMAGE/DAT_IMAGEMEMXFER/MSG_GET
000881 201254742313 S6 T00000003 V. twn> TWCP_NONE,5100,1700,12,0,1956,61200,9,65536,580291936
000882 201254743315 S6 T00000003 V. twn> TWCP_NONE,5100,1700,12,0,1968,61200,9,65536,580291936
000883 201254744328 S6 T00000003 V. twn> SUCCESS
000884 201254750337 S6 T00000003 V. 
000885 201254750337 S6 T00000003 V. twn> DG_IMAGE/DAT_IMAGEMEMXFER/MSG_GET
000886 201254751337 S6 T00000003 V. twn> TWCP_NONE,5100,1700,12,0,1968,61200,9,65536,580291936
000887 201254752340 S6 T00000003 V. twn> TWCP_NONE,5100,1700,12,0,1980,61200,9,65536,580291936
000888 201254753342 S6 T00000003 V. twn> SUCCESS
000889 201254758357 S6 T00000003 V. 
000890 201254759358 S6 T00000003 V. twn> DG_IMAGE/DAT_IMAGEMEMXFER/MSG_GET
000891 201254759358 S6 T00000003 V. twn> TWCP_NONE,5100,1700,12,0,1980,61200,9,65536,580291936
000892 201254760361 S6 T00000003 V. twn> TWCP_NONE,5100,1700,12,0,1992,61200,9,65536,580291936
000893 201254760361 S6 T00000003 V. twn> SUCCESS
000894 201254765375 S6 T00000003 V. 
000895 201254766377 S6 T00000003 V. twn> DG_IMAGE/DAT_IMAGEMEMXFER/MSG_GET
000896 201254766377 S6 T00000003 V. twn> TWCP_NONE,5100,1700,12,0,1992,61200,9,65536,580291936
000897 201254766377 S6 T00000003 V. twn> TWCP_NONE,5100,1700,12,0,2004,61200,9,65536,580291936
000898 201254767379 S6 T00000003 V. twn> SUCCESS
000899 201254789439 S6 T00000003 V. 
000900 201254789439 S6 T00000003 V. twn> DG_IMAGE/DAT_IMAGEMEMXFER/MSG_GET
000901 201254790440 S6 T00000003 V. twn> TWCP_NONE,5100,1700,12,0,2004,61200,9,65536,580291936
000902 201254790440 S6 T00000003 V. twn> TWCP_NONE,5100,1700,12,0,2016,61200,9,65536,580291936
000903 201254791443 S6 T00000003 V. twn> SUCCESS
000904 201254796457 S6 T00000003 V. 
000905 201254817552 S6 T00000003 V. twn> DG_IMAGE/DAT_IMAGEMEMXFER/MSG_GET
000906 201254818044 S6 T00000003 V. twn> TWCP_NONE,5100,1700,12,0,2016,61200,9,65536,580291936
000907 201254818546 S6 T00000003 V. twn> TWCP_NONE,5100,1700,12,0,2028,61200,9,65536,580291936
000908 201254819047 S6 T00000003 V. twn> SUCCESS
000909 201254823559 S6 T00000003 V. 
000910 201254823559 S6 T00000003 V. twn> DG_IMAGE/DAT_IMAGEMEMXFER/MSG_GET
000911 201254823559 S6 T00000003 V. twn> TWCP_NONE,5100,1700,12,0,2028,61200,9,65536,580291936
000912 201254824565 S6 T00000003 V. twn> TWCP_NONE,5100,1700,12,0,2040,61200,9,65536,580291936
000913 201254824565 S6 T00000003 V. twn> SUCCESS
000914 201254829578 S6 T00000003 V. 
000915 201254830581 S6 T00000003 V. twn> DG_IMAGE/DAT_IMAGEMEMXFER/MSG_GET
000916 201254830581 S6 T00000003 V. twn> TWCP_NONE,5100,1700,12,0,2040,61200,9,65536,580291936
000917 201254831583 S6 T00000003 V. twn> TWCP_NONE,5100,1700,12,0,2052,61200,9,65536,580291936
000918 201254831583 S6 T00000003 V. twn> SUCCESS
000919 201254836597 S6 T00000003 V. 
000920 201254837599 S6 T00000003 V. twn> DG_IMAGE/DAT_IMAGEMEMXFER/MSG_GET
000921 201254837599 S6 T00000003 V. twn> TWCP_NONE,5100,1700,12,0,2052,61200,9,65536,580291936
000922 201254837599 S6 T00000003 V. twn> TWCP_NONE,5100,1700,12,0,2064,61200,9,65536,580291936
000923 201254838602 S6 T00000003 V. twn> SUCCESS
000924 201254842613 S6 T00000003 V. 
000925 201254843617 S6 T00000003 V. twn> DG_IMAG