000000 201413687129 S0 T00000001 V. ts:2018/01/15 20:14:13.691641 os:windows
000001 201413693145 S0 T00000001 V. TWAINCSScan v2.4.0.0
000002 201413750799 S0 T00000003 V. main>>> thread started...
000003 201413766841 S0 T00000003 V. 
000004 201413768346 S0 T00000003 V. twn> DG_CONTROL/DAT_PARENT/MSG_OPENDSM
000005 201413820986 S0 T00000003 V. twn> SUCCESS
000006 201419185353 S3 T00000003 V. 
000007 201419186358 S3 T00000003 V. twn> DG_CONTROL/DAT_IDENTITY/MSG_GETFIRST
000008 201419193407 S3 T00000003 V. twn> 1,2,1,ENG,USA,2.1.3 sample release 64bit,2,1,0x40000003,TWAIN Working Group,Software Scan,TWAIN2 FreeImage Software Scanner
000009 201419194379 S3 T00000003 V. twn> SUCCESS
000010 201419195381 S3 T00000003 V. 
000011 201419195381 S3 T00000003 V. twn> DG_CONTROL/DAT_IDENTITY/MSG_GETNEXT
000012 201419196384 S3 T00000003 V. twn> 0,0,0,DAN,0,,0,0,0x0,,,
000013 201419196384 S3 T00000003 V. twn> ENDOFLIST
000014 201419197387 S3 T00000003 V. 
000015 201419197387 S3 T00000003 V. twn> DG_CONTROL/DAT_IDENTITY/MSG_GETDEFAULT
000016 201419198389 S3 T00000003 V. twn> 1,2,1,ENG,USA,2.1.3 sample release 64bit,2,1,0x40000003,TWAIN Working Group,Software Scan,TWAIN2 FreeImage Software Scanner
000017 201419199391 S3 T00000003 V. twn> SUCCESS
000018 201420948527 S3 T00000003 V. 
000019 201420949501 S3 T00000003 V. twn> DG_CONTROL/DAT_IDENTITY/MSG_SET
000020 201420950502 S3 T00000003 V. twn> 1,2,1,ENG,USA,2.1.3 sample release 64bit,2,1,0x40000003,TWAIN Working Group,Software Scan,TWAIN2 FreeImage Software Scanner
000021 201420950502 S3 T00000003 V. twn> SUCCESS
000022 201420956520 S3 T00000003 V. 
000023 201420957533 S3 T00000003 V. twn> DG_CONTROL/DAT_ENTRYPOINT/MSG_GET
000024 201420958524 S3 T00000003 V. twn> 44,0x0,0x0,0x0,0x0,0x0
000025 201420960543 S3 T00000003 V. twn> 44,0x1800041B0,0x18000C1F0,0x18000C2B0,0x18000C310,0x18000C370
000026 201420961548 S3 T00000003 V. twn> SUCCESS
000027 201420962543 S3 T00000003 V. 
000028 201420963539 S3 T00000003 V. twn> DG_CONTROL/DAT_IDENTITY/MSG_OPENDS
000029 201420963539 S3 T00000003 V. twn> 1,2,1,ENG,USA,2.1.3 sample release 64bit,2,1,0x40000003,TWAIN Working Group,Software Scan,TWAIN2 FreeImage Software Scanner
000030 201420978579 S3 T00000003 V. twn> 1,2,1,ENG,USA,2.1.3 sample release 64bit,2,1,0x40000003,TWAIN Working Group,Software Scan,TWAIN2 FreeImage Software Scanner
000031 201420979580 S3 T00000003 V. twn> SUCCESS
000032 201420980582 S4 T00000003 V. 
000033 201420981588 S4 T00000003 V. twn> DG_CONTROL/DAT_CALLBACK/MSG_OPENDS
000034 201420982587 S4 T00000003 V. twn> 504117084,0,0
000035 201420983590 S4 T00000003 V. twn> SUCCESS
000036 201421012667 S4 T00000003 V. 
000037 201421013670 S4 T00000003 V. twn> DG_CONTROL/DAT_CAPABILITY/MSG_SET
000038 201421014674 S4 T00000003 V. twn> ICAP_XFERMECH,TWON_ONEVALUE,TWTY_UINT16,2
000039 201421015676 S4 T00000003 V. twn> ICAP_XFERMECH,TWON_ONEVALUE,TWTY_UINT16,2
000040 201421016678 S4 T00000003 V. twn> SUCCESS
000041 201421018683 S4 T00000003 V. 
000042 201421018683 S4 T00000003 V. twn> DG_CONTROL/DAT_CAPABILITY/MSG_SET
000043 201421019686 S4 T00000003 V. twn> CAP_INDICATORS,TWON_ONEVALUE,TWTY_BOOL,0
000044 201421020689 S4 T00000003 V. twn> CAP_INDICATORS,TWON_ONEVALUE,TWTY_BOOL,0
000045 201421020689 S4 T00000003 V. twn> SUCCESS
000046 201422398425 S4 T00000001 V. 
000047 201422399427 S4 T00000001 V. twn> DG_CONTROL/DAT_USERINTERFACE/MSG_ENABLEDS
000048 201422400429 S4 T00000001 V. twn> 0,0
000049 201422690819 S4 T00000001 V. twn> SUCCESS
000050 201422752991 S6 T00000003 V. 
000051 201422753993 S6 T00000003 V. twn> DG_CONTROL/DAT_CAPABILITY/MSG_GETCURRENT
000052 201422753993 S6 T00000003 V. twn> ICAP_XFERMECH,0,0
000053 201422754996 S6 T00000003 V. twn> ICAP_XFERMECH,TWON_ONEVALUE,TWTY_UINT16,2
000054 201422756000 S6 T00000003 V. twn> SUCCESS
000055 201422759008 S6 T00000003 V. 
000056 201422759008 S6 T00000003 V. twn> DG_CONTROL/DAT_SETUPMEMXFER/MSG_GET
000057 201422761015 S6 T00000003 V. twn> 5100,65536,65536
000058 201422762015 S6 T00000003 V. twn> SUCCESS
000059 201422767029 S6 T00000003 V. 
000060 201422768032 S6 T00000003 V. twn> DG_IMAGE/DAT_IMAGEMEMXFER/MSG_GET
000061 201422768032 S6 T00000003 V. twn> TWCP_NONE,0,0,0,0,0,0,9,65536,587422128
000062 201422776052 S6 T00000003 V. twn> TWCP_NONE,5100,1700,12,0,0,61200,9,65536,587422128
000063 201422777059 S6 T00000003 V. twn> SUCCESS
000064 201422777059 S6 T00000003 V. 
000065 201422777059 S6 T00000003 V. twn> DG_IMAGE/DAT_IMAGEMEMXFER/MSG_GET
000066 201422778058 S6 T00000003 V. twn> TWCP_NONE,5100,1700,12,0,0,61200,9,65536,587422128
000067 201422779061 S6 T00000003 V. twn> TWCP_NONE,5100,1700,12,0,12,61200,9,65536,587422128
000068 201422779061 S6 T00000003 V. twn> SUCCESS
000069 201422780063 S6 T00000003 V. 
000070 201422780063 S6 T00000003 V. twn> DG_IMAGE/DAT_IMAGEMEMXFER/MSG_GET
000071 201422781069 S6 T00000003 V. twn> TWCP_NONE,5100,1700,12,0,12,61200,9,65536,587422128
000072 201422782068 S6 T00000003 V. twn> TWCP_NONE,5100,1700,12,0,24,61200,9,65536,587422128
000073 201422782068 S6 T00000003 V. twn> SUCCESS
000074 201422783075 S6 T00000003 V. 
000075 201422784074 S6 T00000003 V. twn> DG_IMAGE/DAT_IMAGEMEMXFER/MSG_GET
000076 201422784074 S6 T00000003 V. twn> TWCP_NONE,5100,1700,12,0,24,61200,9,65536,587422128
000077 201422785077 S6 T00000003 V. twn> TWCP_NONE,5100,1700,12,0,36,61200,9,65536,587422128
000078 201422786079 S6 T00000003 V. twn> SUCCESS
000079 201422787082 S6 T00000003 V. 
000080 201422787082 S6 T00000003 V. twn> DG_IMAGE/DAT_IMAGEMEMXFER/MSG_GET
000081 201422788085 S6 T00000003 V. twn> TWCP_NONE,5100,1700,12,0,36,61200,9,65536,587422128
000082 201422789087 S6 T00000003 V. twn> TWCP_NONE,5100,1700,12,0,48,61200,9,65536,587422128
000083 201422789087 S6 T00000003 V. twn> SUCCESS
000084 201422790091 S6 T00000003 V. 
000085 201422791093 S6 T00000003 V. twn> DG_IMAGE/DAT_IMAGEMEMXFER/MSG_GET
000086 201422791093 S6 T00000003 V. twn> TWCP_NONE,5100,1700,12,0,48,61200,9,65536,587422128
000087 201422792096 S6 T00000003 V. twn> TWCP_NONE,5100,1700,12,0,60,61200,9,65536,587422128
000088 201422793103 S6 T00000003 V. twn> SUCCESS
000089 201422794100 S6 T00000003 V. 
000090 201422795103 S6 T00000003 V. twn> DG_IMAGE/DAT_IMAGEMEMXFER/MSG_GET
000091 201422795103 S6 T00000003 V. twn> TWCP_NONE,5100,1700,12,0,60,61200,9,65536,587422128
000092 201422796106 S6 T00000003 V. twn> TWCP_NONE,5100,1700,12,0,72,61200,9,65536,587422128
000093 201422797125 S6 T00000003 V. twn> SUCCESS
000094 201422798112 S6 T00000003 V. 
000095 201422799114 S6 T00000003 V. twn> DG_IMAGE/DAT_IMAGEMEMXFER/MSG_GET
000096 201422799114 S6 T00000003 V. twn> TWCP_NONE,5100,1700,12,0,72,61200,9,65536,587422128
000097 201422800117 S6 T00000003 V. twn> TWCP_NONE,5100,1700,12,0,84,61200,9,65536,587422128
000098 201422801119 S6 T00000003 V. twn> SUCCESS
000099 201422802123 S6 T00000003 V. 
000100 201422803141 S6 T00000003 V. twn> DG_IMAGE/DAT_IMAGEMEMXFER/MSG_GET
000101 201422803141 S6 T00000003 V. twn> TWCP_NONE,5100,1700,12,0,84,61200,9,65536,587422128
000102 201422804128 S6 T00000003 V. twn> TWCP_NONE,5100,1700,12,0,96,61200,9,65536,587422128
000103 201422805130 S6 T00000003 V. twn> SUCCESS
000104 201422806133 S6 T00000003 V. 
000105 201422806133 S6 T00000003 V. twn> DG_IMAGE/DAT_IMAGEMEMXFER/MSG_GET
000106 201422807136 S6 T00000003 V. twn> TWCP_NONE,5100,1700,12,0,96,61200,9,65536,587422128
000107 201422808138 S6 T00000003 V. twn> TWCP_NONE,5100,1700,12,0,108,61200,9,65536,587422128
000108 201422809158 S6 T00000003 V. twn> SUCCESS
000109 201422810145 S6 T00000003 V. 
000110 201422810145 S6 T00000003 V. twn> DG_IMAGE/DAT_IMAGEMEMXFER/MSG_GET
000111 201422811146 S6 T00000003 V. twn> TWCP_NONE,5100,1700,12,0,108,61200,9,65536,587422128
000112 201422811146 S6 T00000003 V. twn> TWCP_NONE,5100,1700,12,0,120,61200,9,65536,587422128
000113 201422812148 S6 T00000003 V. twn> SUCCESS
000114 201422814154 S6 T00000003 V. 
000115 201422815156 S6 T00000003 V. twn> DG_IMAGE/DAT_IMAGEMEMXFER/MSG_GET
000116 201422815156 S6 T00000003 V. twn> TWCP_NONE,5100,1700,12,0,120,61200,9,65536,587422128
000117 201422816160 S6 T00000003 V. twn> TWCP_NONE,5100,1700,12,0,132,61200,9,65536,587422128
000118 201422817162 S6 T00000003 V. twn> SUCCESS
000119 201422817162 S6 T00000003 V. 
000120 201422818165 S6 T00000003 V. twn> DG_IMAGE/DAT_IMAGEMEMXFER/MSG_GET
000121 201422818165 S6 T00000003 V. twn> TWCP_NONE,5100,1700,12,0,132,61200,9,65536,587422128
000122 201422819167 S6 T00000003 V. twn> TWCP_NONE,5100,1700,12,0,144,61200,9,65536,587422128
000123 201422820170 S6 T00000003 V. twn> SUCCESS
000124 201422821175 S6 T00000003 V. 
000125 201422822175 S6 T00000003 V. twn> DG_IMAGE/DAT_IMAGEMEMXFER/MSG_GET
000126 201422822175 S6 T00000003 V. twn> TWCP_NONE,5100,1700,12,0,144,61200,9,65536,587422128
000127 201422823178 S6 T00000003 V. twn> TWCP_NONE,5100,1700,12,0,156,61200,9,65536,587422128
000128 201422824181 S6 T00000003 V. twn> SUCCESS
000129 201422825183 S6 T00000003 V. 
000130 201422826186 S6 T00000003 V. twn> DG_IMAGE/DAT_IMAGEMEMXFER/MSG_GET
000131 201422826186 S6 T00000003 V. twn> TWCP_NONE,5100,1700,12,0,156,61200,9,65536,587422128
000132 201422827189 S6 T00000003 V. twn> TWCP_NONE,5100,1700,12,0,168,61200,9,65536,587422128
000133 201422827189 S6 T00000003 V. twn> SUCCESS
000134 201422828191 S6 T00000003 V. 
000135 201422829196 S6 T00000003 V. twn> DG_IMAGE/DAT_IMAGEMEMXFER/MSG_GET
000136 201422829196 S6 T00000003 V. twn> TWCP_NONE,5100,1700,12,0,168,61200,9,65536,587422128
000137 201422830197 S6 T00000003 V. twn> TWCP_NONE,5100,1700,12,0,180,61200,9,65536,587422128
000138 201422831213 S6 T00000003 V. twn> SUCCESS
000139 201422833723 S6 T00000003 V. 
000140 201422834225 S6 T00000003 V. twn> DG_IMAGE/DAT_IMAGEMEMXFER/MSG_GET
000141 201422834726 S6 T00000003 V. twn> TWCP_NONE,5100,1700,12,0,180,61200,9,65536,587422128
000142 201422835729 S6 T00000003 V. twn> TWCP_NONE,5100,1700,12,0,192,61200,9,65536,587422128
000143 201422836230 S6 T00000003 V. twn> SUCCESS
000144 201422837735 S6 T00000003 V. 
000145 201422838236 S6 T00000003 V. twn> DG_IMAGE/DAT_IMAGEMEMXFER/MSG_GET
000146 201422838737 S6 T00000003 V. twn> TWCP_NONE,5100,1700,12,0,192,61200,9,65536,587422128
000147 201422839740 S6 T00000003 V. twn> TWCP_NONE,5100,1700,12,0,204,61200,9,65536,587422128
000148 201422840240 S6 T00000003 V. twn> SUCCESS
000149 201422841243 S6 T00000003 V. 
000150 201422841745 S6 T00000003 V. twn> DG_IMAGE/DAT_IMAGEMEMXFER/MSG_GET
000151 201422842246 S6 T00000003 V. twn> TWCP_NONE,5100,1700,12,0,204,61200,9,65536,587422128
000152 201422843751 S6 T00000003 V. twn> TWCP_NONE,5100,1700,12,0,216,61200,9,65536,587422128
000153 201422844251 S6 T00000003 V. twn> SUCCESS
000154 201422845255 S6 T00000003 V. 
000155 201422845755 S6 T00000003 V. twn> DG_IMAGE/DAT_IMAGEMEMXFER/MSG_GET
000156 201422846256 S6 T00000003 V. twn> TWCP_NONE,5100,1700,12,0,216,61200,9,65536,587422128
000157 201422846758 S6 T00000003 V. twn> TWCP_NONE,5100,1700,12,0,228,61200,9,65536,587422128
000158 201422848068 S6 T00000003 V. twn> SUCCESS
000159 201422850073 S6 T00000003 V. 
000160 201422850073 S6 T00000003 V. twn> DG_IMAGE/DAT_IMAGEMEMXFER/MSG_GET
000161 201422851076 S6 T00000003 V. twn> TWCP_NONE,5100,1700,12,0,228,61200,9,65536,587422128
000162 201422852078 S6 T00000003 V. twn> TWCP_NONE,5100,1700,12,0,240,61200,9,65536,587422128
000163 201422852078 S6 T00000003 V. twn> SUCCESS
000164 201422854085 S6 T00000003 V. 
000165 201422854085 S6 T00000003 V. twn> DG_IMAGE/DAT_IMAGEMEMXFER/MSG_GET
000166 201422855087 S6 T00000003 V. twn> TWCP_NONE,5100,1700,12,0,240,61200,9,65536,587422128
000167 201422856089 S6 T00000003 V. twn> TWCP_NONE,5100,1700,12,0,252,61200,9,65536,587422128
000168 201422856089 S6 T00000003 V. twn> SUCCESS
000169 201422858095 S6 T00000003 V. 
000170 201422858095 S6 T00000003 V. twn> DG_IMAGE/DAT_IMAGEMEMXFER/MSG_GET
000171 201422859097 S6 T00000003 V. twn> TWCP_NONE,5100,1700,12,0,252,61200,9,65536,587422128
000172 201422860099 S6 T00000003 V. twn> TWCP_NONE,5100,1700,12,0,264,61200,9,65536,587422128
000173 201422860099 S6 T00000003 V. twn> SUCCESS
000174 201422862106 S6 T00000003 V. 
000175 201422862106 S6 T00000003 V. twn> DG_IMAGE/DAT_IMAGEMEMXFER/MSG_GET
000176 201422863107 S6 T00000003 V. twn> TWCP_NONE,5100,1700,12,0,264,61200,9,65536,587422128
000177 201422864111 S6 T00000003 V. twn> TWCP_NONE,5100,1700,12,0,276,61200,9,65536,587422128
000178 201422864111 S6 T00000003 V. twn> SUCCESS
000179 201422866116 S6 T00000003 V. 
000180 201422867131 S6 T00000003 V. twn> DG_IMAGE/DAT_IMAGEMEMXFER/MSG_GET
000181 201422868120 S6 T00000003 V. twn> TWCP_NONE,5100,1700,12,0,276,61200,9,65536,587422128
000182 201422868120 S6 T00000003 V. twn> TWCP_NONE,5100,1700,12,0,288,61200,9,65536,587422128
000183 201422869140 S6 T00000003 V. twn> SUCCESS
000184 201422871131 S6 T00000003 V. 
000185 201422871131 S6 T00000003 V. twn> DG_IMAGE/DAT_IMAGEMEMXFER/MSG_GET
000186 201422872132 S6 T00000003 V. twn> TWCP_NONE,5100,1700,12,0,288,61200,9,65536,587422128
000187 201422873135 S6 T00000003 V. twn> TWCP_NONE,5100,1700,12,0,300,61200,9,65536,587422128
000188 201422873135 S6 T00000003 V. twn> SUCCESS
000189 201422874137 S6 T00000003 V. 
000190 201422875141 S6 T00000003 V. twn> DG_IMAGE/DAT_IMAGEMEMXFER/MSG_GET
000191 201422875141 S6 T00000003 V. twn> TWCP_NONE,5100,1700,12,0,300,61200,9,65536,587422128
000192 201422876142 S6 T00000003 V. twn> TWCP_NONE,5100,1700,12,0,312,61200,9,65536,587422128
000193 201422877145 S6 T00000003 V. twn> SUCCESS
000194 201422878148 S6 T00000003 V. 
000195 201422879151 S6 T00000003 V. twn> DG_IMAGE/DAT_IMAGEMEMXFER/MSG_GET
000196 201422879151 S6 T00000003 V. twn> TWCP_NONE,5100,1700,12,0,312,61200,9,65536,587422128
000197 201422880153 S6 T00000003 V. twn> TWCP_NONE,5100,1700,12,0,324,61200,9,65536,587422128
000198 201422881155 S6 T00000003 V. twn> SUCCESS
000199 201422883161 S6 T00000003 V. 
000200 201422884163 S6 T00000003 V. twn> DG_IMAGE/DAT_IMAGEMEMXFER/MSG_GET
000201 201422884163 S6 T00000003 V. twn> TWCP_NONE,5100,1700,12,0,324,61200,9,65536,587422128
000202 201422886169 S6 T00000003 V. twn> TWCP_NONE,5100,1700,12,0,336,61200,9,65536,587422128
000203 201422886169 S6 T00000003 V. twn> SUCCESS
000204 201422888175 S6 T00000003 V. 
000205 201422888175 S6 T00000003 V. twn> DG_IMAGE/DAT_IMAGEMEMXFER/MSG_GET
000206 201422889177 S6 T00000003 V. twn> TWCP_NONE,5100,1700,12,0,336,61200,9,65536,587422128
000207 201422890180 S6 T00000003 V. twn> TWCP_NONE,5100,1700,12,0,348,61200,9,65536,587422128
000208 201422890180 S6 T00000003 V. twn> SUCCESS
000209 201422892186 S6 T00000003 V. 
000210 201422893188 S6 T00000003 V. twn> DG_IMAGE/DAT_IMAGEMEMXFER/MSG_GET
000211 201422893188 S6 T00000003 V. twn> TWCP_NONE,5100,1700,12,0,348,61200,9,65536,587422128
000212 201422894190 S6 T00000003 V. twn> TWCP_NONE,5100,1700,12,0,360,61200,9,65536,587422128
000213 201422895193 S6 T00000003 V. twn> SUCCESS
000214 201422898201 S6 T00000003 V. 
000215 201422898201 S6 T00000003 V. twn> DG_IMAGE/DAT_IMAGEMEMXFER/MSG_GET
000216 201422899204 S6 T00000003 V. twn> TWCP_NONE,5100,1700,12,0,360,61200,9,65536,587422128
000217 201422900207 S6 T00000003 V. twn> TWCP_NONE,5100,1700,12,0,372,61200,9,65536,587422128
000218 201422900207 S6 T00000003 V. twn> SUCCESS
000219 201422902212 S6 T00000003 V. 
000220 201422903230 S6 T00000003 V. twn> DG_IMAGE/DAT_IMAGEMEMXFER/MSG_GET
000221 201422903230 S6 T00000003 V. twn> TWCP_NONE,5100,1700,12,0,372,61200,9,65536,587422128
000222 201422904217 S6 T00000003 V. twn> TWCP_NONE,5100,1700,12,0,384,61200,9,65536,587422128
000223 201422905220 S6 T00000003 V. twn> SUCCESS
000224 201422906222 S6 T00000003 V. 
000225 201422907226 S6 T00000003 V. twn> DG_IMAGE/DAT_IMAGEMEMXFER/MSG_GET
000226 201422908228 S6 T00000003 V. twn> TWCP_NONE,5100,1700,12,0,384,61200,9,65536,587422128
000227 201422909231 S6 T00000003 V. twn> TWCP_NONE,5100,1700,12,0,396,61200,9,65536,587422128
000228 201422909231 S6 T00000003 V. twn> SUCCESS
000229 201422911237 S6 T00000003 V. 
000230 201422911237 S6 T00000003 V. twn> DG_IMAGE/DAT_IMAGEMEMXFER/MSG_GET
000231 201422912238 S6 T00000003 V. twn> TWCP_NONE,5100,1700,12,0,396,61200,9,65536,587422128
000232 201422913241 S6 T00000003 V. twn> TWCP_NONE,5100,1700,12,0,408,61200,9,65536,587422128
000233 201422913241 S6 T00000003 V. twn> SUCCESS
000234 201422916249 S6 T00000003 V. 
000235 201422917252 S6 T00000003 V. twn> DG_IMAGE/DAT_IMAGEMEMXFER/MSG_GET
000236 201422917252 S6 T00000003 V. twn> TWCP_NONE,5100,1700,12,0,408,61200,9,65536,587422128
000237 201422918254 S6 T00000003 V. twn> TWCP_NONE,5100,1700,12,0,420,61200,9,65536,587422128
000238 201422919257 S6 T00000003 V. twn> SUCCESS
000239 201422921263 S6 T00000003 V. 
000240 201422922265 S6 T00000003 V. twn> DG_IMAGE/DAT_IMAGEMEMXFER/MSG_GET
000241 201422922265 S6 T00000003 V. twn> TWCP_NONE,5100,1700,12,0,420,61200,9,65536,587422128
000242 201422923267 S6 T00000003 V. twn> TWCP_NONE,5100,1700,12,0,432,61200,9,65536,587422128
000243 201422924270 S6 T00000003 V. twn> SUCCESS
000244 201422926277 S6 T00000003 V. 
000245 201422927279 S6 T00000003 V. twn> DG_IMAGE/DAT_IMAGEMEMXFER/MSG_GET
000246 201422927279 S6 T00000003 V. twn> TWCP_NONE,5100,1700,12,0,432,61200,9,65536,587422128
000247 201422928282 S6 T00000003 V. twn> TWCP_NONE,5100,1700,12,0,444,61200,9,65536,587422128
000248 201422929284 S6 T00000003 V. twn> SUCCESS
000249 201422933299 S6 T00000003 V. 
000250 201422934802 S6 T00000003 V. twn> DG_IMAGE/DAT_IMAGEMEMXFER/MSG_GET
000251 201422935304 S6 T00000003 V. twn> TWCP_NONE,5100,1700,12,0,444,61200,9,65536,587422128
000252 201422936306 S6 T00000003 V. twn> TWCP_NONE,5100,1700,12,0,456,61200,9,65536,587422128
000253 201422937309 S6 T00000003 V. twn> SUCCESS
000254 201422939316 S6 T00000003 V. 
000255 201422939815 S6 T00000003 V. twn> DG_IMAGE/DAT_IMAGEMEMXFER/MSG_GET
000256 201422940316 S6 T00000003 V. twn> TWCP_NONE,5100,1700,12,0,456,61200,9,65536,587422128
000257 201422941820 S6 T00000003 V. twn> TWCP_NONE,5100,1700,12,0,468,61200,9,65536,587422128
000258 201422942322 S6 T00000003 V. twn> SUCCESS
000259 201422944830 S6 T00000003 V. 
000260 201422945330 S6 T00000003 V. twn> DG_IMAGE/DAT_IMAGEMEMXFER/MSG_GET
000261 201422945831 S6 T00000003 V. twn> TWCP_NONE,5100,1700,12,0,468,61200,9,65536,587422128
000262 201422946834 S6 T00000003 V. twn> TWCP_NONE,5100,1700,12,0,480,61200,9,65536,587422128
000263 201422946834 S6 T00000003 V. twn> SUCCESS
000264 201422948961 S6 T00000003 V. 
000265 201422949962 S6 T00000003 V. twn> DG_IMAGE/DAT_IMAGEMEMXFER/MSG_GET
000266 201422949962 S6 T00000003 V. twn> TWCP_NONE,5100,1700,12,0,480,61200,9,65536,587422128
000267 201422950965 S6 T00000003 V. twn> TWCP_NONE,5100,1700,12,0,492,61200,9,65536,587422128
000268 201422950965 S6 T00000003 V. twn> SUCCESS
000269 201422954977 S6 T00000003 V. 
000270 201422954977 S6 T00000003 V. twn> DG_IMAGE/DAT_IMAGEMEMXFER/MSG_GET
000271 201422955979 S6 T00000003 V. twn> TWCP_NONE,5100,1700,12,0,492,61200,9,65536,587422128
000272 201422956981 S6 T00000003 V. twn> TWCP_NONE,5100,1700,12,0,504,61200,9,65536,587422128
000273 201422956981 S6 T00000003 V. twn> SUCCESS
000274 201422958988 S6 T00000003 V. 
000275 201422959990 S6 T00000003 V. twn> DG_IMAGE/DAT_IMAGEMEMXFER/MSG_GET
000276 201422960992 S6 T00000003 V. twn> TWCP_NONE,5100,1700,12,0,504,61200,9,65536,587422128
000277 201422961995 S6 T00000003 V. twn> TWCP_NONE,5100,1700,12,0,516,61200,9,65536,587422128
000278 201422964001 S6 T00000003 V. twn> SUCCESS
000279 201422966007 S6 T00000003 V. 
000280 201422969014 S6 T00000003 V. twn> DG_IMAGE/DAT_IMAGEMEMXFER/MSG_GET
000281 201422970016 S6 T00000003 V. twn> TWCP_NONE,5100,1700,12,0,516,61200,9,65536,587422128
000282 201422972022 S6 T00000003 V. twn> TWCP_NONE,5100,1700,12,0,528,61200,9,65536,587422128
000283 201422972022 S6 T00000003 V. twn> SUCCESS
000284 201422977037 S6 T00000003 V. 
000285 201422980043 S6 T00000003 V. twn> DG_IMAGE/DAT_IMAGEMEMXFER/MSG_GET
000286 201422980043 S6 T00000003 V. twn> TWCP_NONE,5100,1700,12,0,528,61200,9,65536,587422128
000287 201422981045 S6 T00000003 V. twn> TWCP_NONE,5100,1700,12,0,540,61200,9,65536,587422128
000288 201422982049 S6 T00000003 V. twn> SUCCESS
000289 201422984053 S6 T00000003 V. 
000290 201422984053 S6 T00000003 V. twn> DG_IMAGE/DAT_IMAGEMEMXFER/MSG_GET
000291 201422985055 S6 T00000003 V. twn> TWCP_NONE,5100,1700,12,0,540,61200,9,65536,587422128
000292 201422986059 S6 T00000003 V. twn> TWCP_NONE,5100,1700,12,0,552,61200,9,65536,587422128
000293 201422986059 S6 T00000003 V. twn> SUCCESS
000294 201422989067 S6 T00000003 V. 
000295 201422990069 S6 T00000003 V. twn> DG_IMAGE/DAT_IMAGEMEMXFER/MSG_GET
000296 201422990069 S6 T00000003 V. twn> TWCP_NONE,5100,1700,12,0,552,61200,9,65536,587422128
000297 201422991072 S6 T00000003 V. twn> TWCP_NONE,5100,1700,12,0,564,61200,9,65536,587422128
000298 201422992075 S6 T00000003 V. twn> SUCCESS
000299 201422994081 S6 T00000003 V. 
000300 201422994081 S6 T00000003 V. twn> DG_IMAGE/DAT_IMAGEMEMXFER/MSG_GET
000301 201422995082 S6 T00000003 V. twn> TWCP_NONE,5100,1700,12,0,564,61200,9,65536,587422128
000302 201422996085 S6 T00000003 V. twn> TWCP_NONE,5100,1700,12,0,576,61200,9,65536,587422128
000303 201422996085 S6 T00000003 V. twn> SUCCESS
000304 201422999093 S6 T00000003 V. 
000305 201423000095 S6 T00000003 V. twn> DG_IMAGE/DAT_IMAGEMEMXFER/MSG_GET
000306 201423000095 S6 T00000003 V. twn> TWCP_NONE,5100,1700,12,0,576,61200,9,65536,587422128
000307 201423001099 S6 T00000003 V. twn> TWCP_NONE,5100,1700,12,0,588,61200,9,65536,587422128
000308 201423002103 S6 T00000003 V. twn> SUCCESS
000309 201423004107 S6 T00000003 V. 
000310 201423005109 S6 T00000003 V. twn> DG_IMAGE/DAT_IMAGEMEMXFER/MSG_GET
000311 201423005109 S6 T00000003 V. twn> TWCP_NONE,5100,1700,12,0,588,61200,9,65536,587422128
000312 201423006112 S6 T00000003 V. twn> TWCP_NONE,5100,1700,12,0,600,61200,9,65536,587422128
000313 201423007116 S6 T00000003 V. twn> SUCCESS
000314 201423009121 S6 T00000003 V. 
000315 201423010122 S6 T00000003 V. twn> DG_IMAGE/DAT_IMAGEMEMXFER/MSG_GET
000316 201423010122 S6 T00000003 V. twn> TWCP_NONE,5100,1700,12,0,600,61200,9,65536,587422128
000317 201423011127 S6 T00000003 V. twn> TWCP_NONE,5100,1700,12,0,612,61200,9,65536,587422128
000318 201423011127 S6 T00000003 V. twn> SUCCESS
000319 201423015136 S6 T00000003 V. 
000320 201423016138 S6 T00000003 V. twn> DG_IMAGE/DAT_IMAGEMEMXFER/MSG_GET
000321 201423017142 S6 T00000003 V. twn> TWCP_NONE,5100,1700,12,0,612,61200,9,65536,587422128
000322 201423018143 S6 T00000003 V. twn> TWCP_NONE,5100,1700,12,0,624,61200,9,65536,587422128
000323 201423019147 S6 T00000003 V. twn> SUCCESS
000324 201423021153 S6 T00000003 V. 
000325 201423022154 S6 T00000003 V. twn> DG_IMAGE/DAT_IMAGEMEMXFER/MSG_GET
000326 201423022154 S6 T00000003 V. twn> TWCP_NONE,5100,1700,12,0,624,61200,9,65536,587422128
000327 201423023157 S6 T00000003 V. twn> TWCP_NONE,5100,1700,12,0,636,61200,9,65536,587422128
000328 201423024161 S6 T00000003 V. twn> SUCCESS
000329 201423026167 S6 T00000003 V. 
000330 201423027168 S6 T00000003 V. twn> DG_IMAGE/DAT_IMAGEMEMXFER/MSG_GET
000331 201423027168 S6 T00000003 V. twn> TWCP_NONE,5100,1700,12,0,636,61200,9,65536,587422128
000332 201423028170 S6 T00000003 V. twn> TWCP_NONE,5100,1700,12,0,648,61200,9,65536,587422128
000333 201423029173 S6 T00000003 V. twn> SUCCESS
000334 201423031682 S6 T00000003 V. 
000335 201423031682 S6 T00000003 V. twn> DG_IMAGE/DAT_IMAGEMEMXFER/MSG_GET
000336 201423032183 S6 T00000003 V. twn> TWCP_NONE,5100,1700,12,0,648,61200,9,65536,587422128
000337 201423033187 S6 T00000003 V. twn> TWCP_NONE,5100,1700,12,0,660,61200,9,65536,587422128
000338 201423033688 S6 T00000003 V. twn> SUCCESS
000339 201423037698 S6 T00000003 V. 
000340 201423037698 S6 T00000003 V. twn> DG_IMAGE/DAT_IMAGEMEMXFER/MSG_GET
000341 201423038212 S6 T00000003 V. twn> TWCP_NONE,5100,1700,12,0,660,61200,9,65536,587422128
000342 201423039202 S6 T00000003 V. twn> TWCP_NONE,5100,1700,12,0,672,61200,9,65536,587422128
000343 201423039705 S6 T00000003 V. twn> SUCCESS
000344 201423041710 S6 T00000003 V. 
000345 201423042210 S6 T00000003 V. twn> DG_IMAGE/DAT_IMAGEMEMXFER/MSG_GET
000346 201423042718 S6 T00000003 V. twn> TWCP_NONE,5100,1700,12,0,672,61200,9,65536,587422128
000347 201423043714 S6 T00000003 V. twn> TWCP_NONE,5100,1700,12,0,684,61200,9,65536,587422128
000348 201423044217 S6 T00000003 V. twn> SUCCESS
000349 201423046222 S6 T00000003 V. 
000350 201423046722 S6 T00000003 V. twn> DG_IMAGE/DAT_IMAGEMEMXFER/MSG_GET
000351 201423046722 S6 T00000003 V. twn> TWCP_NONE,5100,1700,12,0,684,61200,9,65536,587422128
000352 201423047738 S6 T00000003 V. twn> TWCP_NONE,5100,1700,12,0,696,61200,9,65536,587422128
000353 201423047738 S6 T00000003 V. twn> SUCCESS
000354 201423051749 S6 T00000003 V. 
000355 201423052752 S6 T00000003 V. twn> DG_IMAGE/DAT_IMAGEMEMXFER/MSG_GET
000356 201423073925 S6 T00000003 V. twn> TWCP_NONE,5100,1700,12,0,696,61200,9,65536,587422128
000357 201423074924 S6 T00000003 V. twn> TWCP_NONE,5100,1700,12,0,708,61200,9,65536,587422128
000358 201423074924 S6 T00000003 V. twn> SUCCESS
000359 201423077932 S6 T00000003 V. 
000360 201423077932 S6 T00000003 V. twn> DG_IMAGE/DAT_IMAGEMEMXFER/MSG_GET
000361 201423077932 S6 T00000003 V. twn> TWCP_NONE,5100,1700,12,0,708,61200,9,65536,587422128
000362 201423078934 S6 T00000003 V. twn> TWCP_NONE,5100,1700,12,0,720,61200,9,65536,587422128
000363 201423079938 S6 T00000003 V. twn> SUCCESS
000364 201423081943 S6 T00000003 V. 
000365 201423082951 S6 T00000003 V. twn> DG_IMAGE/DAT_IMAGEMEMXFER/MSG_GET
000366 201423082951 S6 T00000003 V. twn> TWCP_NONE,5100,1700,12,0,720,61200,9,65536,587422128
000367 201423083948 S6 T00000003 V. twn> TWCP_NONE,5100,1700,12,0,732,61200,9,65536,587422128
000368 201423084951 S6 T00000003 V. twn> SUCCESS
000369 201423087959 S6 T00000003 V. 
000370 201423087959 S6 T00000003 V. twn> DG_IMAGE/DAT_IMAGEMEMXFER/MSG_GET
000371 201423088961 S6 T00000003 V. twn> TWCP_NONE,5100,1700,12,0,732,61200,9,65536,587422128
000372 201423089964 S6 T00000003 V. twn> TWCP_NONE,5100,1700,12,0,744,61200,9,65536,587422128
000373 201423089964 S6 T00000003 V. twn> SUCCESS
000374 201423094977 S6 T00000003 V. 
000375 201423094977 S6 T00000003 V. twn> DG_IMAGE/DAT_IMAGEMEMXFER/MSG_GET
000376 201423095980 S6 T00000003 V. twn> TWCP_NONE,5100,1700,12,0,744,61200,9,65536,587422128
000377 201423096983 S6 T00000003 V. twn> TWCP_NONE,5100,1700,12,0,756,61200,9,65536,587422128
000378 201423096983 S6 T00000003 V. twn> SUCCESS
000379 201423099991 S6 T00000003 V. 
000380 201423100995 S6 T00000003 V. twn> DG_IMAGE/DAT_IMAGEMEMXFER/MSG_GET
000381 201423100995 S6 T00000003 V. twn> TWCP_NONE,5100,1700,12,0,756,61200,9,65536,587422128
000382 201423101996 S6 T00000003 V. twn> TWCP_NONE,5100,1700,12,0,768,61200,9,65536,587422128
000383 201423101996 S6 T00000003 V. twn> SUCCESS
000384 201423105005 S6 T00000003 V. 
000385 201423106008 S6 T00000003 V. twn> DG_IMAGE/DAT_IMAGEMEMXFER/MSG_GET
000386 201423106008 S6 T00000003 V. twn> TWCP_NONE,5100,1700,12,0,768,61200,9,65536,587422128
000387 201423107009 S6 T00000003 V. twn> TWCP_NONE,5100,1700,12,0,780,61200,9,65536,587422128
000388 201423108012 S6 T00000003 V. twn> SUCCESS
000389 201423112040 S6 T00000003 V. 
000390 201423132088 S6 T00000003 V. twn> DG_IMAGE/DAT_IMAGEMEMXFER/MSG_GET
000391 201423132586 S6 T00000003 V. twn> TWCP_NONE,5100,1700,12,0,780,61200,9,65536,587422128
000392 201423133088 S6 T00000003 V. twn> TWCP_NONE,5100,1700,12,0,792,61200,9,65536,587422128
000393 201423133590 S6 T00000003 V. twn> SUCCESS
000394 201423136095 S6 T00000003 V. 
000395 201423137098 S6 T00000003 V. twn> DG_IMAGE/DAT_IMAGEMEMXFER/MSG_GET
000396 201423137599 S6 T00000003 V. twn> TWCP_NONE,5100,1700,12,0,792,61200,9,65536,587422128
000397 201423138101 S6 T00000003 V. twn> TWCP_NONE,5100,1700,12,0,804,61200,9,65536,587422128
000398 201423138603 S6 T00000003 V. twn> SUCCESS
000399 201423141609 S6 T00000003 V. 
000400 201423142112 S6 T00000003 V. twn> DG_IMAGE/DAT_IMAGEMEMXFER/MSG_GET
000401 201423142612 S6 T00000003 V. twn> TWCP_NONE,5100,1700,12,0,804,61200,9,65536,587422128
000402 201423143114 S6 T00000003 V. twn> TWCP_NONE,5100,1700,12,0,816,61200,9,65536,587422128
000403 201423143616 S6 T00000003 V. twn> SUCCESS
000404 201423146624 S6 T00000003 V. 
000405 201423146624 S6 T00000003 V. twn> DG_IMAGE/DAT_IMAGEMEMXFER/MSG_GET
000406 201423146624 S6 T00000003 V. twn> TWCP_NONE,5100,1700,12,0,816,61200,9,65536,587422128
000407 201423148751 S6 T00000003 V. twn> TWCP_NONE,5100,1700,12,0,828,61200,9,65536,587422128
000408 201423148751 S6 T00000003 V. twn> SUCCESS
000409 201423152761 S6 T00000003 V. 
000410 201423173819 S6 T00000003 V. twn> DG_IMAGE/DAT_IMAGEMEMXFER/MSG_GET
000411 201423173819 S6 T00000003 V. twn> TWCP_NONE,5100,1700,12,0,828,61200,9,65536,587422128
000412 201423175824 S6 T00000003 V. twn> TWCP_NONE,5100,1700,12,0,840,61200,9,65536,587422128
000413 201423175824 S6 T00000003 V. twn> SUCCESS
000414 201423179835 S6 T00000003 V. 
000415 201423179835 S6 T00000003 V. twn> DG_IMAGE/DAT_IMAGEMEMXFER/MSG_GET
000416 201423180836 S6 T00000003 V. twn> TWCP_NONE,5100,1700,12,0,840,61200,9,65536,587422128
000417 201423182842 S6 T00000003 V. twn> TWCP_NONE,5100,1700,12,0,852,61200,9,65536,587422128
000418 201423183845 S6 T00000003 V. twn> SUCCESS
000419 201423190865 S6 T00000003 V. 
000420 201423192869 S6 T00000003 V. twn> DG_IMAGE/DAT_IMAGEMEMXFER/MSG_GET
000421 201423195877 S6 T00000003 V. twn> TWCP_NONE,5100,1700,12,0,852,61200,9,65536,587422128
000422 201423197882 S6 T00000003 V. twn> TWCP_NONE,5100,1700,12,0,864,61200,9,65536,587422128
000423 201423197882 S6 T00000003 V. twn> SUCCESS
000424 201423204900 S6 T00000003 V. 
000425 201423206905 S6 T00000003 V. twn> DG_IMAGE/DAT_IMAGEMEMXFER/MSG_GET
000426 201423207908 S6 T00000003 V. twn> TWCP_NONE,5100,1700,12,0,864,61200,9,65536,587422128
000427 201423208911 S6 T00000003 V. twn> TWCP_NONE,5100,1700,12,0,876,61200,9,65536,587422128
000428 201423209914 S6 T00000003 V. twn> SUCCESS
000429 201423212921 S6 T00000003 V. 
000430 201423213924 S6 T00000003 V. twn> DG_IMAGE/DAT_IMAGEMEMXFER/MSG_GET
000431 201423213924 S6 T00000003 V. twn> TWCP_NONE,5100,1700,12,0,876,61200,9,65536,587422128
000432 201423214927 S6 T00000003 V. twn> TWCP_NONE,5100,1700,12,0,888,61200,9,65536,587422128
000433 201423215946 S6 T00000003 V. twn> SUCCESS
000434 201423218938 S6 T00000003 V. 
000435 201423219940 S6 T00000003 V. twn> DG_IMAGE/DAT_IMAGEMEMXFER/MSG_GET
000436 201423220943 S6 T00000003 V. twn> TWCP_NONE,5100,1700,12,0,888,61200,9,65536,587422128
000437 201423221946 S6 T00000003 V. twn> TWCP_NONE,5100,1700,12,0,900,61200,9,65536,587422128
000438 201423221946 S6 T00000003 V. twn> SUCCESS
000439 201423225957 S6 T00000003 V. 
000440 201423225957 S6 T00000003 V. twn> DG_IMAGE/DAT_IMAGEMEMXFER/MSG_GET
000441 201423226959 S6 T00000003 V. twn> TWCP_NONE,5100,1700,12,0,900,61200,9,65536,587422128
000442 201423227962 S6 T00000003 V. twn> TWCP_NONE,5100,1700,12,0,912,61200,9,65536,587422128
000443 201423228964 S6 T00000003 V. twn> SUCCESS
000444 201423234986 S6 T00000003 V. 
000445 201423255552 S6 T00000003 V. twn> DG_IMAGE/DAT_IMAGEMEMXFER/MSG_GET
000446 201423255552 S6 T00000003 V. twn> TWCP_NONE,5100,1700,12,0,912,61200,9,65536,587422128
000447 201423256552 S6 T00000003 V. twn> TWCP_NONE,5100,1700,12,0,924,61200,9,65536,587422128
000448 201423257556 S6 T00000003 V. twn> SUCCESS
000449 201423260563 S6 T00000003 V. 
000450 201423261566 S6 T00000003 V. twn> DG_IMAGE/DAT_IMAGEMEMXFER/MSG_GET
000451 201423261566 S6 T00000003 V. twn> TWCP_NONE,5100,1700,12,0,924,61200,9,65536,587422128
000452 201423262568 S6 T00000003 V. twn> TWCP_NONE,5100,1700,12,0,936,61200,9,65536,587422128
000453 201423263571 S6 T00000003 V. twn> SUCCESS
000454 201423266580 S6 T00000003 V. 
000455 201423266580 S6 T00000003 V. twn> DG_IMAGE/DAT_IMAGEMEMXFER/MSG_GET
000456 201423267581 S6 T00000003 V. twn> TWCP_NONE,5100,1700,12,0,936,61200,9,65536,587422128
000457 201423267581 S6 T00000003 V. twn> TWCP_NONE,5100,1700,12,0,948,61200,9,65536,587422128
000458 201423268585 S6 T00000003 V. twn> SUCCESS
000459 201423273599 S6 T00000003 V. 
000460 201423294694 S6 T00000003 V. twn> DG_IMAGE/DAT_IMAGEMEMXFER/MSG_GET
000461 201423294694 S6 T00000003 V. twn> TWCP_NONE,5100,1700,12,0,948,61200,9,65536,587422128
000462 201423295694 S6 T00000003 V. twn> TWCP_NONE,5100,1700,12,0,960,61200,9,65536,587422128
000463 201423296697 S6 T00000003 V. twn> SUCCESS
000464 201423299705 S6 T00000003 V. 
000465 201423299705 S6 T00000003 V. twn> DG_IMAGE/DAT_IMAGEMEMXFER/MSG_GET
000466 201423300707 S6 T00000003 V. twn> TWCP_NONE,5100,1700,12,0,960,61200,9,65536,587422128
000467 201423300707 S6 T00000003 V. twn> TWCP_NONE,5100,1700,12,0,972,61200,9,65536,587422128
000468 201423301710 S6 T00000003 V. twn> SUCCESS
000469 201423304718 S6 T00000003 V. 
000470 201423305721 S6 T00000003 V. twn> DG_IMAGE/DAT_IMAGEMEMXFER/MSG_GET
000471 201423305721 S6 T00000003 V. twn> TWCP_NONE,5100,1700,12,0,972,61200,9,65536,587422128
000472 201423306724 S6 T00000003 V. twn> TWCP_NONE,5100,1700,12,0,984,61200,9,65536,587422128
000473 201423307727 S6 T00000003 V. twn> SUCCESS
000474 201423310735 S6 T00000003 V. 
000475 201423311737 S6 T00000003 V. twn> DG_IMAGE/DAT_IMAGEMEMXFER/MSG_GET
000476 201423311737 S6 T00000003 V. twn> TWCP_NONE,5100,1700,12,0,984,61200,9,65536,587422128
000477 201423312739 S6 T00000003 V. twn> TWCP_NONE,5100,1700,12,0,996,61200,9,65536,587422128
000478 201423313752 S6 T00000003 V. twn> SUCCESS
000479 201423318766 S6 T00000003 V. 
000480 201423339434 S6 T00000003 V. twn> DG_IMAGE/DAT_IMAGEMEMXFER/MSG_GET
000481 201423339434 S6 T00000003 V. twn> TWCP_NONE,5100,1700,12,0,996,61200,9,65536,587422128
000482 201423340437 S6 T00000003 V. twn> TWCP_NONE,5100,1700,12,0,1008,61200,9,65536,587422128
000483 201423340940 S6 T00000003 V. twn> SUCCESS
000484 201423344448 S6 T00000003 V. 
000485 201423344948 S6 T00000003 V. twn> DG_IMAGE/DAT_IMAGEMEMXFER/MSG_GET
000486 201423345450 S6 T00000003 V. twn> TWCP_NONE,5100,1700,12,0,1008,61200,9,65536,587422128
000487 201423346453 S6 T00000003 V. twn> TWCP_NONE,5100,1700,12,0,1020,61200,9,65536,587422128
000488 201423346453 S6 T00000003 V. twn> SUCCESS
000489 201423349669 S6 T00000003 V. 
000490 201423350641 S6 T00000003 V. twn> DG_IMAGE/DAT_IMAGEMEMXFER/MSG_GET
000491 201423350641 S6 T00000003 V. twn> TWCP_NONE,5100,1700,12,0,1020,61200,9,65536,587422128
000492 201423351643 S6 T00000003 V. twn> TWCP_NONE,5100,1700,12,0,1032,61200,9,65536,587422128
000493 201423351643 S6 T00000003 V. twn> SUCCESS
000494 201423356656 S6 T00000003 V. 
000495 201423377714 S6 T00000003 V. twn> DG_IMAGE/DAT_IMAGEMEMXFER/MSG_GET
000496 201423377714 S6 T00000003 V. twn> TWCP_NONE,5100,1700,12,0,1032,61200,9,65536,587422128
000497 201423378715 S6 T00000003 V. twn> TWCP_NONE,5100,1700,12,0,1044,61200,9,65536,587422128
000498 201423379718 S6 T00000003 V. twn> SUCCESS
000499 201423383728 S6 T00000003 V. 
000500 201423384730 S6 T00000003 V. twn> DG_IMAGE/DAT_IMAGEMEMXFER/MSG_GET
000501 201423385734 S6 T00000003 V. twn> TWCP_NONE,5100,1700,12,0,1044,61200,9,65536,587422128
000502 201423385734 S6 T00000003 V. twn> TWCP_NONE,5100,1700,12,0,1056,61200,9,65536,587422128
000503 201423386738 S6 T00000003 V. twn> SUCCESS
000504 201423390781 S6 T00000003 V. 
000505 201423391749 S6 T00000003 V. twn> DG_IMAGE/DAT_IMAGEMEMXFER/MSG_GET
000506 201423391749 S6 T00000003 V. twn> TWCP_NONE,5100,1700,12,0,1056,61200,9,65536,587422128
000507 201423392754 S6 T00000003 V. twn> TWCP_NONE,5100,1700,12,0,1068,61200,9,65536,587422128
000508 201423393755 S6 T00000003 V. twn> SUCCESS
000509 201423396798 S6 T00000003 V. 
000510 201423397766 S6 T00000003 V. twn> DG_IMAGE/DAT_IMAGEMEMXFER/MSG_GET
000511 201423398768 S6 T00000003 V. twn> TWCP_NONE,5100,1700,12,0,1068,61200,9,65536,587422128
000512 201423400774 S6 T00000003 V. twn> TWCP_NONE,5100,1700,12,0,1080,61200,9,65536,587422128
000513 201423400774 S6 T00000003 V. twn> SUCCESS
000514 201423407794 S6 T00000003 V. 
000515 201423408796 S6 T00000003 V. twn> DG_IMAGE/DAT_IMAGEMEMXFER/MSG_GET
000516 201423409798 S6 T00000003 V. twn> TWCP_NONE,5100,1700,12,0,1080,61200,9,65536,587422128
000517 201423410801 S6 T00000003 V. twn> TWCP_NONE,5100,1700,12,0,1092,61200,9,65536,587422128
000518 201423411803 S6 T00000003 V. twn> SUCCESS
000519 201423417822 S6 T00000003 V. 
000520 201423439244 S6 T00000003 V. twn> DG_IMAGE/DAT_IMAGEMEMXFER/MSG_GET
000521 201423440188 S6 T00000003 V. twn> TWCP_NONE,5100,1700,12,0,1092,61200,9,65536,587422128
000522 201423441191 S6 T00000003 V. twn> TWCP_NONE,5100,1700,12,0,1104,61200,9,65536,587422128
000523 201423441709 S6 T00000003 V. twn> SUCCESS
000524 201423445703 S6 T00000003 V. 
000525 201423446203 S6 T00000003 V. twn> DG_IMAGE/DAT_IMAGEMEMXFER/MSG_GET
000526 201423446707 S6 T00000003 V. twn> TWCP_NONE,5100,1700,12,0,1104,61200,9,65536,587422128
000527 201423446707 S6 T00000003 V. twn> TWCP_NONE,5100,1700,12,0,1116,61200,9,65536,587422128
000528 201423447732 S6 T00000003 V. twn> SUCCESS
000529 201423451744 S6 T00000003 V. 
000530 201423451744 S6 T00000003 V. twn> DG_IMAGE/DAT_IMAGEMEMXFER/MSG_GET
000531 201423452749 S6 T00000003 V. twn> TWCP_NONE,5100,1700,12,0,1116,61200,9,65536,587422128
000532 201423453749 S6 T00000003 V. twn> TWCP_NONE,5100,1700,12,0,1128,61200,9,65536,587422128
000533 201423454753 S6 T00000003 V. twn> SUCCESS
000534 201423458763 S6 T00000003 V. 
000535 201423458763 S6 T00000003 V. twn> DG_IMAGE/DAT_IMAGEMEMXFER/MSG_GET
000536 201423459764 S6 T00000003 V. twn> TWCP_NONE,5100,1700,12,0,1128,61200,9,65536,587422128
000537 201423460768 S6 T00000003 V. twn> TWCP_NONE,5100,1700,12,0,1140,61200,9,65536,587422128
000538 201423460768 S6 T00000003 V. twn> SUCCESS
000539 201423464779 S6 T00000003 V. 
000540 201423465782 S6 T00000003 V. twn> DG_IMAGE/DAT_IMAGEMEMXFER/MSG_GET
000541 201423465782 S6 T00000003 V. twn> TWCP_NONE,5100,1700,12,0,1140,61200,9,65536,587422128
000542 201423466784 S6 T00000003 V. twn> TWCP_NONE,5100,1700,12,0,1152,61200,9,65536,587422128
000543 201423467802 S6 T00000003 V. twn> SUCCESS
000544 201423470794 S6 T00000003 V. 
000545 201423471802 S6 T00000003 V. twn> DG_IMAGE/DAT_IMAGEMEMXFER/MSG_GET
000546 201423471802 S6 T00000003 V. twn> TWCP_NONE,5100,1700,12,0,1152,61200,9,65536,587422128
000547 201423472800 S6 T00000003 V. twn> TWCP_NONE,5100,1700,12,0,1164,61200,9,65536,587422128
000548 201423473801 S6 T00000003 V. twn> SUCCESS
000549 201423477812 S6 T00000003 V. 
000550 201423477812 S6 T00000003 V. twn> DG_IMAGE/DAT_IMAGEMEMXFER/MSG_GET
000551 201423478815 S6 T00000003 V. twn> TWCP_NONE,5100,1700,12,0,1164,61200,9,65536,587422128
000552 201423479818 S6 T00000003 V. twn> TWCP_NONE,5100,1700,12,0,1176,61200,9,65536,587422128
000553 201423479818 S6 T00000003 V. twn> SUCCESS
000554 201423483828 S6 T00000003 V. 
000555 201423484832 S6 T00000003 V. twn> DG_IMAGE/DAT_IMAGEMEMXFER/MSG_GET
000556 201423485833 S6 T00000003 V. twn> TWCP_NONE,5100,1700,12,0,1176,61200,9,65536,587422128
000557 201423486836 S6 T00000003 V. twn> TWCP_NONE,5100,1700,12,0,1188,61200,9,65536,587422128
000558 201423486836 S6 T00000003 V. twn> SUCCESS
000559 201423491850 S6 T00000003 V. 
000560 201423491850 S6 T00000003 V. twn> DG_IMAGE/DAT_IMAGEMEMXFER/MSG_GET
000561 201423492852 S6 T00000003 V. twn> TWCP_NONE,5100,1700,12,0,1188,61200,9,65536,587422128
000562 201423493855 S6 T00000003 V. twn> TWCP_NONE,5100,1700,12,0,1200,61200,9,65536,587422128
000563 201423493855 S6 T00000003 V. twn> SUCCESS
000564 201423497865 S6 T00000003 V. 
000565 201423498867 S6 T00000003 V. twn> DG_IMAGE/DAT_IMAGEMEMXFER/MSG_GET
000566 201423498867 S6 T00000003 V. twn> TWCP_NONE,5100,1700,12,0,1200,61200,9,65536,587422128
000567 201423499871 S6 T00000003 V. twn> TWCP_NONE,5100,1700,12,0,1212,61200,9,65536,587422128
000568 201423499871 S6 T00000003 V. twn> SUCCESS
000569 201423503883 S6 T00000003 V. 
000570 201423504884 S6 T00000003 V. twn> DG_IMAGE/DAT_IMAGEMEMXFER/MSG_GET
000571 201423504884 S6 T00000003 V. twn> TWCP_NONE,5100,1700,12,0,1212,61200,9,65536,587422128
000572 201423505886 S6 T00000003 V. twn> TWCP_NONE,5100,1700,12,0,1224,61200,9,65536,587422128
000573 201423506889 S6 T00000003 V. twn> SUCCESS
000574 201423513908 S6 T00000003 V. 
000575 201423514911 S6 T00000003 V. twn> DG_IMAGE/DAT_IMAGEMEMXFER/MSG_GET
000576 201423514911 S6 T00000003 V. twn> TWCP_NONE,5100,1700,12,0,1224,61200,9,65536,587422128
000577 201423515913 S6 T00000003 V. twn> TWCP_NONE,5100,1700,12,0,1236,61200,9,65536,587422128
000578 201423516924 S6 T00000003 V. twn> SUCCESS
000579 201423522945 S6 T00000003 V. 
000580 201423544385 S6 T00000003 V. twn> DG_IMAGE/DAT_IMAGEMEMXFER/MSG_GET
000581 201423545336 S6 T00000003 V. twn> TWCP_NONE,5100,1700,12,0,1236,61200,9,65536,587422128
000582 201423545837 S6 T00000003 V. twn> TWCP_NONE,5100,1700,12,0,1248,61200,9,65536,587422128
000583 201423546840 S6 T00000003 V. twn> SUCCESS
000584 201423549914 S6 T00000003 V. 
000585 201423550928 S6 T00000003 V. twn> DG_IMAGE/DAT_IMAGEMEMXFER/MSG_GET
000586 201423550928 S6 T00000003 V. twn> TWCP_NONE,5100,1700,12,0,1248,61200,9,65536,587422128
000587 201423551919 S6 T00000003 V. twn> TWCP_NONE,5100,1700,12,0,1260,61200,9,65536,587422128
000588 201423552922 S6 T00000003 V. twn> SUCCESS
000589 201423556937 S6 T00000003 V. 
000590 201423556937 S6 T00000003 V. twn> DG_IMAGE/DAT_IMAGEMEMXFER/MSG_GET
000591 201423557938 S6 T00000003 V. twn> TWCP_NONE,5100,1700,12,0,1260,61200,9,65536,587422128
000592 201423558938 S6 T00000003 V. twn> TWCP_NONE,5100,1700,12,0,1272,61200,9,65536,587422128
000593 201423558938 S6 T00000003 V. twn> SUCCESS
000594 201423562983 S6 T00000003 V. 
000595 201423563952 S6 T00000003 V. twn> DG_IMAGE/DAT_IMAGEMEMXFER/MSG_GET
000596 201423563952 S6 T00000003 V. twn> TWCP_NONE,5100,1700,12,0,1272,61200,9,65536,587422128
000597 201423565956 S6 T00000003 V. twn> TWCP_NONE,5100,1700,12,0,1284,61200,9,65536,587422128
000598 201423566962 S6 T00000003 V. twn> SUCCESS
000599 201423570970 S6 T00000003 V. 
000600 201423570970 S6 T00000003 V. twn> DG_IMAGE/DAT_IMAGEMEMXFER/MSG_GET
000601 201423571974 S6 T00000003 V. twn> TWCP_NONE,5100,1700,12,0,1284,61200,9,65536,587422128
000602 201423572975 S6 T00000003 V. twn> TWCP_NONE,5100,1700,12,0,1296,61200,9,65536,587422128
000603 201423572975 S6 T00000003 V. twn> SUCCESS
000604 201423577992 S6 T00000003 V. 
000605 201423579007 S6 T00000003 V. twn> DG_IMAGE/DAT_IMAGEMEMXFER/MSG_GET
000606 201423579007 S6 T00000003 V. twn> TWCP_NONE,5100,1700,12,0,1296,61200,9,65536,587422128
000607 201423579995 S6 T00000003 V. twn> TWCP_NONE,5100,1700,12,0,1308,61200,9,65536,587422128
000608 201423580998 S6 T00000003 V. twn> SUCCESS
000609 201423585008 S6 T00000003 V. 
000610 201423586028 S6 T00000003 V. twn> DG_IMAGE/DAT_IMAGEMEMXFER/MSG_GET
000611 201423587013 S6 T00000003 V. twn> TWCP_NONE,5100,1700,12,0,1308,61200,9,65536,587422128
000612 201423588016 S6 T00000003 V. twn> TWCP_NONE,5100,1700,12,0,1320,61200,9,65536,587422128
000613 201423589018 S6 T00000003 V. twn> SUCCESS
000614 201423593033 S6 T00000003 V. 
000615 201423594031 S6 T00000003 V. twn> DG_IMAGE/DAT_IMAGEMEMXFER/MSG_GET
000616 201423594031 S6 T00000003 V. twn> TWCP_NONE,5100,1700,12,0,1320,61200,9,65536,587422128
000617 201423595034 S6 T00000003 V. twn> TWCP_NONE,5100,1700,12,0,1332,61200,9,65536,587422128
000618 201423596036 S6 T00000003 V. twn> SUCCESS
000619 201423600047 S6 T00000003 V. 
000620 201423601052 S6 T00000003 V. twn> DG_IMAGE/DAT_IMAGEMEMXFER/MSG_GET
000621 201423602052 S6 T00000003 V. twn> TWCP_NONE,5100,1700,12,0,1332,61200,9,65536,587422128
000622 201423603055 S6 T00000003 V. twn> TWCP_NONE,5100,1700,12,0,1344,61200,9,65536,587422128
000623 201423604059 S6 T00000003 V. twn> SUCCESS
000624 201423608069 S6 T00000003 V. 
000625 201423609071 S6 T00000003 V. twn> DG_IMAGE/DAT_IMAGEMEMXFER/MSG_GET
000626 201423610074 S6 T00000003 V. twn> TWCP_NONE,5100,1700,12,0,1344,61200,9,65536,587422128
000627 201423611077 S6 T00000003 V. twn> TWCP_NONE,5100,1700,12,0,1356,61200,9,65536,587422128
000628 201423612079 S6 T00000003 V. twn> SUCCESS
000629 201423616092 S6 T00000003 V. 
000630 201423617095 S6 T00000003 V. twn> DG_IMAGE/DAT_IMAGEMEMXFER/MSG_GET
000631 201423618096 S6 T00000003 V. twn> TWCP_NONE,5100,1700,12,0,1356,61200,9,65536,587422128
000632 201423619099 S6 T00000003 V. twn> TWCP_NONE,5100,1700,12,0,1368,61200,9,65536,587422128
000633 201423620101 S6 T00000003 V. twn> SUCCESS
000634 201423632140 S6 T00000003 V. 
000635 201423653057 S6 T00000003 V. twn> DG_IMAGE/DAT_IMAGEMEMXFER/MSG_GET
000636 201423653057 S6 T00000003 V. twn> TWCP_NONE,5100,1700,12,0,1368,61200,9,65536,587422128
000637 201423655060 S6 T00000003 V. twn> TWCP_NONE,5100,1700,12,0,1380,61200,9,65536,587422128
000638 201423655060 S6 T00000003 V. twn> SUCCESS
000639 201423660074 S6 T00000003 V. 
000640 201423660074 S6 T00000003 V. twn> DG_IMAGE/DAT_IMAGEMEMXFER/MSG_GET
000641 201423661075 S6 T00000003 V. twn> TWCP_NONE,5100,1700,12,0,1380,61200,9,65536,587422128
000642 201423662078 S6 T00000003 V. twn> TWCP_NONE,5100,1700,12,0,1392,61200,9,65536,587422128
000643 201423662078 S6 T00000003 V. twn> SUCCESS
000644 201423666089 S6 T00000003 V. 
000645 201423667091 S6 T00000003 V. twn> DG_IMAGE/DAT_IMAGEMEMXFER/MSG_GET
000646 201423667091 S6 T00000003 V. twn> TWCP_NONE,5100,1700,12,0,1392,61200,9,65536,587422128
000647 201423668094 S6 T00000003 V. twn> TWCP_NONE,5100,1700,12,0,1404,61200,9,65536,587422128
000648 201423669097 S6 T00000003 V. twn> SUCCESS
000649 201423676117 S6 T00000003 V. 
000650 201423677118 S6 T00000003 V. twn> DG_IMAGE/DAT_IMAGEMEMXFER/MSG_GET
000651 201423689149 S6 T00000003 V. twn> TWCP_NONE,5100,1700,12,0,1404,61200,9,65536,587422128
000652 201423690152 S6 T00000003 V. twn> TWCP_NONE,5100,1700,12,0,1416,61200,9,65536,587422128
000653 201423690152 S6 T00000003 V. twn> SUCCESS
000654 201423695166 S6 T00000003 V. 
000655 201423695166 S6 T00000003 V. twn> DG_IMAGE/DAT_IMAGEMEMXFER/MSG_GET
000656 201423696168 S6 T00000003 V. twn> TWCP_NONE,5100,1700,12,0,1416,61200,9,65536,587422128
000657 201423697172 S6 T00000003 V. twn> TWCP_NONE,5100,1700,12,0,1428,61200,9,65536,587422128
000658 201423697172 S6 T00000003 V. twn> SUCCESS
000659 201423702185 S6 T00000003 V. 
000660 201423703187 S6 T00000003 V. twn> DG_IMAGE/DAT_IMAGEMEMXFER/MSG_GET
000661 201423703187 S6 T00000003 V. twn> TWCP_NONE,5100,1700,12,0,1428,61200,9,65536,587422128
000662 201423704190 S6 T00000003 V. twn> TWCP_NONE,5100,1700,12,0,1440,61200,9,65536,587422128
000663 201423705194 S6 T00000003 V. twn> SUCCESS
000664 201423709204 S6 T00000003 V. 
000665 201423710210 S6 T00000003 V. twn> DG_IMAGE/DAT_IMAGEMEMXFER/MSG_GET
000666 201423710210 S6 T00000003 V. twn> TWCP_NONE,5100,1700,12,0,1440,61200,9,65536,587422128
000667 201423711209 S6 T00000003 V. twn> TWCP_NONE,5100,1700,12,0,1452,61200,9,65536,587422128
000668 201423712212 S6 T00000003 V. twn> SUCCESS
000669 201423718228 S6 T00000003 V. 
000670 201423719241 S6 T00000003 V. twn> DG_IMAGE/DAT_IMAGEMEMXFER/MSG_GET
000671 201423719241 S6 T00000003 V. twn> TWCP_NONE,5100,1700,12,0,1452,61200,9,65536,587422128
000672 201423721237 S6 T00000003 V. twn> TWCP_NONE,5100,1700,12,0,1464,61200,9,65536,587422128
000673 201423721237 S6 T00000003 V. twn> SUCCESS
000674 201423728257 S6 T00000003 V. 
000675 201423749987 S6 T00000003 V. twn> DG_IMAGE/DAT_IMAGEMEMXFER/MSG_GET
000676 201423749987 S6 T00000003 V. twn> TWCP_NONE,5100,1700,12,0,1464,61200,9,65536,587422128
000677 201423750982 S6 T00000003 V. twn> TWCP_NONE,5100,1700,12,0,1476,61200,9,65536,587422128
000678 201423751986 S6 T00000003 V. twn> SUCCESS
000679 201423755999 S6 T00000003 V. 
000680 201423756998 S6 T00000003 V. twn> DG_IMAGE/DAT_IMAGEMEMXFER/MSG_GET
000681 201423756998 S6 T00000003 V. twn> TWCP_NONE,5100,1700,12,0,1476,61200,9,65536,587422128
000682 201423760011 S6 T00000003 V. twn> TWCP_NONE,5100,1700,12,0,1488,61200,9,65536,587422128
000683 201423761008 S6 T00000003 V. twn> SUCCESS
000684 201423765023 S6 T00000003 V. 
000685 201423766024 S6 T00000003 V. twn> DG_IMAGE/DAT_IMAGEMEMXFER/MSG_GET
000686 201423766024 S6 T00000003 V. twn> TWCP_NONE,5100,1700,12,0,1488,61200,9,65536,587422128
000687 201423767024 S6 T00000003 V. twn> TWCP_NONE,5100,1700,12,0,1500,61200,9,65536,587422128
000688 201423768027 S6 T00000003 V. twn> SUCCESS
000689 201423773041 S6 T00000003 V. 
000690 201423773041 S6 T00000003 V. twn> DG_IMAGE/DAT_IMAGEMEMXFER/MSG_GET
000691 201423774046 S6 T00000003 V. twn> TWCP_NONE,5100,1700,12,0,1500,61200,9,65536,587422128
000692 201423775046 S6 T00000003 V. twn> TWCP_NONE,5100,1700,12,0,1512,61200,9,65536,587422128
000693 201423776049 S6 T00000003 V. twn> SUCCESS
000694 201423781064 S6 T00000003 V. 
000695 201423781064 S6 T00000003 V. twn> DG_IMAGE/DAT_IMAGEMEMXFER/MSG_GET
000696 201423781064 S6 T00000003 V. twn> TWCP_NONE,5100,1700,12,0,1512,61200,9,65536,587422128
000697 201423782064 S6 T00000003 V. twn> TWCP_NONE,5100,1700,12,0,1524,61200,9,65536,587422128
000698 201423783070 S6 T00000003 V. twn> SUCCESS
000699 201423788081 S6 T00000003 V. 
000700 201423789083 S6 T00000003 V. twn> DG_IMAGE/DAT_IMAGEMEMXFER/MSG_GET
000701 201423789083 S6 T00000003 V. twn> TWCP_NONE,5100,1700,12,0,1524,61200,9,65536,587422128
000702 201423790086 S6 T00000003 V. twn> TWCP_NONE,5100,1700,12,0,1536,61200,9,65536,587422128
000703 201423791090 S6 T00000003 V. twn> SUCCESS
000704 201423796103 S6 T00000003 V. 
000705 201423796103 S6 T00000003 V. twn> DG_IMAGE/DAT_IMAGEMEMXFER/MSG_GET
000706 201423797104 S6 T00000003 V. twn> TWCP_NONE,5100,1700,12,0,1536,61200,9,65536,587422128
000707 201423798107 S6 T00000003 V. twn> TWCP_NONE,5100,1700,12,0,1548,61200,9,65536,587422128
000708 201423798107 S6 T00000003 V. twn> SUCCESS
000709 201423803122 S6 T00000003 V. 
000710 201423803122 S6 T00000003 V. twn> DG_IMAGE/DAT_IMAGEMEMXFER/MSG_GET
000711 201423804124 S6 T00000003 V. twn> TWCP_NONE,5100,1700,12,0,1548,61200,9,65536,587422128
000712 201423805126 S6 T00000003 V. twn> TWCP_NONE,5100,1700,12,0,1560,61200,9,65536,587422128
000713 201423805126 S6 T00000003 V. twn> SUCCESS
000714 201423810141 S6 T00000003 V. 
000715 201423810141 S6 T00000003 V. twn> DG_IMAGE/DAT_IMAGEMEMXFER/MSG_GET
000716 201423811143 S6 T00000003 V. twn> TWCP_NONE,5100,1700,12,0,1560,61200,9,65536,587422128
000717 201423811143 S6 T00000003 V. twn> TWCP_NONE,5100,1700,12,0,1572,61200,9,65536,587422128
000718 201423812147 S6 T00000003 V. twn> SUCCESS
000719 201423817157 S6 T00000003 V. 
000720 201423817157 S6 T00000003 V. twn> DG_IMAGE/DAT_IMAGEMEMXFER/MSG_GET
000721 201423817157 S6 T00000003 V. twn> TWCP_NONE,5100,1700,12,0,1572,61200,9,65536,587422128
000722 201423818161 S6 T00000003 V. twn> TWCP_NONE,5100,1700,12,0,1584,61200,9,65536,587422128
000723 201423818161 S6 T00000003 V. twn> SUCCESS
000724 201423824175 S6 T00000003 V. 
000725 201423824175 S6 T00000003 V. twn> DG_IMAGE/DAT_IMAGEMEMXFER/MSG_GET
000726 201423825179 S6 T00000003 V. twn> TWCP_NONE,5100,1700,12,0,1584,61200,9,65536,587422128
000727 201423826183 S6 T00000003 V. twn> TWCP_NONE,5100,1700,12,0,1596,61200,9,65536,587422128
000728 201423827185 S6 T00000003 V. twn> SUCCESS
000729 201423833205 S6 T00000003 V. 
000730 201423833705 S6 T00000003 V. twn> DG_IMAGE/DAT_IMAGEMEMXFER/MSG_GET
000731 201423834206 S6 T00000003 V. twn> TWCP_NONE,5100,1700,12,0,1596,61200,9,65536,587422128
000732 201423835209 S6 T00000003 V. twn> TWCP_NONE,5100,1700,12,0,1608,61200,9,65536,587422128
000733 201423835711 S6 T00000003 V. twn> SUCCESS
000734 201423847746 S6 T00000003 V. 
000735 201423849758 S6 T00000003 V. twn> DG_IMAGE/DAT_IMAGEMEMXFER/MSG_GET
000736 201423850760 S6 T00000003 V. twn> TWCP_NONE,5100,1700,12,0,1608,61200,9,65536,587422128
000737 201423853768 S6 T00000003 V. twn> TWCP_NONE,5100,1700,12,0,1620,61200,9,65536,587422128
000738 201423854770 S6 T00000003 V. twn> SUCCESS
000739 201423864800 S6 T00000003 V. 
000740 201423864800 S6 T00000003 V. twn> DG_IMAGE/DAT_IMAGEMEMXFER/MSG_GET
000741 201423865798 S6 T00000003 V. twn> TWCP_NONE,5100,1700,12,0,1620,61200,9,65536,587422128
000742 201423866803 S6 T00000003 V. twn> TWCP_NONE,5100,1700,12,0,1632,61200,9,65536,587422128
000743 201423866803 S6 T00000003 V. twn> SUCCESS
000744 201423871820 S6 T00000003 V. 
000745 201423872819 S6 T00000003 V. twn> DG_IMAGE/DAT_IMAGEMEMXFER/MSG_GET
000746 201423872819 S6 T00000003 V. twn> TWCP_NONE,5100,1700,12,0,1632,61200,9,65536,587422128
000747 201423873824 S6 T00000003 V. twn> TWCP_NONE,5100,1700,12,0,1644,61200,9,65536,587422128
000748 201423874824 S6 T00000003 V. twn> SUCCESS
000749 201423879838 S6 T00000003 V. 
000750 201423879838 S6 T00000003 V. twn> DG_IMAGE/DAT_IMAGEMEMXFER/MSG_GET
000751 201423879838 S6 T00000003 V. twn> TWCP_NONE,5100,1700,12,0,1644,61200,9,65536,587422128
000752 201423880840 S6 T00000003 V. twn> TWCP_NONE,5100,1700,12,0,1656,61200,9,65536,587422128
000753 201423881842 S6 T00000003 V. twn> SUCCESS
000754 201423885856 S6 T00000003 V. 
000755 201423886867 S6 T00000003 V. twn> DG_IMAGE/DAT_IMAGEMEMXFER/MSG_GET
000756 201423887859 S6 T00000003 V. twn> TWCP_NONE,5100,1700,12,0,1656,61200,9,65536,587422128
000757 201423888861 S6 T00000003 V. twn> TWCP_NONE,5100,1700,12,0,1668,61200,9,65536,587422128
000758 201423888861 S6 T00000003 V. twn> SUCCESS
000759 201423894880 S6 T00000003 V. 
000760 201423894880 S6 T00000003 V. twn> DG_IMAGE/DAT_IMAGEMEMXFER/MSG_GET
000761 201423895879 S6 T00000003 V. twn> TWCP_NONE,5100,1700,12,0,1668,61200,9,65536,587422128
000762 201423896883 S6 T00000003 V. twn> TWCP_NONE,5100,1700,12,0,1680,61200,9,65536,587422128
000763 201423896883 S6 T00000003 V. twn> SUCCESS
000764 201423902898 S6 T00000003 V. 
000765 201423902898 S6 T00000003 V. twn> DG_IMAGE/DAT_IMAGEMEMXFER/MSG_GET
000766 201423903901 S6 T00000003 V. twn> TWCP_NONE,5100,1700,12,0,1680,61200,9,65536,587422128
000767 201423904904 S6 T00000003 V. twn> TWCP_NONE,5100,1700,12,0,1692,61200,9,65536,587422128
000768 201423905906 S6 T00000003 V. twn> SUCCESS
000769 201423910923 S6 T00000003 V. 
000770 201423911922 S6 T00000003 V. twn> DG_IMAGE/DAT_IMAGEMEMXFER/MSG_GET
000771 201423911922 S6 T00000003 V. twn> TWCP_NONE,5100,1700,12,0,1692,61200,9,65536,587422128
000772 201423913928 S6 T00000003 V. twn> TWCP_NONE,5100,1700,12,0,1704,61200,9,65536,587422128
000773 201423913928 S6 T00000003 V. twn> SUCCESS
000774 201423919945 S6 T00000003 V. 
000775 201423919945 S6 T00000003 V. twn> DG_IMAGE/DAT_IMAGEMEMXFER/MSG_GET
000776 201423920947 S6 T00000003 V. twn> TWCP_NONE,5100,1700,12,0,1704,61200,9,65536,587422128
000777 201423921949 S6 T00000003 V. twn> TWCP_NONE,5100,1700,12,0,1716,61200,9,65536,587422128
000778 201423922951 S6 T00000003 V. twn> SUCCESS
000779 201423927965 S6 T00000003 V. 
000780 201423927965 S6 T00000003 V. twn> DG_IMAGE/DAT_IMAGEMEMXFER/MSG_GET
000781 201423928967 S6 T00000003 V. twn> TWCP_NONE,5100,1700,12,0,1716,61200,9,65536,587422128
000782 201423929970 S6 T00000003 V. twn> TWCP_NONE,5100,1700,12,0,1728,61200,9,65536,587422128
000783 201423929970 S6 T00000003 V. twn> SUCCESS
000784 201423935991 S6 T00000003 V. 
000785 201423936492 S6 T00000003 V. twn> DG_IMAGE/DAT_IMAGEMEMXFER/MSG_GET
000786 201423937495 S6 T00000003 V. twn> TWCP_NONE,5100,1700,12,0,1728,61200,9,65536,587422128
000787 201423938497 S6 T00000003 V. twn> TWCP_NONE,5100,1700,12,0,1740,61200,9,65536,587422128
000788 201423938999 S6 T00000003 V. twn> SUCCESS
000789 201423944515 S6 T00000003 V. 
000790 201423945015 S6 T00000003 V. twn> DG_IMAGE/DAT_IMAGEMEMXFER/MSG_GET
000791 201423945516 S6 T00000003 V. twn> TWCP_NONE,5100,1700,12,0,1740,61200,9,65536,587422128
000792 201423946518 S6 T00000003 V. twn> TWCP_NONE,5100,1700,12,0,1752,61200,9,65536,587422128
000793 201423947020 S6 T00000003 V. twn> SUCCESS
000794 201423952620 S6 T00000003 V. 
000795 201423952620 S6 T00000003 V. twn> DG_IMAGE/DAT_IMAGEMEMXFER/MSG_GET
000796 201423954625 S6 T00000003 V. twn> TWCP_NONE,5100,1700,12,0,1752,61200,9,65536,587422128
000797 201423955628 S6 T00000003 V. twn> TWCP_NONE,5100,1700,12,0,1764,61200,9,65536,587422128
000798 201423955628 S6 T00000003 V. twn> SUCCESS
000799 201423968662 S6 T00000003 V. 
000800 201423988717 S6 T00000003 V. twn> DG_IMAGE/DAT_IMAGEMEMXFER/MSG_GET
000801 201423988717 S6 T00000003 V. twn> TWCP_NONE,5100,1700,12,0,1764,61200,9,65536,587422128
000802 201423989719 S6 T00000003 V. twn> TWCP_NONE,5100,1700,12,0,1776,61200,9,65536,587422128
000803 201423990722 S6 T00000003 V. twn> SUCCESS
000804 201423995736 S6 T00000003 V. 
000805 201423995736 S6 T00000003 V. twn> DG_IMAGE/DAT_IMAGEMEMXFER/MSG_GET
000806 201423996737 S6 T00000003 V. twn> TWCP_NONE,5100,1700,12,0,1776,61200,9,65536,587422128
000807 201423996737 S6 T00000003 V. twn> TWCP_NONE,5100,1700,12,0,1788,61200,9,65536,587422128
000808 201423997740 S6 T00000003 V. twn> SUCCESS
000809 201424002754 S6 T00000003 V. 
000810 201424002754 S6 T00000003 V. twn> DG_IMAGE/DAT_IMAGEMEMXFER/MSG_GET
000811 201424003767 S6 T00000003 V. twn> TWCP_NONE,5100,1700,12,0,1788,61200,9,65536,587422128
000812 201424004759 S6 T00000003 V. twn> TWCP_NONE,5100,1700,12,0,1800,61200,9,65536,587422128
000813 201424005761 S6 T00000003 V. twn> SUCCESS
000814 201424015788 S6 T00000003 V. 
000815 201424015788 S6 T00000003 V. twn> DG_IMAGE/DAT_IMAGEMEMXFER/MSG_GET
000816 201424027819 S6 T00000003 V. twn> TWCP_NONE,5100,1700,12,0,1800,61200,9,65536,587422128
000817 201424028823 S6 T00000003 V. twn> TWCP_NONE,5100,1700,12,0,1812,61200,9,65536,587422128
000818 201424028823 S6 T00000003 V. twn> SUCCESS
000819 201424035343 S6 T00000003 V. 
000820 201424035844 S6 T00000003 V. twn> DG_IMAGE/DAT_IMAGEMEMXFER/MSG_GET
000821 201424035844 S6 T00000003 V. twn> TWCP_NONE,5100,1700,12,0,1812,61200,9,65536,587422128
000822 201424036848 S6 T00000003 V. twn> TWCP_NONE,5100,1700,12,0,1824,61200,9,65536,587422128
000823 201424037348 S6 T00000003 V. twn> SUCCESS
000824 201424043865 S6 T00000003 V. 
000825 201424044366 S6 T00000003 V. twn> DG_IMAGE/DAT_IMAGEMEMXFER/MSG_GET
000826 201424044868 S6 T00000003 V. twn> TWCP_NONE,5100,1700,12,0,1824,61200,9,65536,587422128
000827 201424045871 S6 T00000003 V. twn> TWCP_NONE,5100,1700,12,0,1836,61200,9,65536,587422128
000828 201424046372 S6 T00000003 V. twn> SUCCESS
000829 201424052892 S6 T00000003 V. 
000830 201424052892 S6 T00000003 V. twn> DG_IMAGE/DAT_IMAGEMEMXFER/MSG_GET
000831 201424053896 S6 T00000003 V. twn> TWCP_NONE,5100,1700,12,0,1836,61200,9,65536,587422128
000832 201424054898 S6 T00000003 V. twn> TWCP_NONE,5100,1700,12,0,1848,61200,9,65536,587422128
000833 201424055900 S6 T00000003 V. twn> SUCCESS
000834 201424064926 S6 T00000003 V. 
000835 201424065927 S6 T00000003 V. twn> DG_IMAGE/DAT_IMAGEMEMXFER/MSG_GET
000836 201424065927 S6 T00000003 V. twn> TWCP_NONE,5100,1700,12,0,1848,61200,9,65536,587422128
000837 201424066930 S6 T00000003 V. twn> TWCP_NONE,5100,1700,12,0,1860,61200,9,65536,587422128
000838 201424067932 S6 T00000003 V. twn> SUCCESS
000839 201424076958 S6 T00000003 V. 
000840 201424098013 S6 T00000003 V. twn> DG_IMAGE/DAT_IMAGEMEMXFER/MSG_GET
000841 201424101020 S6 T00000003 V. twn> TWCP_NONE,5100,1700,12,0,1860,61200,9,65536,587422128
000842 201424104029 S6 T00000003 V. twn> TWCP_NONE,5100,1700,12,0,1872,61200,9,65536,587422128
000843 201424105031 S6 T00000003 V. twn> SUCCESS
000844 201424112051 S6 T00000003 V. 
000845 201424112051 S6 T00000003 V. twn> DG_IMAGE/DAT_IMAGEMEMXFER/MSG_GET
000846 201424112051 S6 T00000003 V. twn> TWCP_NONE,5100,1700,12,0,1872,61200,9,65536,587422128
000847 201424113053 S6 T00000003 V. twn> TWCP_NONE,5100,1700,12,0,1884,61200,9,65536,587422128
000848 201424114056 S6 T00000003 V. twn> SUCCESS
000849 201424119068 S6 T00000003 V. 
000850 201424120071 S6 T00000003 V. twn> DG_IMAGE/DAT_IMAGEMEMXFER/MSG_GET
000851 201424120071 S6 T00000003 V. twn> TWCP_NONE,5100,1700,12,0,1884,61200,9,65536,587422128
000852 201424121075 S6 T00000003 V. twn> TWCP_NONE,5100,1700,12,0,1896,61200,9,65536,587422128
000853 201424122077 S6 T00000003 V. twn> SUCCESS
000854 201424129095 S6 T00000003 V. 
000855 201424129095 S6 T00000003 V. twn> DG_IMAGE/DAT_IMAGEMEMXFER/MSG_GET
000856 201424130098 S6 T00000003 V. twn> TWCP_NONE,5100,1700,12,0,1896,61200,9,65536,587422128
000857 201424130098 S6 T00000003 V. twn> TWCP_NONE,5100,1700,12,0,1908,61200,9,65536,587422128
000858 201424131101 S6 T00000003 V. twn> SUCCESS
000859 201424137121 S6 T00000003 V. 
000860 201424137622 S6 T00000003 V. twn> DG_IMAGE/DAT_IMAGEMEMXFER/MSG_GET
000861 201424138122 S6 T00000003 V. twn> TWCP_NONE,5100,1700,12,0,1908,61200,9,65536,587422128
000862 201424138624 S6 T00000003 V. twn> TWCP_NONE,5100,1700,12,0,1920,61200,9,65536,587422128
000863 201424139126 S6 T00000003 V. twn> SUCCESS
000864 201424145141 S6 T00000003 V. 
000865 201424145656 S6 T00000003 V. twn> DG_IMAGE/DAT_IMAGEMEMXFER/MSG_GET
000866 201424146143 S6 T00000003 V. twn> TWCP_NONE,5100,1700,12,0,1920,61200,9,65536,587422128
000867 201424146645 S6 T00000003 V. twn> TWCP_NONE,5100,1700,12,0,1932,61200,9,65536,587422128
000868 201424147147 S6 T00000003 V. twn> SUCCESS
000869 201424152682 S6 T00000003 V. 
000870 201424153685 S6 T00000003 V. twn> DG_IMAGE/DAT_IMAGEMEMXFER/MSG_GET
000871 201424153685 S6 T00000003 V. twn> TWCP_NONE,5100,1700,12,0,1932,61200,9,65536,587422128
000872 201424154688 S6 T00000003 V. twn> TWCP_NONE,5100,1700,12,0,1944,61200,9,65536,587422128
000873 201424155691 S6 T00000003 V. twn> SUCCESS
000874 201424161707 S6 T00000003 V. 
000875 201424161707 S6 T00000003 V. twn> DG_IMAGE/DAT_IMAGEMEMXFER/MSG_GET
000876 201424162709 S6 T00000003 V. twn> TWCP_NONE,5100,1700,12,0,1944,61200,9,65536,587422128
000877 201424162709 S6 T00000003 V. twn> TWCP_NONE,5100,1700,12,0,1956,61200,9,65536,587422128
000878 201424163712 S6 T00000003 V. twn> SUCCESS
000879 201424169728 S6 T00000003 V. 
000880 201424169728 S6 T00000003 V. twn> DG_IMAGE/DAT_IMAGEMEMXFER/MSG_GET
000881 201424170730 S6 T00000003 V. twn> TWCP_NONE,5100,1700,12,0,1956,61200,9,65536,587422128
000882 201424171734 S6 T00000003 V. twn> TWCP_NONE,5100,1700,12,0,1968,61200,9,65536,587422128
000883 201424171734 S6 T00000003 V. twn> SUCCESS
000884 201424177749 S6 T00000003 V. 
000885 201424177749 S6 T00000003 V. twn> DG_IMAGE/DAT_IMAGEMEMXFER/MSG_GET
000886 201424178752 S6 T00000003 V. twn> TWCP_NONE,5100,1700,12,0,1968,61200,9,65536,587422128
000887 201424179755 S6 T00000003 V. twn> TWCP_NONE,5100,1700,12,0,1980,61200,9,65536,587422128
000888 201424179755 S6 T00000003 V. twn> SUCCESS
000889 201424185771 S6 T00000003 V. 
000890 201424186773 S6 T00000003 V. twn> DG_IMAGE/DAT_IMAGEMEMXFER/MSG_GET
000891 201424186773 S6 T00000003 V. twn> TWCP_NONE,5100,1700,12,0,1980,61200,9,65536,587422128
000892 201424187776 S6 T00000003 V. twn> TWCP_NONE,5100,1700,12,0,1992,61200,9,65536,587422128
000893 201424188779 S6 T00000003 V. twn> SUCCESS
000894 201424193793 S6 T00000003 V. 
000895 201424194807 S6 T00000003 V. twn> DG_IMAGE/DAT_IMAGEMEMXFER/MSG_GET
000896 201424194807 S6 T00000003 V. twn> TWCP_NONE,5100,1700,12,0,1992,61200,9,65536,587422128
000897 201424195797 S6 T00000003 V. twn> TWCP_NONE,5100,1700,12,0,2004,61200,9,65536,587422128
000898 201424195797 S6 T00000003 V. twn> SUCCESS
000899 201424224875 S6 T00000003 V. 
000900 201424224875 S6 T00000003 V. twn> DG_IMAGE/DAT_IMAGEMEMXFER/MSG_GET
000901 201424225877 S6 T00000003 V. twn> TWCP_NONE,5100,1700,12,0,2004,61200,9,65536,587422128
000902 201424225877 S6 T00000003 V. twn> TWCP_NONE,5100,1700,12,0,2016,61200,9,65536,587422128
000903 201424226881 S6 T00000003 V. twn> SUCCESS
000904 201424234904 S6 T00000003 V. 
000905 201424235406 S6 T00000003 V. twn> DG_IMAGE/DAT_IMAGEMEMXFER/MSG_GET
000906 201424235907 S6 T00000003 V. twn> TWCP_NONE,5100,1700,12,0,2016,61200,9,65536,587422128
000907 201424236910 S6 T00000003 V. twn> TWCP_NONE,5100,1700,12,0,2028,61200,9,65536,587422128
000908 201424237411 S6 T00000003 V. twn> SUCCESS
000909 201424244429 S6 T00000003 V. 
000910 201424244930 S6 T00000003 V. twn> DG_IMAGE/DAT_IMAGEMEMXFER/MSG_GET
000911 201424245432 S6 T00000003 V. twn> TWCP_NONE,5100,1700,12,0,2028,61200,9,65536,587422128
000912 201424246436 S6 T00000003 V. twn> TWCP_NONE,5100,1700,12,0,2040,61200,9,65536,587422128
000913 201424246936 S6 T00000003 V. twn> SUCCESS
000914 201424252454 S6 T00000003 V. 
000915 201424253462 S6 T00000003 V. twn> DG_IMAGE/DAT_IMAGEMEMXFER/MSG_GET
000916 201424253462 S6 T00000003 V. twn> TWCP_NONE,5100,1700,12,0,2040,61200,9,65536,587422128
000917 201424255462 S6 T00000003 V. twn> TWCP_NONE,5100,1700,12,0,2052,61200,9,65536,587422128
000918 201424255462 S6 T00000003 V. twn> SUCCESS
000919 201424261478 S6 T00000003 V. 
000920 201424262480 S6 T00000003 V. twn> DG_IMAGE/DAT_IMAGEMEMXFER/MSG_GET
000921 201424263483 S6 T00000003 V. twn> TWCP_NONE,5100,1700,12,0,2052,61200,9,65536,587422128
000922 201424264486 S6 T00000003 V. twn> TWCP_NONE,5100,1700,12,0,2064,61200,9,65536,587422128
000923 201424264486 S6 T00000003 V. twn> SUCCESS
000924 201424272507 S6 T00000003 V. 
000925 201424275516 S6 T00000003 V. twn> DG_IMA