000000 200551364662 S0 T00000001 V. ts:2018/01/15 20:05:51.366667 os:windows
000001 200551367169 S0 T00000001 V. TWAINCSScan v2.4.0.0
000002 200551383717 S0 T00000003 V. main>>> thread started...
000003 200551395748 S0 T00000003 V. 
000004 200551395748 S0 T00000003 V. twn> DG_CONTROL/DAT_PARENT/MSG_OPENDSM
000005 200551406777 S0 T00000003 V. twn> SUCCESS
000006 200559689981 S3 T00000003 V. 
000007 200559690995 S3 T00000003 V. twn> DG_CONTROL/DAT_IDENTITY/MSG_GETFIRST
000008 200559696015 S3 T00000003 V. twn> 1,2,1,ENG,USA,2.1.3 sample release 64bit,2,1,0x40000003,TWAIN Working Group,Software Scan,TWAIN2 FreeImage Software Scanner
000009 200559697015 S3 T00000003 V. twn> SUCCESS
000010 200559698002 S3 T00000003 V. 
000011 200559698002 S3 T00000003 V. twn> DG_CONTROL/DAT_IDENTITY/MSG_GETNEXT
000012 200559699004 S3 T00000003 V. twn> 0,0,0,DAN,0,,0,0,0x0,,,
000013 200559700022 S3 T00000003 V. twn> ENDOFLIST
000014 200559700022 S3 T00000003 V. 
000015 200559700022 S3 T00000003 V. twn> DG_CONTROL/DAT_IDENTITY/MSG_GETDEFAULT
000016 200559701009 S3 T00000003 V. twn> 1,2,1,ENG,USA,2.1.3 sample release 64bit,2,1,0x40000003,TWAIN Working Group,Software Scan,TWAIN2 FreeImage Software Scanner
000017 200559702012 S3 T00000003 V. twn> SUCCESS
000018 200600929953 S3 T00000003 V. 
000019 200600930955 S3 T00000003 V. twn> DG_CONTROL/DAT_IDENTITY/MSG_SET
000020 200600930955 S3 T00000003 V. twn> 1,2,1,ENG,USA,2.1.3 sample release 64bit,2,1,0x40000003,TWAIN Working Group,Software Scan,TWAIN2 FreeImage Software Scanner
000021 200600931957 S3 T00000003 V. twn> SUCCESS
000022 200600935966 S3 T00000003 V. 
000023 200600936971 S3 T00000003 V. twn> DG_CONTROL/DAT_ENTRYPOINT/MSG_GET
000024 200600936971 S3 T00000003 V. twn> 44,0x0,0x0,0x0,0x0,0x0
000025 200600938977 S3 T00000003 V. twn> 44,0x1800041B0,0x18000C1F0,0x18000C2B0,0x18000C310,0x18000C370
000026 200600939978 S3 T00000003 V. twn> SUCCESS
000027 200600939978 S3 T00000003 V. 
000028 200600939978 S3 T00000003 V. twn> DG_CONTROL/DAT_IDENTITY/MSG_OPENDS
000029 200600940981 S3 T00000003 V. twn> 1,2,1,ENG,USA,2.1.3 sample release 64bit,2,1,0x40000003,TWAIN Working Group,Software Scan,TWAIN2 FreeImage Software Scanner
000030 200600951037 S3 T00000003 V. twn> 1,2,1,ENG,USA,2.1.3 sample release 64bit,2,1,0x40000003,TWAIN Working Group,Software Scan,TWAIN2 FreeImage Software Scanner
000031 200600952010 S3 T00000003 V. twn> SUCCESS
000032 200600953013 S4 T00000003 V. 
000033 200600954016 S4 T00000003 V. twn> DG_CONTROL/DAT_CALLBACK/MSG_OPENDS
000034 200600954016 S4 T00000003 V. twn> 499791388,0,0
000035 200600955017 S4 T00000003 V. twn> SUCCESS
000036 200600973586 S4 T00000003 V. 
000037 200600974071 S4 T00000003 V. twn> DG_CONTROL/DAT_CAPABILITY/MSG_SET
000038 200600974572 S4 T00000003 V. twn> ICAP_XFERMECH,TWON_ONEVALUE,TWTY_UINT16,2
000039 200600975585 S4 T00000003 V. twn> ICAP_XFERMECH,TWON_ONEVALUE,TWTY_UINT16,2
000040 200600976078 S4 T00000003 V. twn> SUCCESS
000041 200600977597 S4 T00000003 V. 
000042 200600978083 S4 T00000003 V. twn> DG_CONTROL/DAT_CAPABILITY/MSG_SET
000043 200600978590 S4 T00000003 V. twn> CAP_INDICATORS,TWON_ONEVALUE,TWTY_BOOL,0
000044 200600979587 S4 T00000003 V. twn> CAP_INDICATORS,TWON_ONEVALUE,TWTY_BOOL,0
000045 200600980088 S4 T00000003 V. twn> SUCCESS
000046 200602285721 S4 T00000001 V. 
000047 200602286223 S4 T00000001 V. twn> DG_CONTROL/DAT_USERINTERFACE/MSG_ENABLEDS
000048 200602286724 S4 T00000001 V. twn> 0,0
000049 200602527410 S4 T00000001 V. twn> SUCCESS
000050 200602563507 S6 T00000003 V. 
000051 200602564510 S6 T00000003 V. twn> DG_CONTROL/DAT_CAPABILITY/MSG_GETCURRENT
000052 200602565511 S6 T00000003 V. twn> ICAP_XFERMECH,0,0
000053 200602565511 S6 T00000003 V. twn> ICAP_XFERMECH,TWON_ONEVALUE,TWTY_UINT16,2
000054 200602566515 S6 T00000003 V. twn> SUCCESS
000055 200602568519 S6 T00000003 V. 
000056 200602569521 S6 T00000003 V. twn> DG_CONTROL/DAT_SETUPMEMXFER/MSG_GET
000057 200602570527 S6 T00000003 V. twn> 5100,65536,65536
000058 200602571532 S6 T00000003 V. twn> SUCCESS
000059 200602575038 S6 T00000003 V. 
000060 200602575546 S6 T00000003 V. twn> DG_IMAGE/DAT_IMAGEMEMXFER/MSG_GET
000061 200602576041 S6 T00000003 V. twn> TWCP_NONE,0,0,0,0,0,0,9,65536,559825056
000062 200602582057 S6 T00000003 V. twn> TWCP_NONE,5100,1700,12,0,0,61200,9,65536,559825056
000063 200602582558 S6 T00000003 V. twn> SUCCESS
000064 200602583060 S6 T00000003 V. 
000065 200602583060 S6 T00000003 V. twn> DG_IMAGE/DAT_IMAGEMEMXFER/MSG_GET
000066 200602583561 S6 T00000003 V. twn> TWCP_NONE,5100,1700,12,0,0,61200,9,65536,559825056
000067 200602584565 S6 T00000003 V. twn> TWCP_NONE,5100,1700,12,0,12,61200,9,65536,559825056
000068 200602585070 S6 T00000003 V. twn> SUCCESS
000069 200602585567 S6 T00000003 V. 
000070 200602586068 S6 T00000003 V. twn> DG_IMAGE/DAT_IMAGEMEMXFER/MSG_GET
000071 200602586068 S6 T00000003 V. twn> TWCP_NONE,5100,1700,12,0,12,61200,9,65536,559825056
000072 200602587072 S6 T00000003 V. twn> TWCP_NONE,5100,1700,12,0,24,61200,9,65536,559825056
000073 200602587572 S6 T00000003 V. twn> SUCCESS
000074 200602588073 S6 T00000003 V. 
000075 200602588575 S6 T00000003 V. twn> DG_IMAGE/DAT_IMAGEMEMXFER/MSG_GET
000076 200602589076 S6 T00000003 V. twn> TWCP_NONE,5100,1700,12,0,24,61200,9,65536,559825056
000077 200602589577 S6 T00000003 V. twn> TWCP_NONE,5100,1700,12,0,36,61200,9,65536,559825056
000078 200602590079 S6 T00000003 V. twn> SUCCESS
000079 200602590079 S6 T00000003 V. 
000080 200602591255 S6 T00000003 V. twn> DG_IMAGE/DAT_IMAGEMEMXFER/MSG_GET
000081 200602591255 S6 T00000003 V. twn> TWCP_NONE,5100,1700,12,0,36,61200,9,65536,559825056
000082 200602592258 S6 T00000003 V. twn> TWCP_NONE,5100,1700,12,0,48,61200,9,65536,559825056
000083 200602592258 S6 T00000003 V. twn> SUCCESS
000084 200602593260 S6 T00000003 V. 
000085 200602593260 S6 T00000003 V. twn> DG_IMAGE/DAT_IMAGEMEMXFER/MSG_GET
000086 200602593260 S6 T00000003 V. twn> TWCP_NONE,5100,1700,12,0,48,61200,9,65536,559825056
000087 200602594263 S6 T00000003 V. twn> TWCP_NONE,5100,1700,12,0,60,61200,9,65536,559825056
000088 200602594263 S6 T00000003 V. twn> SUCCESS
000089 200602595266 S6 T00000003 V. 
000090 200602596269 S6 T00000003 V. twn> DG_IMAGE/DAT_IMAGEMEMXFER/MSG_GET
000091 200602597272 S6 T00000003 V. twn> TWCP_NONE,5100,1700,12,0,60,61200,9,65536,559825056
000092 200602597272 S6 T00000003 V. twn> TWCP_NONE,5100,1700,12,0,72,61200,9,65536,559825056
000093 200602598273 S6 T00000003 V. twn> SUCCESS
000094 200602599277 S6 T00000003 V. 
000095 200602599277 S6 T00000003 V. twn> DG_IMAGE/DAT_IMAGEMEMXFER/MSG_GET
000096 200602600279 S6 T00000003 V. twn> TWCP_NONE,5100,1700,12,0,72,61200,9,65536,559825056
000097 200602600279 S6 T00000003 V. twn> TWCP_NONE,5100,1700,12,0,84,61200,9,65536,559825056
000098 200602601282 S6 T00000003 V. twn> SUCCESS
000099 200602601282 S6 T00000003 V. 
000100 200602602285 S6 T00000003 V. twn> DG_IMAGE/DAT_IMAGEMEMXFER/MSG_GET
000101 200602602285 S6 T00000003 V. twn> TWCP_NONE,5100,1700,12,0,84,61200,9,65536,559825056
000102 200602603287 S6 T00000003 V. twn> TWCP_NONE,5100,1700,12,0,96,61200,9,65536,559825056
000103 200602604290 S6 T00000003 V. twn> SUCCESS
000104 200602604290 S6 T00000003 V. 
000105 200602605292 S6 T00000003 V. twn> DG_IMAGE/DAT_IMAGEMEMXFER/MSG_GET
000106 200602605292 S6 T00000003 V. twn> TWCP_NONE,5100,1700,12,0,96,61200,9,65536,559825056
000107 200602605292 S6 T00000003 V. twn> TWCP_NONE,5100,1700,12,0,108,61200,9,65536,559825056
000108 200602606309 S6 T00000003 V. twn> SUCCESS
000109 200602607298 S6 T00000003 V. 
000110 200602607298 S6 T00000003 V. twn> DG_IMAGE/DAT_IMAGEMEMXFER/MSG_GET
000111 200602607298 S6 T00000003 V. twn> TWCP_NONE,5100,1700,12,0,108,61200,9,65536,559825056
000112 200602608300 S6 T00000003 V. twn> TWCP_NONE,5100,1700,12,0,120,61200,9,65536,559825056
000113 200602608300 S6 T00000003 V. twn> SUCCESS
000114 200602610306 S6 T00000003 V. 
000115 200602611308 S6 T00000003 V. twn> DG_IMAGE/DAT_IMAGEMEMXFER/MSG_GET
000116 200602611308 S6 T00000003 V. twn> TWCP_NONE,5100,1700,12,0,120,61200,9,65536,559825056
000117 200602612311 S6 T00000003 V. twn> TWCP_NONE,5100,1700,12,0,132,61200,9,65536,559825056
000118 200602613314 S6 T00000003 V. twn> SUCCESS
000119 200602613314 S6 T00000003 V. 
000120 200602614332 S6 T00000003 V. twn> DG_IMAGE/DAT_IMAGEMEMXFER/MSG_GET
000121 200602614332 S6 T00000003 V. twn> TWCP_NONE,5100,1700,12,0,132,61200,9,65536,559825056
000122 200602615319 S6 T00000003 V. twn> TWCP_NONE,5100,1700,12,0,144,61200,9,65536,559825056
000123 200602615319 S6 T00000003 V. twn> SUCCESS
000124 200602616322 S6 T00000003 V. 
000125 200602616322 S6 T00000003 V. twn> DG_IMAGE/DAT_IMAGEMEMXFER/MSG_GET
000126 200602617325 S6 T00000003 V. twn> TWCP_NONE,5100,1700,12,0,144,61200,9,65536,559825056
000127 200602617325 S6 T00000003 V. twn> TWCP_NONE,5100,1700,12,0,156,61200,9,65536,559825056
000128 200602618327 S6 T00000003 V. twn> SUCCESS
000129 200602618327 S6 T00000003 V. 
000130 200602619330 S6 T00000003 V. twn> DG_IMAGE/DAT_IMAGEMEMXFER/MSG_GET
000131 200602619330 S6 T00000003 V. twn> TWCP_NONE,5100,1700,12,0,156,61200,9,65536,559825056
000132 200602620332 S6 T00000003 V. twn> TWCP_NONE,5100,1700,12,0,168,61200,9,65536,559825056
000133 200602621335 S6 T00000003 V. twn> SUCCESS
000134 200602622338 S6 T00000003 V. 
000135 200602622338 S6 T00000003 V. twn> DG_IMAGE/DAT_IMAGEMEMXFER/MSG_GET
000136 200602622338 S6 T00000003 V. twn> TWCP_NONE,5100,1700,12,0,168,61200,9,65536,559825056
000137 200602623341 S6 T00000003 V. twn> TWCP_NONE,5100,1700,12,0,180,61200,9,65536,559825056
000138 200602624343 S6 T00000003 V. twn> SUCCESS
000139 200602625346 S6 T00000003 V. 
000140 200602626348 S6 T00000003 V. twn> DG_IMAGE/DAT_IMAGEMEMXFER/MSG_GET
000141 200602626348 S6 T00000003 V. twn> TWCP_NONE,5100,1700,12,0,180,61200,9,65536,559825056
000142 200602627351 S6 T00000003 V. twn> TWCP_NONE,5100,1700,12,0,192,61200,9,65536,559825056
000143 200602627351 S6 T00000003 V. twn> SUCCESS
000144 200602628354 S6 T00000003 V. 
000145 200602629357 S6 T00000003 V. twn> DG_IMAGE/DAT_IMAGEMEMXFER/MSG_GET
000146 200602629357 S6 T00000003 V. twn> TWCP_NONE,5100,1700,12,0,192,61200,9,65536,559825056
000147 200602630358 S6 T00000003 V. twn> TWCP_NONE,5100,1700,12,0,204,61200,9,65536,559825056
000148 200602631362 S6 T00000003 V. twn> SUCCESS
000149 200602632365 S6 T00000003 V. 
000150 200602632365 S6 T00000003 V. twn> DG_IMAGE/DAT_IMAGEMEMXFER/MSG_GET
000151 200602633367 S6 T00000003 V. twn> TWCP_NONE,5100,1700,12,0,204,61200,9,65536,559825056
000152 200602633367 S6 T00000003 V. twn> TWCP_NONE,5100,1700,12,0,216,61200,9,65536,559825056
000153 200602634380 S6 T00000003 V. twn> SUCCESS
000154 200602635374 S6 T00000003 V. 
000155 200602635374 S6 T00000003 V. twn> DG_IMAGE/DAT_IMAGEMEMXFER/MSG_GET
000156 200602635374 S6 T00000003 V. twn> TWCP_NONE,5100,1700,12,0,216,61200,9,65536,559825056
000157 200602636375 S6 T00000003 V. twn> TWCP_NONE,5100,1700,12,0,228,61200,9,65536,559825056
000158 200602636375 S6 T00000003 V. twn> SUCCESS
000159 200602638380 S6 T00000003 V. 
000160 200602638380 S6 T00000003 V. twn> DG_IMAGE/DAT_IMAGEMEMXFER/MSG_GET
000161 200602639383 S6 T00000003 V. twn> TWCP_NONE,5100,1700,12,0,228,61200,9,65536,559825056
000162 200602639383 S6 T00000003 V. twn> TWCP_NONE,5100,1700,12,0,240,61200,9,65536,559825056
000163 200602640386 S6 T00000003 V. twn> SUCCESS
000164 200602641389 S6 T00000003 V. 
000165 200602641389 S6 T00000003 V. twn> DG_IMAGE/DAT_IMAGEMEMXFER/MSG_GET
000166 200602641389 S6 T00000003 V. twn> TWCP_NONE,5100,1700,12,0,240,61200,9,65536,559825056
000167 200602642391 S6 T00000003 V. twn> TWCP_NONE,5100,1700,12,0,252,61200,9,65536,559825056
000168 200602643401 S6 T00000003 V. twn> SUCCESS
000169 200602644398 S6 T00000003 V. 
000170 200602644398 S6 T00000003 V. twn> DG_IMAGE/DAT_IMAGEMEMXFER/MSG_GET
000171 200602645400 S6 T00000003 V. twn> TWCP_NONE,5100,1700,12,0,252,61200,9,65536,559825056
000172 200602645400 S6 T00000003 V. twn> TWCP_NONE,5100,1700,12,0,264,61200,9,65536,559825056
000173 200602646402 S6 T00000003 V. twn> SUCCESS
000174 200602647405 S6 T00000003 V. 
000175 200602648426 S6 T00000003 V. twn> DG_IMAGE/DAT_IMAGEMEMXFER/MSG_GET
000176 200602648426 S6 T00000003 V. twn> TWCP_NONE,5100,1700,12,0,264,61200,9,65536,559825056
000177 200602649410 S6 T00000003 V. twn> TWCP_NONE,5100,1700,12,0,276,61200,9,65536,559825056
000178 200602650412 S6 T00000003 V. twn> SUCCESS
000179 200602652417 S6 T00000003 V. 
000180 200602652417 S6 T00000003 V. twn> DG_IMAGE/DAT_IMAGEMEMXFER/MSG_GET
000181 200602653422 S6 T00000003 V. twn> TWCP_NONE,5100,1700,12,0,276,61200,9,65536,559825056
000182 200602653422 S6 T00000003 V. twn> TWCP_NONE,5100,1700,12,0,288,61200,9,65536,559825056
000183 200602654424 S6 T00000003 V. twn> SUCCESS
000184 200602655435 S6 T00000003 V. 
000185 200602655435 S6 T00000003 V. twn> DG_IMAGE/DAT_IMAGEMEMXFER/MSG_GET
000186 200602656428 S6 T00000003 V. twn> TWCP_NONE,5100,1700,12,0,288,61200,9,65536,559825056
000187 200602656428 S6 T00000003 V. twn> TWCP_NONE,5100,1700,12,0,300,61200,9,65536,559825056
000188 200602657442 S6 T00000003 V. twn> SUCCESS
000189 200602658434 S6 T00000003 V. 
000190 200602658434 S6 T00000003 V. twn> DG_IMAGE/DAT_IMAGEMEMXFER/MSG_GET
000191 200602659436 S6 T00000003 V. twn> TWCP_NONE,5100,1700,12,0,300,61200,9,65536,559825056
000192 200602659436 S6 T00000003 V. twn> TWCP_NONE,5100,1700,12,0,312,61200,9,65536,559825056
000193 200602660441 S6 T00000003 V. twn> SUCCESS
000194 200602661442 S6 T00000003 V. 
000195 200602662444 S6 T00000003 V. twn> DG_IMAGE/DAT_IMAGEMEMXFER/MSG_GET
000196 200602662444 S6 T00000003 V. twn> TWCP_NONE,5100,1700,12,0,312,61200,9,65536,559825056
000197 200602663448 S6 T00000003 V. twn> TWCP_NONE,5100,1700,12,0,324,61200,9,65536,559825056
000198 200602663448 S6 T00000003 V. twn> SUCCESS
000199 200602666455 S6 T00000003 V. 
000200 200602666455 S6 T00000003 V. twn> DG_IMAGE/DAT_IMAGEMEMXFER/MSG_GET
000201 200602666455 S6 T00000003 V. twn> TWCP_NONE,5100,1700,12,0,324,61200,9,65536,559825056
000202 200602667458 S6 T00000003 V. twn> TWCP_NONE,5100,1700,12,0,336,61200,9,65536,559825056
000203 200602668461 S6 T00000003 V. twn> SUCCESS
000204 200602669464 S6 T00000003 V. 
000205 200602670466 S6 T00000003 V. twn> DG_IMAGE/DAT_IMAGEMEMXFER/MSG_GET
000206 200602670466 S6 T00000003 V. twn> TWCP_NONE,5100,1700,12,0,336,61200,9,65536,559825056
000207 200602671469 S6 T00000003 V. twn> TWCP_NONE,5100,1700,12,0,348,61200,9,65536,559825056
000208 200602671469 S6 T00000003 V. twn> SUCCESS
000209 200602673474 S6 T00000003 V. 
000210 200602673474 S6 T00000003 V. twn> DG_IMAGE/DAT_IMAGEMEMXFER/MSG_GET
000211 200602674477 S6 T00000003 V. twn> TWCP_NONE,5100,1700,12,0,348,61200,9,65536,559825056
000212 200602674982 S6 T00000003 V. twn> TWCP_NONE,5100,1700,12,0,360,61200,9,65536,559825056
000213 200602675483 S6 T00000003 V. twn> SUCCESS
000214 200602677989 S6 T00000003 V. 
000215 200602678491 S6 T00000003 V. twn> DG_IMAGE/DAT_IMAGEMEMXFER/MSG_GET
000216 200602678491 S6 T00000003 V. twn> TWCP_NONE,5100,1700,12,0,360,61200,9,65536,559825056
000217 200602679995 S6 T00000003 V. twn> TWCP_NONE,5100,1700,12,0,372,61200,9,65536,559825056
000218 200602681499 S6 T00000003 V. twn> SUCCESS
000219 200602683506 S6 T00000003 V. 
000220 200602684006 S6 T00000003 V. twn> DG_IMAGE/DAT_IMAGEMEMXFER/MSG_GET
000221 200602685510 S6 T00000003 V. twn> TWCP_NONE,5100,1700,12,0,372,61200,9,65536,559825056
000222 200602686012 S6 T00000003 V. twn> TWCP_NONE,5100,1700,12,0,384,61200,9,65536,559825056
000223 200602686514 S6 T00000003 V. twn> SUCCESS
000224 200602688522 S6 T00000003 V. 
000225 200602689019 S6 T00000003 V. twn> DG_IMAGE/DAT_IMAGEMEMXFER/MSG_GET
000226 200602689521 S6 T00000003 V. twn> TWCP_NONE,5100,1700,12,0,384,61200,9,65536,559825056
000227 200602690022 S6 T00000003 V. twn> TWCP_NONE,5100,1700,12,0,396,61200,9,65536,559825056
000228 200602690022 S6 T00000003 V. twn> SUCCESS
000229 200602692258 S6 T00000003 V. 
000230 200602692258 S6 T00000003 V. twn> DG_IMAGE/DAT_IMAGEMEMXFER/MSG_GET
000231 200602693260 S6 T00000003 V. twn> TWCP_NONE,5100,1700,12,0,396,61200,9,65536,559825056
000232 200602693260 S6 T00000003 V. twn> TWCP_NONE,5100,1700,12,0,408,61200,9,65536,559825056
000233 200602694263 S6 T00000003 V. twn> SUCCESS
000234 200602696268 S6 T00000003 V. 
000235 200602696268 S6 T00000003 V. twn> DG_IMAGE/DAT_IMAGEMEMXFER/MSG_GET
000236 200602697270 S6 T00000003 V. twn> TWCP_NONE,5100,1700,12,0,408,61200,9,65536,559825056
000237 200602698273 S6 T00000003 V. twn> TWCP_NONE,5100,1700,12,0,420,61200,9,65536,559825056
000238 200602699276 S6 T00000003 V. twn> SUCCESS
000239 200602700279 S6 T00000003 V. 
000240 200602700279 S6 T00000003 V. twn> DG_IMAGE/DAT_IMAGEMEMXFER/MSG_GET
000241 200602701283 S6 T00000003 V. twn> TWCP_NONE,5100,1700,12,0,420,61200,9,65536,559825056
000242 200602701283 S6 T00000003 V. twn> TWCP_NONE,5100,1700,12,0,432,61200,9,65536,559825056
000243 200602702292 S6 T00000003 V. twn> SUCCESS
000244 200602703286 S6 T00000003 V. 
000245 200602703286 S6 T00000003 V. twn> DG_IMAGE/DAT_IMAGEMEMXFER/MSG_GET
000246 200602704289 S6 T00000003 V. twn> TWCP_NONE,5100,1700,12,0,432,61200,9,65536,559825056
000247 200602704289 S6 T00000003 V. twn> TWCP_NONE,5100,1700,12,0,444,61200,9,65536,559825056
000248 200602705304 S6 T00000003 V. twn> SUCCESS
000249 200602707297 S6 T00000003 V. 
000250 200602708300 S6 T00000003 V. twn> DG_IMAGE/DAT_IMAGEMEMXFER/MSG_GET
000251 200602708300 S6 T00000003 V. twn> TWCP_NONE,5100,1700,12,0,444,61200,9,65536,559825056
000252 200602709302 S6 T00000003 V. twn> TWCP_NONE,5100,1700,12,0,456,61200,9,65536,559825056
000253 200602709302 S6 T00000003 V. twn> SUCCESS
000254 200602710305 S6 T00000003 V. 
000255 200602711308 S6 T00000003 V. twn> DG_IMAGE/DAT_IMAGEMEMXFER/MSG_GET
000256 200602711308 S6 T00000003 V. twn> TWCP_NONE,5100,1700,12,0,456,61200,9,65536,559825056
000257 200602712310 S6 T00000003 V. twn> TWCP_NONE,5100,1700,12,0,468,61200,9,65536,559825056
000258 200602712310 S6 T00000003 V. twn> SUCCESS
000259 200602714316 S6 T00000003 V. 
000260 200602714316 S6 T00000003 V. twn> DG_IMAGE/DAT_IMAGEMEMXFER/MSG_GET
000261 200602715318 S6 T00000003 V. twn> TWCP_NONE,5100,1700,12,0,468,61200,9,65536,559825056
000262 200602715318 S6 T00000003 V. twn> TWCP_NONE,5100,1700,12,0,480,61200,9,65536,559825056
000263 200602715318 S6 T00000003 V. twn> SUCCESS
000264 200602717324 S6 T00000003 V. 
000265 200602717324 S6 T00000003 V. twn> DG_IMAGE/DAT_IMAGEMEMXFER/MSG_GET
000266 200602718325 S6 T00000003 V. twn> TWCP_NONE,5100,1700,12,0,480,61200,9,65536,559825056
000267 200602718325 S6 T00000003 V. twn> TWCP_NONE,5100,1700,12,0,492,61200,9,65536,559825056
000268 200602719328 S6 T00000003 V. twn> SUCCESS
000269 200602721334 S6 T00000003 V. 
000270 200602721334 S6 T00000003 V. twn> DG_IMAGE/DAT_IMAGEMEMXFER/MSG_GET
000271 200602722337 S6 T00000003 V. twn> TWCP_NONE,5100,1700,12,0,492,61200,9,65536,559825056
000272 200602722337 S6 T00000003 V. twn> TWCP_NONE,5100,1700,12,0,504,61200,9,65536,559825056
000273 200602723340 S6 T00000003 V. twn> SUCCESS
000274 200602724343 S6 T00000003 V. 
000275 200602724343 S6 T00000003 V. twn> DG_IMAGE/DAT_IMAGEMEMXFER/MSG_GET
000276 200602725345 S6 T00000003 V. twn> TWCP_NONE,5100,1700,12,0,504,61200,9,65536,559825056
000277 200602725345 S6 T00000003 V. twn> TWCP_NONE,5100,1700,12,0,516,61200,9,65536,559825056
000278 200602726348 S6 T00000003 V. twn> SUCCESS
000279 200602727351 S6 T00000003 V. 
000280 200602728353 S6 T00000003 V. twn> DG_IMAGE/DAT_IMAGEMEMXFER/MSG_GET
000281 200602728353 S6 T00000003 V. twn> TWCP_NONE,5100,1700,12,0,516,61200,9,65536,559825056
000282 200602729356 S6 T00000003 V. twn> TWCP_NONE,5100,1700,12,0,528,61200,9,65536,559825056
000283 200602729356 S6 T00000003 V. twn> SUCCESS
000284 200602732364 S6 T00000003 V. 
000285 200602733365 S6 T00000003 V. twn> DG_IMAGE/DAT_IMAGEMEMXFER/MSG_GET
000286 200602733365 S6 T00000003 V. twn> TWCP_NONE,5100,1700,12,0,528,61200,9,65536,559825056
000287 200602734369 S6 T00000003 V. twn> TWCP_NONE,5100,1700,12,0,540,61200,9,65536,559825056
000288 200602734369 S6 T00000003 V. twn> SUCCESS
000289 200602736375 S6 T00000003 V. 
000290 200602736375 S6 T00000003 V. twn> DG_IMAGE/DAT_IMAGEMEMXFER/MSG_GET
000291 200602736375 S6 T00000003 V. twn> TWCP_NONE,5100,1700,12,0,540,61200,9,65536,559825056
000292 200602737378 S6 T00000003 V. twn> TWCP_NONE,5100,1700,12,0,552,61200,9,65536,559825056
000293 200602737378 S6 T00000003 V. twn> SUCCESS
000294 200602739382 S6 T00000003 V. 
000295 200602739382 S6 T00000003 V. twn> DG_IMAGE/DAT_IMAGEMEMXFER/MSG_GET
000296 200602740385 S6 T00000003 V. twn> TWCP_NONE,5100,1700,12,0,552,61200,9,65536,559825056
000297 200602740385 S6 T00000003 V. twn> TWCP_NONE,5100,1700,12,0,564,61200,9,65536,559825056
000298 200602741388 S6 T00000003 V. twn> SUCCESS
000299 200602742391 S6 T00000003 V. 
000300 200602743393 S6 T00000003 V. twn> DG_IMAGE/DAT_IMAGEMEMXFER/MSG_GET
000301 200602743393 S6 T00000003 V. twn> TWCP_NONE,5100,1700,12,0,564,61200,9,65536,559825056
000302 200602744395 S6 T00000003 V. twn> TWCP_NONE,5100,1700,12,0,576,61200,9,65536,559825056
000303 200602744395 S6 T00000003 V. twn> SUCCESS
000304 200602747405 S6 T00000003 V. 
000305 200602748406 S6 T00000003 V. twn> DG_IMAGE/DAT_IMAGEMEMXFER/MSG_GET
000306 200602748406 S6 T00000003 V. twn> TWCP_NONE,5100,1700,12,0,576,61200,9,65536,559825056
000307 200602749408 S6 T00000003 V. twn> TWCP_NONE,5100,1700,12,0,588,61200,9,65536,559825056
000308 200602749408 S6 T00000003 V. twn> SUCCESS
000309 200602751416 S6 T00000003 V. 
000310 200602751416 S6 T00000003 V. twn> DG_IMAGE/DAT_IMAGEMEMXFER/MSG_GET
000311 200602751416 S6 T00000003 V. twn> TWCP_NONE,5100,1700,12,0,588,61200,9,65536,559825056
000312 200602752417 S6 T00000003 V. twn> TWCP_NONE,5100,1700,12,0,600,61200,9,65536,559825056
000313 200602753420 S6 T00000003 V. twn> SUCCESS
000314 200602754423 S6 T00000003 V. 
000315 200602754423 S6 T00000003 V. twn> DG_IMAGE/DAT_IMAGEMEMXFER/MSG_GET
000316 200602755425 S6 T00000003 V. twn> TWCP_NONE,5100,1700,12,0,600,61200,9,65536,559825056
000317 200602755425 S6 T00000003 V. twn> TWCP_NONE,5100,1700,12,0,612,61200,9,65536,559825056
000318 200602756440 S6 T00000003 V. twn> SUCCESS
000319 200602758433 S6 T00000003 V. 
000320 200602780867 S6 T00000003 V. twn> DG_IMAGE/DAT_IMAGEMEMXFER/MSG_GET
000321 200602781369 S6 T00000003 V. twn> TWCP_NONE,5100,1700,12,0,612,61200,9,65536,559825056
000322 200602781870 S6 T00000003 V. twn> TWCP_NONE,5100,1700,12,0,624,61200,9,65536,559825056
000323 200602782372 S6 T00000003 V. twn> SUCCESS
000324 200602783875 S6 T00000003 V. 
000325 200602784377 S6 T00000003 V. twn> DG_IMAGE/DAT_IMAGEMEMXFER/MSG_GET
000326 200602784377 S6 T00000003 V. twn> TWCP_NONE,5100,1700,12,0,624,61200,9,65536,559825056
000327 200602785380 S6 T00000003 V. twn> TWCP_NONE,5100,1700,12,0,636,61200,9,65536,559825056
000328 200602785881 S6 T00000003 V. twn> SUCCESS
000329 200602787385 S6 T00000003 V. 
000330 200602787886 S6 T00000003 V. twn> DG_IMAGE/DAT_IMAGEMEMXFER/MSG_GET
000331 200602788387 S6 T00000003 V. twn> TWCP_NONE,5100,1700,12,0,636,61200,9,65536,559825056
000332 200602788889 S6 T00000003 V. twn> TWCP_NONE,5100,1700,12,0,648,61200,9,65536,559825056
000333 200602789390 S6 T00000003 V. twn> SUCCESS
000334 200602790394 S6 T00000003 V. 
000335 200602791396 S6 T00000003 V. twn> DG_IMAGE/DAT_IMAGEMEMXFER/MSG_GET
000336 200602791396 S6 T00000003 V. twn> TWCP_NONE,5100,1700,12,0,648,61200,9,65536,559825056
000337 200602792400 S6 T00000003 V. twn> TWCP_NONE,5100,1700,12,0,660,61200,9,65536,559825056
000338 200602792400 S6 T00000003 V. twn> SUCCESS
000339 200602795408 S6 T00000003 V. 
000340 200602795408 S6 T00000003 V. twn> DG_IMAGE/DAT_IMAGEMEMXFER/MSG_GET
000341 200602795408 S6 T00000003 V. twn> TWCP_NONE,5100,1700,12,0,660,61200,9,65536,559825056
000342 200602796410 S6 T00000003 V. twn> TWCP_NONE,5100,1700,12,0,672,61200,9,65536,559825056
000343 200602796410 S6 T00000003 V. twn> SUCCESS
000344 200602798416 S6 T00000003 V. 
000345 200602799417 S6 T00000003 V. twn> DG_IMAGE/DAT_IMAGEMEMXFER/MSG_GET
000346 200602799417 S6 T00000003 V. twn> TWCP_NONE,5100,1700,12,0,672,61200,9,65536,559825056
000347 200602800421 S6 T00000003 V. twn> TWCP_NONE,5100,1700,12,0,684,61200,9,65536,559825056
000348 200602800421 S6 T00000003 V. twn> SUCCESS
000349 200602802427 S6 T00000003 V. 
000350 200602802427 S6 T00000003 V. twn> DG_IMAGE/DAT_IMAGEMEMXFER/MSG_GET
000351 200602802427 S6 T00000003 V. twn> TWCP_NONE,5100,1700,12,0,684,61200,9,65536,559825056
000352 200602803429 S6 T00000003 V. twn> TWCP_NONE,5100,1700,12,0,696,61200,9,65536,559825056
000353 200602803429 S6 T00000003 V. twn> SUCCESS
000354 200602806437 S6 T00000003 V. 
000355 200602827518 S6 T00000003 V. twn> DG_IMAGE/DAT_IMAGEMEMXFER/MSG_GET
000356 200602827518 S6 T00000003 V. twn> TWCP_NONE,5100,1700,12,0,696,61200,9,65536,559825056
000357 200602828518 S6 T00000003 V. twn> TWCP_NONE,5100,1700,12,0,708,61200,9,65536,559825056
000358 200602828518 S6 T00000003 V. twn> SUCCESS
000359 200602830524 S6 T00000003 V. 
000360 200602831526 S6 T00000003 V. twn> DG_IMAGE/DAT_IMAGEMEMXFER/MSG_GET
000361 200602831526 S6 T00000003 V. twn> TWCP_NONE,5100,1700,12,0,708,61200,9,65536,559825056
000362 200602832529 S6 T00000003 V. twn> TWCP_NONE,5100,1700,12,0,720,61200,9,65536,559825056
000363 200602832529 S6 T00000003 V. twn> SUCCESS
000364 200602834534 S6 T00000003 V. 
000365 200602835536 S6 T00000003 V. twn> DG_IMAGE/DAT_IMAGEMEMXFER/MSG_GET
000366 200602835536 S6 T00000003 V. twn> TWCP_NONE,5100,1700,12,0,720,61200,9,65536,559825056
000367 200602836540 S6 T00000003 V. twn> TWCP_NONE,5100,1700,12,0,732,61200,9,65536,559825056
000368 200602836540 S6 T00000003 V. twn> SUCCESS
000369 200602838545 S6 T00000003 V. 
000370 200602838545 S6 T00000003 V. twn> DG_IMAGE/DAT_IMAGEMEMXFER/MSG_GET
000371 200602838545 S6 T00000003 V. twn> TWCP_NONE,5100,1700,12,0,732,61200,9,65536,559825056
000372 200602839547 S6 T00000003 V. twn> TWCP_NONE,5100,1700,12,0,744,61200,9,65536,559825056
000373 200602839547 S6 T00000003 V. twn> SUCCESS
000374 200602842556 S6 T00000003 V. 
000375 200602843571 S6 T00000003 V. twn> DG_IMAGE/DAT_IMAGEMEMXFER/MSG_GET
000376 200602843571 S6 T00000003 V. twn> TWCP_NONE,5100,1700,12,0,744,61200,9,65536,559825056
000377 200602844561 S6 T00000003 V. twn> TWCP_NONE,5100,1700,12,0,756,61200,9,65536,559825056
000378 200602844561 S6 T00000003 V. twn> SUCCESS
000379 200602846568 S6 T00000003 V. 
000380 200602847570 S6 T00000003 V. twn> DG_IMAGE/DAT_IMAGEMEMXFER/MSG_GET
000381 200602847570 S6 T00000003 V. twn> TWCP_NONE,5100,1700,12,0,756,61200,9,65536,559825056
000382 200602848573 S6 T00000003 V. twn> TWCP_NONE,5100,1700,12,0,768,61200,9,65536,559825056
000383 200602848573 S6 T00000003 V. twn> SUCCESS
000384 200602850581 S6 T00000003 V. 
000385 200602850581 S6 T00000003 V. twn> DG_IMAGE/DAT_IMAGEMEMXFER/MSG_GET
000386 200602850581 S6 T00000003 V. twn> TWCP_NONE,5100,1700,12,0,768,61200,9,65536,559825056
000387 200602851580 S6 T00000003 V. twn> TWCP_NONE,5100,1700,12,0,780,61200,9,65536,559825056
000388 200602851580 S6 T00000003 V. twn> SUCCESS
000389 200602855590 S6 T00000003 V. 
000390 200602856593 S6 T00000003 V. twn> DG_IMAGE/DAT_IMAGEMEMXFER/MSG_GET
000391 200602856593 S6 T00000003 V. twn> TWCP_NONE,5100,1700,12,0,780,61200,9,65536,559825056
000392 200602857595 S6 T00000003 V. twn> TWCP_NONE,5100,1700,12,0,792,61200,9,65536,559825056
000393 200602857595 S6 T00000003 V. twn> SUCCESS
000394 200602859602 S6 T00000003 V. 
000395 200602860604 S6 T00000003 V. twn> DG_IMAGE/DAT_IMAGEMEMXFER/MSG_GET
000396 200602860604 S6 T00000003 V. twn> TWCP_NONE,5100,1700,12,0,792,61200,9,65536,559825056
000397 200602861607 S6 T00000003 V. twn> TWCP_NONE,5100,1700,12,0,804,61200,9,65536,559825056
000398 200602861607 S6 T00000003 V. twn> SUCCESS
000399 200602864614 S6 T00000003 V. 
000400 200602864614 S6 T00000003 V. twn> DG_IMAGE/DAT_IMAGEMEMXFER/MSG_GET
000401 200602864614 S6 T00000003 V. twn> TWCP_NONE,5100,1700,12,0,804,61200,9,65536,559825056
000402 200602865617 S6 T00000003 V. twn> TWCP_NONE,5100,1700,12,0,816,61200,9,65536,559825056
000403 200602865617 S6 T00000003 V. twn> SUCCESS
000404 200602867623 S6 T00000003 V. 
000405 200602868624 S6 T00000003 V. twn> DG_IMAGE/DAT_IMAGEMEMXFER/MSG_GET
000406 200602868624 S6 T00000003 V. twn> TWCP_NONE,5100,1700,12,0,816,61200,9,65536,559825056
000407 200602869628 S6 T00000003 V. twn> TWCP_NONE,5100,1700,12,0,828,61200,9,65536,559825056
000408 200602869628 S6 T00000003 V. twn> SUCCESS
000409 200602872636 S6 T00000003 V. 
000410 200602873637 S6 T00000003 V. twn> DG_IMAGE/DAT_IMAGEMEMXFER/MSG_GET
000411 200602873637 S6 T00000003 V. twn> TWCP_NONE,5100,1700,12,0,828,61200,9,65536,559825056
000412 200602873637 S6 T00000003 V. twn> TWCP_NONE,5100,1700,12,0,840,61200,9,65536,559825056
000413 200602874641 S6 T00000003 V. twn> SUCCESS
000414 200602876653 S6 T00000003 V. 
000415 200602877151 S6 T00000003 V. twn> DG_IMAGE/DAT_IMAGEMEMXFER/MSG_GET
000416 200602877658 S6 T00000003 V. twn> TWCP_NONE,5100,1700,12,0,840,61200,9,65536,559825056
000417 200602878655 S6 T00000003 V. twn> TWCP_NONE,5100,1700,12,0,852,61200,9,65536,559825056
000418 200602878655 S6 T00000003 V. twn> SUCCESS
000419 200602881164 S6 T00000003 V. 
000420 200602881676 S6 T00000003 V. twn> DG_IMAGE/DAT_IMAGEMEMXFER/MSG_GET
000421 200602882166 S6 T00000003 V. twn> TWCP_NONE,5100,1700,12,0,852,61200,9,65536,559825056
000422 200602882666 S6 T00000003 V. twn> TWCP_NONE,5100,1700,12,0,864,61200,9,65536,559825056
000423 200602883169 S6 T00000003 V. twn> SUCCESS
000424 200602886677 S6 T00000003 V. 
000425 200602888681 S6 T00000003 V. twn> DG_IMAGE/DAT_IMAGEMEMXFER/MSG_GET
000426 200602889183 S6 T00000003 V. twn> TWCP_NONE,5100,1700,12,0,864,61200,9,65536,559825056
000427 200602890186 S6 T00000003 V. twn> TWCP_NONE,5100,1700,12,0,876,61200,9,65536,559825056
000428 200602890186 S6 T00000003 V. twn> SUCCESS
000429 200602892367 S6 T00000003 V. 
000430 200602893369 S6 T00000003 V. twn> DG_IMAGE/DAT_IMAGEMEMXFER/MSG_GET
000431 200602893369 S6 T00000003 V. twn> TWCP_NONE,5100,1700,12,0,876,61200,9,65536,559825056
000432 200602894373 S6 T00000003 V. twn> TWCP_NONE,5100,1700,12,0,888,61200,9,65536,559825056
000433 200602894373 S6 T00000003 V. twn> SUCCESS
000434 200602897380 S6 T00000003 V. 
000435 200602898383 S6 T00000003 V. twn> DG_IMAGE/DAT_IMAGEMEMXFER/MSG_GET
000436 200602898383 S6 T00000003 V. twn> TWCP_NONE,5100,1700,12,0,888,61200,9,65536,559825056
000437 200602900388 S6 T00000003 V. twn> TWCP_NONE,5100,1700,12,0,900,61200,9,65536,559825056
000438 200602900388 S6 T00000003 V. twn> SUCCESS
000439 200602903397 S6 T00000003 V. 
000440 200602904399 S6 T00000003 V. twn> DG_IMAGE/DAT_IMAGEMEMXFER/MSG_GET
000441 200602904399 S6 T00000003 V. twn> TWCP_NONE,5100,1700,12,0,900,61200,9,65536,559825056
000442 200602904399 S6 T00000003 V. twn> TWCP_NONE,5100,1700,12,0,912,61200,9,65536,559825056
000443 200602905402 S6 T00000003 V. twn> SUCCESS
000444 200602908409 S6 T00000003 V. 
000445 200602909413 S6 T00000003 V. twn> DG_IMAGE/DAT_IMAGEMEMXFER/MSG_GET
000446 200602909413 S6 T00000003 V. twn> TWCP_NONE,5100,1700,12,0,912,61200,9,65536,559825056
000447 200602910415 S6 T00000003 V. twn> TWCP_NONE,5100,1700,12,0,924,61200,9,65536,559825056
000448 200602910415 S6 T00000003 V. twn> SUCCESS
000449 200602912421 S6 T00000003 V. 
000450 200602913424 S6 T00000003 V. twn> DG_IMAGE/DAT_IMAGEMEMXFER/MSG_GET
000451 200602913424 S6 T00000003 V. twn> TWCP_NONE,5100,1700,12,0,924,61200,9,65536,559825056
000452 200602914426 S6 T00000003 V. twn> TWCP_NONE,5100,1700,12,0,936,61200,9,65536,559825056
000453 200602915429 S6 T00000003 V. twn> SUCCESS
000454 200602919441 S6 T00000003 V. 
000455 200602920442 S6 T00000003 V. twn> DG_IMAGE/DAT_IMAGEMEMXFER/MSG_GET
000456 200602920442 S6 T00000003 V. twn> TWCP_NONE,5100,1700,12,0,936,61200,9,65536,559825056
000457 200602922448 S6 T00000003 V. twn> TWCP_NONE,5100,1700,12,0,948,61200,9,65536,559825056
000458 200602922448 S6 T00000003 V. twn> SUCCESS
000459 200602927461 S6 T00000003 V. 
000460 200602928463 S6 T00000003 V. twn> DG_IMAGE/DAT_IMAGEMEMXFER/MSG_GET
000461 200602929465 S6 T00000003 V. twn> TWCP_NONE,5100,1700,12,0,948,61200,9,65536,559825056
000462 200602929465 S6 T00000003 V. twn> TWCP_NONE,5100,1700,12,0,960,61200,9,65536,559825056
000463 200602930469 S6 T00000003 V. twn> SUCCESS
000464 200602933476 S6 T00000003 V. 
000465 200602933476 S6 T00000003 V. twn> DG_IMAGE/DAT_IMAGEMEMXFER/MSG_GET
000466 200602934479 S6 T00000003 V. twn> TWCP_NONE,5100,1700,12,0,960,61200,9,65536,559825056
000467 200602934479 S6 T00000003 V. twn> TWCP_NONE,5100,1700,12,0,972,61200,9,65536,559825056
000468 200602935482 S6 T00000003 V. twn> SUCCESS
000469 200602937487 S6 T00000003 V. 
000470 200602937487 S6 T00000003 V. twn> DG_IMAGE/DAT_IMAGEMEMXFER/MSG_GET
000471 200602938490 S6 T00000003 V. twn> TWCP_NONE,5100,1700,12,0,972,61200,9,65536,559825056
000472 200602938490 S6 T00000003 V. twn> TWCP_NONE,5100,1700,12,0,984,61200,9,65536,559825056
000473 200602938490 S6 T00000003 V. twn> SUCCESS
000474 200602941497 S6 T00000003 V. 
000475 200602941497 S6 T00000003 V. twn> DG_IMAGE/DAT_IMAGEMEMXFER/MSG_GET
000476 200602941497 S6 T00000003 V. twn> TWCP_NONE,5100,1700,12,0,984,61200,9,65536,559825056
000477 200602942500 S6 T00000003 V. twn> TWCP_NONE,5100,1700,12,0,996,61200,9,65536,559825056
000478 200602942500 S6 T00000003 V. twn> SUCCESS
000479 200602947514 S6 T00000003 V. 
000480 200602947514 S6 T00000003 V. twn> DG_IMAGE/DAT_IMAGEMEMXFER/MSG_GET
000481 200602947514 S6 T00000003 V. twn> TWCP_NONE,5100,1700,12,0,996,61200,9,65536,559825056
000482 200602948516 S6 T00000003 V. twn> TWCP_NONE,5100,1700,12,0,1008,61200,9,65536,559825056
000483 200602949519 S6 T00000003 V. twn> SUCCESS
000484 200602951525 S6 T00000003 V. 
000485 200602951525 S6 T00000003 V. twn> DG_IMAGE/DAT_IMAGEMEMXFER/MSG_GET
000486 200602952527 S6 T00000003 V. twn> TWCP_NONE,5100,1700,12,0,1008,61200,9,65536,559825056
000487 200602952527 S6 T00000003 V. twn> TWCP_NONE,5100,1700,12,0,1020,61200,9,65536,559825056
000488 200602952527 S6 T00000003 V. twn> SUCCESS
000489 200602955536 S6 T00000003 V. 
000490 200602955536 S6 T00000003 V. twn> DG_IMAGE/DAT_IMAGEMEMXFER/MSG_GET
000491 200602955536 S6 T00000003 V. twn> TWCP_NONE,5100,1700,12,0,1020,61200,9,65536,559825056
000492 200602956538 S6 T00000003 V. twn> TWCP_NONE,5100,1700,12,0,1032,61200,9,65536,559825056
000493 200602956538 S6 T00000003 V. twn> SUCCESS
000494 200602960548 S6 T00000003 V. 
000495 200602962553 S6 T00000003 V. twn> DG_IMAGE/DAT_IMAGEMEMXFER/MSG_GET
000496 200602963556 S6 T00000003 V. twn> TWCP_NONE,5100,1700,12,0,1032,61200,9,65536,559825056
000497 200602964560 S6 T00000003 V. twn> TWCP_NONE,5100,1700,12,0,1044,61200,9,65536,559825056
000498 200602964560 S6 T00000003 V. twn> SUCCESS
000499 200602967567 S6 T00000003 V. 
000500 200602967567 S6 T00000003 V. twn> DG_IMAGE/DAT_IMAGEMEMXFER/MSG_GET
000501 200602968569 S6 T00000003 V. twn> TWCP_NONE,5100,1700,12,0,1044,61200,9,65536,559825056
000502 200602968569 S6 T00000003 V. twn> TWCP_NONE,5100,1700,12,0,1056,61200,9,65536,559825056
000503 200602968569 S6 T00000003 V. twn> SUCCESS
000504 200602971578 S6 T00000003 V. 
000505 200602971578 S6 T00000003 V. twn> DG_IMAGE/DAT_IMAGEMEMXFER/MSG_GET
000506 200602972580 S6 T00000003 V. twn> TWCP_NONE,5100,1700,12,0,1056,61200,9,65536,559825056
000507 200602972580 S6 T00000003 V. twn> TWCP_NONE,5100,1700,12,0,1068,61200,9,65536,559825056
000508 200602973583 S6 T00000003 V. twn> SUCCESS
000509 200602976093 S6 T00000003 V. 
000510 200602976595 S6 T00000003 V. twn> DG_IMAGE/DAT_IMAGEMEMXFER/MSG_GET
000511 200602977106 S6 T00000003 V. twn> TWCP_NONE,5100,1700,12,0,1068,61200,9,65536,559825056
000512 200602977598 S6 T00000003 V. twn> TWCP_NONE,5100,1700,12,0,1080,61200,9,65536,559825056
000513 200602977598 S6 T00000003 V. twn> SUCCESS
000514 200602982111 S6 T00000003 V. 
000515 200602982610 S6 T00000003 V. twn> DG_IMAGE/DAT_IMAGEMEMXFER/MSG_GET
000516 200602982610 S6 T00000003 V. twn> TWCP_NONE,5100,1700,12,0,1080,61200,9,65536,559825056
000517 200602983614 S6 T00000003 V. twn> TWCP_NONE,5100,1700,12,0,1092,61200,9,65536,559825056
000518 200602983614 S6 T00000003 V. twn> SUCCESS
000519 200602987625 S6 T00000003 V. 
000520 200603008287 S6 T00000003 V. twn> DG_IMAGE/DAT_IMAGEMEMXFER/MSG_GET
000521 200603008287 S6 T00000003 V. twn> TWCP_NONE,5100,1700,12,0,1092,61200,9,65536,559825056
000522 200603009288 S6 T00000003 V. twn> TWCP_NONE,5100,1700,12,0,1104,61200,9,65536,559825056
000523 200603009288 S6 T00000003 V. twn> SUCCESS
000524 200603012296 S6 T00000003 V. 
000525 200603013298 S6 T00000003 V. twn> DG_IMAGE/DAT_IMAGEMEMXFER/MSG_GET
000526 200603013298 S6 T00000003 V. twn> TWCP_NONE,5100,1700,12,0,1104,61200,9,65536,559825056
000527 200603013298 S6 T00000003 V. twn> TWCP_NONE,5100,1700,12,0,1116,61200,9,65536,559825056
000528 200603014301 S6 T00000003 V. twn> SUCCESS
000529 200603016307 S6 T00000003 V. 
000530 200603017308 S6 T00000003 V. twn> DG_IMAGE/DAT_IMAGEMEMXFER/MSG_GET
000531 200603017308 S6 T00000003 V. twn> TWCP_NONE,5100,1700,12,0,1116,61200,9,65536,559825056
000532 200603018311 S6 T00000003 V. twn> TWCP_NONE,5100,1700,12,0,1128,61200,9,65536,559825056
000533 200603018311 S6 T00000003 V. twn> SUCCESS
000534 200603021320 S6 T00000003 V. 
000535 200603021320 S6 T00000003 V. twn> DG_IMAGE/DAT_IMAGEMEMXFER/MSG_GET
000536 200603022322 S6 T00000003 V. twn> TWCP_NONE,5100,1700,12,0,1128,61200,9,65536,559825056
000537 200603022322 S6 T00000003 V. twn> TWCP_NONE,5100,1700,12,0,1140,61200,9,65536,559825056
000538 200603023325 S6 T00000003 V. twn> SUCCESS
000539 200603025330 S6 T00000003 V. 
000540 200603026333 S6 T00000003 V. twn> DG_IMAGE/DAT_IMAGEMEMXFER/MSG_GET
000541 200603026333 S6 T00000003 V. twn> TWCP_NONE,5100,1700,12,0,1140,61200,9,65536,559825056
000542 200603027335 S6 T00000003 V. twn> TWCP_NONE,5100,1700,12,0,1152,61200,9,65536,559825056
000543 200603027335 S6 T00000003 V. twn> SUCCESS
000544 200603030344 S6 T00000003 V. 
000545 200603031354 S6 T00000003 V. twn> DG_IMAGE/DAT_IMAGEMEMXFER/MSG_GET
000546 200603031354 S6 T00000003 V. twn> TWCP_NONE,5100,1700,12,0,1152,61200,9,65536,559825056
000547 200603032349 S6 T00000003 V. twn> TWCP_NONE,5100,1700,12,0,1164,61200,9,65536,559825056
000548 200603032349 S6 T00000003 V. twn> SUCCESS
000549 200603035358 S6 T00000003 V. 
000550 200603035358 S6 T00000003 V. twn> DG_IMAGE/DAT_IMAGEMEMXFER/MSG_GET
000551 200603035358 S6 T00000003 V. twn> TWCP_NONE,5100,1700,12,0,1164,61200,9,65536,559825056
000552 200603036360 S6 T00000003 V. twn> TWCP_NONE,5100,1700,12,0,1176,61200,9,65536,559825056
000553 200603036360 S6 T00000003 V. twn> SUCCESS
000554 200603039369 S6 T00000003 V. 
000555 200603040370 S6 T00000003 V. twn> DG_IMAGE/DAT_IMAGEMEMXFER/MSG_GET
000556 200603040370 S6 T00000003 V. twn> TWCP_NONE,5100,1700,12,0,1176,61200,9,65536,559825056
000557 200603041373 S6 T00000003 V. twn> TWCP_NONE,5100,1700,12,0,1188,61200,9,65536,559825056
000558 200603041373 S6 T00000003 V. twn> SUCCESS
000559 200603044380 S6 T00000003 V. 
000560 200603044380 S6 T00000003 V. twn> DG_IMAGE/DAT_IMAGEMEMXFER/MSG_GET
000561 200603045383 S6 T00000003 V. twn> TWCP_NONE,5100,1700,12,0,1188,61200,9,65536,559825056
000562 200603045383 S6 T00000003 V. twn> TWCP_NONE,5100,1700,12,0,1200,61200,9,65536,559825056
000563 200603046386 S6 T00000003 V. twn> SUCCESS
000564 200603049393 S6 T00000003 V. 
000565 200603049393 S6 T00000003 V. twn> DG_IMAGE/DAT_IMAGEMEMXFER/MSG_GET
000566 200603049393 S6 T00000003 V. twn> TWCP_NONE,5100,1700,12,0,1200,61200,9,65536,559825056
000567 200603050396 S6 T00000003 V. twn> TWCP_NONE,5100,1700,12,0,1212,61200,9,65536,559825056
000568 200603050396 S6 T00000003 V. twn> SUCCESS
000569 200603053406 S6 T00000003 V. 
000570 200603054407 S6 T00000003 V. twn> DG_IMAGE/DAT_IMAGEMEMXFER/MSG_GET
000571 200603054407 S6 T00000003 V. twn> TWCP_NONE,5100,1700,12,0,1212,61200,9,65536,559825056
000572 200603055410 S6 T00000003 V. twn> TWCP_NONE,5100,1700,12,0,1224,61200,9,65536,559825056
000573 200603055410 S6 T00000003 V. twn> SUCCESS
000574 200603061426 S6 T00000003 V. 
000575 200603062443 S6 T00000003 V. twn> DG_IMAGE/DAT_IMAGEMEMXFER/MSG_GET
000576 200603062443 S6 T00000003 V. twn> TWCP_NONE,5100,1700,12,0,1224,61200,9,65536,559825056
000577 200603063431 S6 T00000003 V. twn> TWCP_NONE,5100,1700,12,0,1236,61200,9,65536,559825056
000578 200603063431 S6 T00000003 V. twn> SUCCESS
000579 200603068447 S6 T00000003 V. 
000580 200603069448 S6 T00000003 V. twn> DG_IMAGE/DAT_IMAGEMEMXFER/MSG_GET
000581 200603069448 S6 T00000003 V. twn> TWCP_NONE,5100,1700,12,0,1236,61200,9,65536,559825056
000582 200603069448 S6 T00000003 V. twn> TWCP_NONE,5100,1700,12,0,1248,61200,9,65536,559825056
000583 200603070450 S6 T00000003 V. twn> SUCCESS
000584 200603073459 S6 T00000003 V. 
000585 200603073459 S6 T00000003 V. twn> DG_IMAGE/DAT_IMAGEMEMXFER/MSG_GET
000586 200603073459 S6 T00000003 V. twn> TWCP_NONE,5100,1700,12,0,1248,61200,9,65536,559825056
000587 200603074965 S6 T00000003 V. twn> TWCP_NONE,5100,1700,12,0,1260,61200,9,65536,559825056
000588 200603074965 S6 T00000003 V. twn> SUCCESS
000589 200603077974 S6 T00000003 V. 
000590 200603078475 S6 T00000003 V. twn> DG_IMAGE/DAT_IMAGEMEMXFER/MSG_GET
000591 200603078976 S6 T00000003 V. twn> TWCP_NONE,5100,1700,12,0,1260,61200,9,65536,559825056
000592 200603079477 S6 T00000003 V. twn> TWCP_NONE,5100,1700,12,0,1272,61200,9,65536,559825056
000593 200603079979 S6 T00000003 V. twn> SUCCESS
000594 200603082989 S6 T00000003 V. 
000595 200603083488 S6 T00000003 V. twn> DG_IMAGE/DAT_IMAGEMEMXFER/MSG_GET
000596 200603083990 S6 T00000003 V. twn> TWCP_NONE,5100,1700,12,0,1272,61200,9,65536,559825056
000597 200603084490 S6 T00000003 V. twn> TWCP_NONE,5100,1700,12,0,1284,61200,9,65536,559825056
000598 200603084992 S6 T00000003 V. twn> SUCCESS
000599 200603088002 S6 T00000003 V. 
000600 200603088501 S6 T00000003 V. twn> DG_IMAGE/DAT_IMAGEMEMXFER/MSG_GET
000601 200603088501 S6 T00000003 V. twn> TWCP_NONE,5100,1700,12,0,1284,61200,9,65536,559825056
000602 200603089505 S6 T00000003 V. twn> TWCP_NONE,5100,1700,12,0,1296,61200,9,65536,559825056
000603 200603089505 S6 T00000003 V. twn> SUCCESS
000604 200603092634 S6 T00000003 V. 
000605 200603092634 S6 T00000003 V. twn> DG_IMAGE/DAT_IMAGEMEMXFER/MSG_GET
000606 200603092634 S6 T00000003 V. twn> TWCP_NONE,5100,1700,12,0,1296,61200,9,65536,559825056
000607 200603093633 S6 T00000003 V. twn> TWCP_NONE,5100,1700,12,0,1308,61200,9,65536,559825056
000608 200603093633 S6 T00000003 V. twn> SUCCESS
000609 200603097648 S6 T00000003 V. 
000610 200603097648 S6 T00000003 V. twn> DG_IMAGE/DAT_IMAGEMEMXFER/MSG_GET
000611 200603097648 S6 T00000003 V. twn> TWCP_NONE,5100,1700,12,0,1308,61200,9,65536,559825056
000612 200603098647 S6 T00000003 V. twn> TWCP_NONE,5100,1700,12,0,1320,61200,9,65536,559825056
000613 200603098647 S6 T00000003 V. twn> SUCCESS
000614 200603101658 S6 T00000003 V. 
000615 200603102658 S6 T00000003 V. twn> DG_IMAGE/DAT_IMAGEMEMXFER/MSG_GET
000616 200603102658 S6 T00000003 V. twn> TWCP_NONE,5100,1700,12,0,1320,61200,9,65536,559825056
000617 200603103660 S6 T00000003 V. twn> TWCP_NONE,5100,1700,12,0,1332,61200,9,65536,559825056
000618 200603103660 S6 T00000003 V. twn> SUCCESS
000619 200603106671 S6 T00000003 V. 
000620 200603106671 S6 T00000003 V. twn> DG_IMAGE/DAT_IMAGEMEMXFER/MSG_GET
000621 200603107671 S6 T00000003 V. twn> TWCP_NONE,5100,1700,12,0,1332,61200,9,65536,559825056
000622 200603107671 S6 T00000003 V. twn> TWCP_NONE,5100,1700,12,0,1344,61200,9,65536,559825056
000623 200603108673 S6 T00000003 V. twn> SUCCESS
000624 200603111683 S6 T00000003 V. 
000625 200603111683 S6 T00000003 V. twn> DG_IMAGE/DAT_IMAGEMEMXFER/MSG_GET
000626 200603112685 S6 T00000003 V. twn> TWCP_NONE,5100,1700,12,0,1344,61200,9,65536,559825056
000627 200603112685 S6 T00000003 V. twn> TWCP_NONE,5100,1700,12,0,1356,61200,9,65536,559825056
000628 200603112685 S6 T00000003 V. twn> SUCCESS
000629 200603116695 S6 T00000003 V. 
000630 200603116695 S6 T00000003 V. twn> DG_IMAGE/DAT_IMAGEMEMXFER/MSG_GET
000631 200603117697 S6 T00000003 V. twn> TWCP_NONE,5100,1700,12,0,1356,61200,9,65536,559825056
000632 200603117697 S6 T00000003 V. twn> TWCP_NONE,5100,1700,12,0,1368,61200,9,65536,559825056
000633 200603118701 S6 T00000003 V. twn> SUCCESS
000634 200603124718 S6 T00000003 V. 
000635 200603145788 S6 T00000003 V. twn> DG_IMAGE/DAT_IMAGEMEMXFER/MSG_GET
000636 200603145788 S6 T00000003 V. twn> TWCP_NONE,5100,1700,12,0,1368,61200,9,65536,559825056
000637 200603146775 S6 T00000003 V. twn> TWCP_NONE,5100,1700,12,0,1380,61200,9,65536,559825056
000638 200603148781 S6 T00000003 V. twn> SUCCESS
000639 200603155801 S6 T00000003 V. 
000640 200603155801 S6 T00000003 V. twn> DG_IMAGE/DAT_IMAGEMEMXFER/MSG_GET
000641 200603156802 S6 T00000003 V. twn> TWCP_NONE,5100,1700,12,0,1380,61200,9,65536,559825056
000642 200603157805 S6 T00000003 V. twn> TWCP_NONE,5100,1700,12,0,1392,61200,9,65536,559825056
000643 200603158808 S6 T00000003 V. twn> SUCCESS
000644 200603162819 S6 T00000003 V. 
000645 200603164825 S6 T00000003 V. twn> DG_IMAGE/DAT_IMAGEMEMXFER/MSG_GET
000646 200603164825 S6 T00000003 V. twn> TWCP_NONE,5100,1700,12,0,1392,61200,9,65536,559825056
000647 200603165826 S6 T00000003 V. twn> TWCP_NONE,5100,1700,12,0,1404,61200,9,65536,559825056
000648 200603166829 S6 T00000003 V. twn> SUCCESS
000649 200603172846 S6 T00000003 V. 
000650 200603193464 S6 T00000003 V. twn> DG_IMAGE/DAT_IMAGEMEMXFER/MSG_GET
000651 200603193464 S6 T00000003 V. twn> TWCP_NONE,5100,1700,12,0,1404,61200,9,65536,559825056
000652 200603194460 S6 T00000003 V. twn> TWCP_NONE,5100,1700,12,0,1416,61200,9,65536,559825056
000653 200603194460 S6 T00000003 V. twn> SUCCESS
000654 200603198471 S6 T00000003 V. 
000655 200603198471 S6 T00000003 V. twn> DG_IMAGE/DAT_IMAGEMEMXFER/MSG_GET
000656 200603199474 S6 T00000003 V. twn> TWCP_NONE,5100,1700,12,0,1416,61200,9,65536,559825056
000657 200603199474 S6 T00000003 V. twn> TWCP_NONE,5100,1700,12,0,1428,61200,9,65536,559825056
000658 200603199474 S6 T00000003 V. twn> SUCCESS
000659 200603203484 S6 T00000003 V. 
000660 200603203484 S6 T00000003 V. twn> DG_IMAGE/DAT_IMAGEMEMXFER/MSG_GET
000661 200603204485 S6 T00000003 V. twn> TWCP_NONE,5100,1700,12,0,1428,61200,9,65536,559825056
000662 200603204485 S6 T00000003 V. twn> TWCP_NONE,5100,1700,12,0,1440,61200,9,65536,559825056
000663 200603205490 S6 T00000003 V. twn> SUCCESS
000664 200603208498 S6 T00000003 V. 
000665 200603208498 S6 T00000003 V. twn> DG_IMAGE/DAT_IMAGEMEMXFER/MSG_GET
000666 200603209499 S6 T00000003 V. twn> TWCP_NONE,5100,1700,12,0,1440,61200,9,65536,559825056
000667 200603209499 S6 T00000003 V. twn> TWCP_NONE,5100,1700,12,0,1452,61200,9,65536,559825056
000668 200603209499 S6 T00000003 V. twn> SUCCESS
000669 200603215518 S6 T00000003 V. 
000670 200603215518 S6 T00000003 V. twn> DG_IMAGE/DAT_IMAGEMEMXFER/MSG_GET
000671 200603216520 S6 T00000003 V. twn> TWCP_NONE,5100,1700,12,0,1452,61200,9,65536,559825056
000672 200603216520 S6 T00000003 V. twn> TWCP_NONE,5100,1700,12,0,1464,61200,9,65536,559825056
000673 200603217521 S6 T00000003 V. twn> SUCCESS
000674 200603221534 S6 T00000003 V. 
000675 200603242596 S6 T00000003 V. twn> DG_IMAGE/DAT_IMAGEMEMXFER/MSG_GET
000676 200603242596 S6 T00000003 V. twn> TWCP_NONE,5100,1700,12,0,1464,61200,9,65536,559825056
000677 200603243590 S6 T00000003 V. twn> TWCP_NONE,5100,1700,12,0,1476,61200,9,65536,559825056
000678 200603243590 S6 T00000003 V. twn> SUCCESS
000679 200603247602 S6 T00000003 V. 
000680 200603247602 S6 T00000003 V. twn> DG_IMAGE/DAT_IMAGEMEMXFER/MSG_GET
000681 200603247602 S6 T00000003 V. twn> TWCP_NONE,5100,1700,12,0,1476,61200,9,65536,559825056
000682 200603248604 S6 T00000003 V. twn> TWCP_NONE,5100,1700,12,0,1488,61200,9,65536,559825056
000683 200603248604 S6 T00000003 V. twn> SUCCESS
000684 200603252619 S6 T00000003 V. 
000685 200603252619 S6 T00000003 V. twn> DG_IMAGE/DAT_IMAGEMEMXFER/MSG_GET
000686 200603252619 S6 T00000003 V. twn> TWCP_NONE,5100,1700,12,0,1488,61200,9,65536,559825056
000687 200603253618 S6 T00000003 V. twn> TWCP_NONE,5100,1700,12,0,1500,61200,9,65536,559825056
000688 200603253618 S6 T00000003 V. twn> SUCCESS
000689 200603257627 S6 T00000003 V. 
000690 200603257627 S6 T00000003 V. twn> DG_IMAGE/DAT_IMAGEMEMXFER/MSG_GET
000691 200603257627 S6 T00000003 V. twn> TWCP_NONE,5100,1700,12,0,1500,61200,9,65536,559825056
000692 200603258630 S6 T00000003 V. twn> TWCP_NONE,5100,1700,12,0,1512,61200,9,65536,559825056
000693 200603258630 S6 T00000003 V. twn> SUCCESS
000694 200603262642 S6 T00000003 V. 
000695 200603262642 S6 T00000003 V. twn> DG_IMAGE/DAT_IMAGEMEMXFER/MSG_GET
000696 200603263643 S6 T00000003 V. twn> TWCP_NONE,5100,1700,12,0,1512,61200,9,65536,559825056
000697 200603264647 S6 T00000003 V. twn> TWCP_NONE,5100,1700,12,0,1524,61200,9,65536,559825056
000698 200603264647 S6 T00000003 V. twn> SUCCESS
000699 200603267657 S6 T00000003 V. 
000700 200603268657 S6 T00000003 V. twn> DG_IMAGE/DAT_IMAGEMEMXFER/MSG_GET
000701 200603268657 S6 T00000003 V. twn> TWCP_NONE,5100,1700,12,0,1524,61200,9,65536,559825056
000702 200603269659 S6 T00000003 V. twn> TWCP_NONE,5100,1700,12,0,1536,61200,9,65536,559825056
000703 200603269659 S6 T00000003 V. twn> SUCCESS
000704 200603273671 S6 T00000003 V. 
000705 200603273671 S6 T00000003 V. twn> DG_IMAGE/DAT_IMAGEMEMXFER/MSG_GET
000706 200603273671 S6 T00000003 V. twn> TWCP_NONE,5100,1700,12,0,1536,61200,9,65536,559825056
000707 200603275179 S6 T00000003 V. twn> TWCP_NONE,5100,1700,12,0,1548,61200,9,65536,559825056
000708 200603275678 S6 T00000003 V. twn> SUCCESS
000709 200603279189 S6 T00000003 V. 
000710 200603279689 S6 T00000003 V. twn> DG_IMAGE/DAT_IMAGEMEMXFER/MSG_GET
000711 200603280190 S6 T00000003 V. twn> TWCP_NONE,5100,1700,12,0,1548,61200,9,65536,559825056
000712 200603281195 S6 T00000003 V. twn> TWCP_NONE,5100,1700,12,0,1560,61200,9,65536,559825056
000713 200603281195 S6 T00000003 V. twn> SUCCESS
000714 200603285203 S6 T00000003 V. 
000715 200603285203 S6 T00000003 V. twn> DG_IMAGE/DAT_IMAGEMEMXFER/MSG_GET
000716 200603285705 S6 T00000003 V. twn> TWCP_NONE,5100,1700,12,0,1560,61200,9,65536,559825056
000717 200603286206 S6 T00000003 V. twn> TWCP_NONE,5100,1700,12,0,1572,61200,9,65536,559825056
000718 200603286708 S6 T00000003 V. twn> SUCCESS
000719 200603290718 S6 T00000003 V. 
000720 200603290718 S6 T00000003 V. twn> DG_IMAGE/DAT_IMAGEMEMXFER/MSG_GET
000721 200603290718 S6 T00000003 V. twn> TWCP_NONE,5100,1700,12,0,1572,61200,9,65536,559825056
000722 200603291799 S6 T00000003 V. twn> TWCP_NONE,5100,1700,12,0,1584,61200,9,65536,559825056
000723 200603291799 S6 T00000003 V. twn> SUCCESS
000724 200603295810 S6 T00000003 V. 
000725 200603296813 S6 T00000003 V. twn> DG_IMAGE/DAT_IMAGEMEMXFER/MSG_GET
000726 200603296813 S6 T00000003 V. twn> TWCP_NONE,5100,1700,12,0,1584,61200,9,65536,559825056
000727 200603297816 S6 T00000003 V. twn> TWCP_NONE,5100,1700,12,0,1596,61200,9,65536,559825056
000728 200603297816 S6 T00000003 V. twn> SUCCESS
000729 200603301827 S6 T00000003 V. 
000730 200603301827 S6 T00000003 V. twn> DG_IMAGE/DAT_IMAGEMEMXFER/MSG_GET
000731 200603301827 S6 T00000003 V. twn> TWCP_NONE,5100,1700,12,0,1596,61200,9,65536,559825056
000732 200603302829 S6 T00000003 V. twn> TWCP_NONE,5100,1700,12,0,1608,61200,9,65536,559825056
000733 200603302829 S6 T00000003 V. twn> SUCCESS
000734 200603311855 S6 T00000003 V. 
000735 200603311855 S6 T00000003 V. twn> DG_IMAGE/DAT_IMAGEMEMXFER/MSG_GET
000736 200603311855 S6 T00000003 V. twn> TWCP_NONE,5100,1700,12,0,1608,61200,9,65536,559825056
000737 200603312856 S6 T00000003 V. twn> TWCP_NONE,5100,1700,12,0,1620,61200,9,65536,559825056
000738 200603312856 S6 T00000003 V. twn> SUCCESS
000739 200603318875 S6 T00000003 V. 
000740 200603339961 S6 T00000003 V. twn> DG_IMAGE/DAT_IMAGEMEMXFER/MSG_GET
000741 200603339961 S6 T00000003 V. twn> TWCP_NONE,5100,1700,12,0,1620,61200,9,65536,559825056
000742 200603340961 S6 T00000003 V. twn> TWCP_NONE,5100,1700,12,0,1632,61200,9,65536,559825056
000743 200603340961 S6 T00000003 V. twn> SUCCESS
000744 200603344973 S6 T00000003 V. 
000745 200603345975 S6 T00000003 V. twn> DG_IMAGE/DAT_IMAGEMEMXFER/MSG_GET
000746 200603345975 S6 T00000003 V. twn> TWCP_NONE,5100,1700,12,0,1632,61200,9,65536,559825056
000747 200603346977 S6 T00000003 V. twn> TWCP_NONE,5100,1700,12,0,1644,61200,9,65536,559825056
000748 200603347981 S6 T00000003 V. twn> SUCCESS
000749 200603352024 S6 T00000003 V. 
000750 200603352998 S6 T00000003 V. twn> DG_IMAGE/DAT_IMAGEMEMXFER/MSG_GET
000751 200603352998 S6 T00000003 V. twn> TWCP_NONE,5100,1700,12,0,1644,61200,9,65536,559825056
000752 200603353996 S6 T00000003 V. twn> TWCP_NONE,5100,1700,12,0,1656,61200,9,65536,559825056
000753 200603353996 S6 T00000003 V. twn> SUCCESS
000754 200603358039 S6 T00000003 V. 
000755 200603359010 S6 T00000003 V. twn> DG_IMAGE/DAT_IMAGEMEMXFER/MSG_GET
000756 200603360011 S6 T00000003 V. twn> TWCP_NONE,5100,1700,12,0,1656,61200,9,65536,559825056
000757 200603360011 S6 T00000003 V. twn> TWCP_NONE,5100,1700,12,0,1668,61200,9,65536,559825056
000758 200603361016 S6 T00000003 V. twn> SUCCESS
000759 200603365059 S6 T00000003 V. 
000760 200603366029 S6 T00000003 V. twn> DG_IMAGE/DAT_IMAGEMEMXFER/MSG_GET
000761 200603367030 S6 T00000003 V. twn> TWCP_NONE,5100,1700,12,0,1668,61200,9,65536,559825056
000762 200603367030 S6 T00000003 V. twn> TWCP_NONE,5100,1700,12,0,1680,61200,9,65536,559825056
000763 200603368034 S6 T00000003 V. twn> SUCCESS
000764 200603372077 S6 T00000003 V. 
000765 200603373047 S6 T00000003 V. twn> DG_IMAGE/DAT_IMAGEMEMXFER/MSG_GET
000766 200603373047 S6 T00000003 V. twn> TWCP_NONE,5100,1700,12,0,1680,61200,9,65536,559825056
000767 200603374049 S6 T00000003 V. twn> TWCP_NONE,5100,1700,12,0,1692,61200,9,65536,559825056
000768 200603375052 S6 T00000003 V. twn> SUCCESS
000769 200603380070 S6 T00000003 V. 
000770 200603381071 S6 T00000003 V. twn> DG_IMAGE/DAT_IMAGEMEMXFER/MSG_GET
000771 200603382575 S6 T00000003 V. twn> TWCP_NONE,5100,1700,12,0,1692,61200,9,65536,559825056
000772 200603383578 S6 T00000003 V. twn> TWCP_NONE,5100,1700,12,0,1704,61200,9,65536,559825056
000773 200603384581 S6 T00000003 V. twn> SUCCESS
000774 200603389094 S6 T00000003 V. 
000775 200603389595 S6 T00000003 V. twn> DG_IMAGE/DAT_IMAGEMEMXFER/MSG_GET
000776 200603390597 S6 T00000003 V. twn> TWCP_NONE,5100,1700,12,0,1704,61200,9,65536,559825056
000777 200603390597 S6 T00000003 V. twn> TWCP_NONE,5100,1700,12,0,1716,61200,9,65536,559825056
000778 200603391752 S6 T00000003 V. twn> SUCCESS
000779 200603395764 S6 T00000003 V. 
000780 200603395764 S6 T00000003 V. twn> DG_IMAGE/DAT_IMAGEMEMXFER/MSG_GET
000781 200603396765 S6 T00000003 V. twn> TWCP_NONE,5100,1700,12,0,1716,61200,9,65536,559825056
000782 200603397769 S6 T00000003 V. twn> TWCP_NONE,5100,1700,12,0,1728,61200,9,65536,559825056
000783 200603398771 S6 T00000003 V. twn> SUCCESS
000784 200603402783 S6 T00000003 V. 
000785 200603403798 S6 T00000003 V. twn> DG_IMAGE/DAT_IMAGEMEMXFER/MSG_GET
000786 200603403798 S6 T00000003 V. twn> TWCP_NONE,5100,1700,12,0,1728,61200,9,65536,559825056
000787 200603403798 S6 T00000003 V. twn> TWCP_NONE,5100,1700,12,0,1740,61200,9,65536,559825056
000788 200603404787 S6 T00000003 V. twn> SUCCESS
000789 200603408799 S6 T00000003 V. 
000790 200603408799 S6 T00000003 V. twn> DG_IMAGE/DAT_IMAGEMEMXFER/MSG_GET
000791 200603408799 S6 T00000003 V. twn> TWCP_NONE,5100,1700,12,0,1740,61200,9,65536,559825056
000792 200603409800 S6 T00000003 V. twn> TWCP_NONE,5100,1700,12,0,1752,61200,9,65536,559825056
000793 200603409800 S6 T00000003 V. twn> SUCCESS
000794 200603414813 S6 T00000003 V. 
000795 200603415816 S6 T00000003 V. twn> DG_IMAGE/DAT_IMAGEMEMXFER/MSG_GET
000796 200603415816 S6 T00000003 V. twn> TWCP_NONE,5100,1700,12,0,1752,61200,9,65536,559825056
000797 200603415816 S6 T00000003 V. twn> TWCP_NONE,5100,1700,12,0,1764,61200,9,65536,559825056
000798 200603416818 S6 T00000003 V. twn> SUCCESS
000799 200603425842 S6 T00000003 V. 
000800 200603425842 S6 T00000003 V. twn> DG_IMAGE/DAT_IMAGEMEMXFER/MSG_GET
000801 200603426846 S6 T00000003 V. twn> TWCP_NONE,5100,1700,12,0,1764,61200,9,65536,559825056
000802 200603426846 S6 T00000003 V. twn> TWCP_NONE,5100,1700,12,0,1776,61200,9,65536,559825056
000803 200603427848 S6 T00000003 V. twn> SUCCESS
000804 200603431861 S6 T00000003 V. 
000805 200603432860 S6 T00000003 V. twn> DG_IMAGE/DAT_IMAGEMEMXFER/MSG_GET
000806 200603432860 S6 T00000003 V. twn> TWCP_NONE,5100,1700,12,0,1776,61200,9,65536,559825056
000807 200603433864 S6 T00000003 V. twn> TWCP_NONE,5100,1700,12,0,1788,61200,9,65536,559825056
000808 200603433864 S6 T00000003 V. twn> SUCCESS
000809 200603437875 S6 T00000003 V. 
000810 200603438877 S6 T00000003 V. twn> DG_IMAGE/DAT_IMAGEMEMXFER/MSG_GET
000811 200603438877 S6 T00000003 V. twn> TWCP_NONE,5100,1700,12,0,1788,61200,9,65536,559825056
000812 200603439880 S6 T00000003 V. twn> TWCP_NONE,5100,1700,12,0,1800,61200,9,65536,559825056
000813 200603439880 S6 T00000003 V. twn> SUCCESS
000814 200603448904 S6 T00000003 V. 
000815 200603469959 S6 T00000003 V. twn> DG_IMAGE/DAT_IMAGEMEMXFER/MSG_GET
000816 200603469959 S6 T00000003 V. twn> TWCP_NONE,5100,1700,12,0,1800,61200,9,65536,559825056
000817 200603470962 S6 T00000003 V. twn> TWCP_NONE,5100,1700,12,0,1812,61200,9,65536,559825056
000818 200603471971 S6 T00000003 V. twn> SUCCESS
000819 200603475980 S6 T00000003 V. 
000820 200603476480 S6 T00000003 V. twn> DG_IMAGE/DAT_IMAGEMEMXFER/MSG_GET
000821 200603476480 S6 T00000003 V. twn> TWCP_NONE,5100,1700,12,0,1812,61200,9,65536,559825056
000822 200603477483 S6 T00000003 V. twn> TWCP_NONE,5100,1700,12,0,1824,61200,9,65536,559825056
000823 200603477483 S6 T00000003 V. twn> SUCCESS
000824 200603481995 S6 T00000003 V. 
000825 200603482998 S6 T00000003 V. twn> DG_IMAGE/DAT_IMAGEMEMXFER/MSG_GET
000826 200603483499 S6 T00000003 V. twn> TWCP_NONE,5100,1700,12,0,1824,61200,9,65536,559825056
000827 200603484001 S6 T00000003 V. twn> TWCP_NONE,5100,1700,12,0,1836,61200,9,65536,559825056
000828 200603484502 S6 T00000003 V. twn> SUCCESS
000829 200603488513 S6 T00000003 V. 
000830 200603489014 S6 T00000003 V. twn> DG_IMAGE/DAT_IMAGEMEMXFER/MSG_GET
000831 200603489515 S6 T00000003 V. twn> TWCP_NONE,5100,1700,12,0,1836,61200,9,65536,559825056
000832 200603490017 S6 T00000003 V. twn> TWCP_NONE,5100,1700,12,0,1848,61200,9,65536,559825056
000833 200603490518 S6 T00000003 V. twn> SUCCESS
000834 200603496617 S6 T00000003 V. 
000835 200603497618 S6 T00000003 V. twn> DG_IMAGE/DAT_IMAGEMEMXFER/MSG_GET
000836 200603497618 S6 T00000003 V. twn> TWCP_NONE,5100,1700,12,0,1848,61200,9,65536,559825056
000837 200603498621 S6 T00000003 V. twn> TWCP_NONE,5100,1700,12,0,1860,61200,9,65536,559825056
000838 200603498621 S6 T00000003 V. twn> SUCCESS
000839 200603504638 S6 T00000003 V. 
000840 200603525827 S6 T00000003 V. twn> DG_IMAGE/DAT_IMAGEMEMXFER/MSG_GET
000841 200603525827 S6 T00000003 V. twn> TWCP_NONE,5100,1700,12,0,1860,61200,9,65536,559825056
000842 200603526772 S6 T00000003 V. twn> TWCP_NONE,5100,1700,12,0,1872,61200,9,65536,559825056
000843 200603526772 S6 T00000003 V. twn> SUCCESS
000844 200603531788 S6 T00000003 V. 
000845 200603531788 S6 T00000003 V. twn> DG_IMAGE/DAT_IMAGEMEMXFER/MSG_GET
000846 200603532788 S6 T00000003 V. twn> TWCP_NONE,5100,1700,12,0,1872,61200,9,65536,559825056
000847 200603532788 S6 T00000003 V. twn> TWCP_NONE,5100,1700,12,0,1884,61200,9,65536,559825056
000848 200603533792 S6 T00000003 V. twn> SUCCESS
000849 200603537803 S6 T00000003 V. 
000850 200603537803 S6 T00000003 V. twn> DG_IMAGE/DAT_IMAGEMEMXFER/MSG_GET
000851 200603538812 S6 T00000003 V. twn> TWCP_NONE,5100,1700,12,0,1884,61200,9,65536,559825056
000852 200603538812 S6 T00000003 V. twn> TWCP_NONE,5100,1700,12,0,1896,61200,9,65536,559825056
000853 200603539808 S6 T00000003 V. twn> SUCCESS
000854 200603543817 S6 T00000003 V. 
000855 200603544820 S6 T00000003 V. twn> DG_IMAGE/DAT_IMAGEMEMXFER/MSG_GET
000856 200603544820 S6 T00000003 V. twn> TWCP_NONE,5100,1700,12,0,1896,61200,9,65536,559825056
000857 200603545823 S6 T00000003 V. twn> TWCP_NONE,5100,1700,12,0,1908,61200,9,65536,559825056
000858 200603546825 S6 T00000003 V. twn> SUCCESS
000859 200603550837 S6 T00000003 V. 
000860 200603551853 S6 T00000003 V. twn> DG_IMAGE/DAT_IMAGEMEMXFER/MSG_GET
000861 200603551853 S6 T00000003 V. twn> TWCP_NONE,5100,1700,12,0,1908,61200,9,65536,559825056
000862 200603552841 S6 T00000003 V. twn> TWCP_NONE,5100,1700,12,0,1920,61200,9,65536,559825056
000863 200603553846 S6 T00000003 V. twn> SUCCESS
000864 200603557856 S6 T00000003 V. 
000865 200603558871 S6 T00000003 V. twn> DG_IMAGE/DAT_IMAGEMEMXFER/MSG_GET
000866 200603558871 S6 T00000003 V. twn> TWCP_NONE,5100,1700,12,0,1920,61200,9,65536,559825056
000867 200603559860 S6 T00000003 V. twn> TWCP_NONE,5100,1700,12,0,1932,61200,9,65536,559825056
000868 200603560876 S6 T00000003 V. twn> SUCCESS
000869 200603564873 S6 T00000003 V. 
000870 200603565886 S6 T00000003 V. twn> DG_IMAGE/DAT_IMAGEMEMXFER/MSG_GET
000871 200603565886 S6 T00000003 V. twn> TWCP_NONE,5100,1700,12,0,1932,61200,9,65536,559825056
000872 200603566879 S6 T00000003 V. twn> TWCP_NONE,5100,1700,12,0,1944,61200,9,65536,559825056
000873 200603566879 S6 T00000003 V. twn> SUCCESS
000874 200603571893 S6 T00000003 V. 
000875 200603571893 S6 T00000003 V. twn> DG_IMAGE/DAT_IMAGEMEMXFER/MSG_GET
000876 200603572895 S6 T00000003 V. twn> TWCP_NONE,5100,1700,12,0,1944,61200,9,65536,559825056
000877 200603572895 S6 T00000003 V. twn> TWCP_NONE,5100,1700,12,0,1956,61200,9,65536,559825056
000878 200603573898 S6 T00000003 V. twn> SUCCESS
000879 200603578929 S6 T00000003 V. 
000880 200603579926 S6 T00000003 V. twn> DG_IMAGE/DAT_IMAGEMEMXFER/MSG_GET
000881 200603580920 S6 T00000003 V. twn> TWCP_NONE,5100,1700,12,0,1956,61200,9,65536,559825056
000882 200603581815 S6 T00000003 V. twn> TWCP_NONE,5100,1700,12,0,1968,61200,9,65536,559825056
000883 200603582820 S6 T00000003 V. twn> SUCCESS
000884 200603587833 S6 T00000003 V. 
000885 200603588335 S6 T00000003 V. twn> DG_IMAGE/DAT_IMAGEMEMXFER/MSG_GET
000886 200603588835 S6 T00000003 V. twn> TWCP_NONE,5100,1700,12,0,1968,61200,9,65536,559825056
000887 200603589838 S6 T00000003 V. twn> TWCP_NONE,5100,1700,12,0,1980,61200,9,65536,559825056
000888 200603590339 S6 T00000003 V. twn> SUCCESS
000889 200603595954 S6 T00000003 V. 
000890 200603596956 S6 T00000003 V. twn> DG_IMAGE/DAT_IMAGEMEMXFER/MSG_GET
000891 200603596956 S6 T00000003 V. twn> TWCP_NONE,5100,1700,12,0,1980,61200,9,65536,559825056
000892 200603597959 S6 T00000003 V. twn> TWCP_NONE,5100,1700,12,0,1992,61200,9,65536,559825056
000893 200603598966 S6 T00000003 V. twn> SUCCESS
000894 200603602973 S6 T00000003 V. 
000895 200603604977 S6 T00000003 V. twn> DG_IMAGE/DAT_IMAGEMEMXFER/MSG_GET
000896 200603604977 S6 T00000003 V. twn> TWCP_NONE,5100,1700,12,0,1992,61200,9,65536,559825056
000897 200603605981 S6 T00000003 V. twn> TWCP_NONE,5100,1700,12,0,2004,61200,9,65536,559825056
000898 200603605981 S6 T00000003 V. twn> SUCCESS
000899 200603629042 S6 T00000003 V. 
000900 200603629042 S6 T00000003 V. twn> DG_IMAGE/DAT_IMAGEMEMXFER/MSG_GET
000901 200603630044 S6 T00000003 V. twn> TWCP_NONE,5100,1700,12,0,2004,61200,9,65536,559825056
000902 200603631048 S6 T00000003 V. twn> TWCP_NONE,5100,1700,12,0,2016,61200,9,65536,559825056
000903 200603631048 S6 T00000003 V. twn> SUCCESS
000904 200603637063 S6 T00000003 V. 
000905 200603638066 S6 T00000003 V. twn> DG_IMAGE/DAT_IMAGEMEMXFER/MSG_GET
000906 200603638066 S6 T00000003 V. twn> TWCP_NONE,5100,1700,12,0,2016,61200,9,65536,559825056
000907 200603638066 S6 T00000003 V. twn> TWCP_NONE,5100,1700,12,0,2028,61200,9,65536,559825056
000908 200603639069 S6 T00000003 V. twn> SUCCESS
000909 200603643079 S6 T00000003 V. 
000910 200603644082 S6 T00000003 V. twn> DG_IMAGE/DAT_IMAGEMEMXFER/MSG_GET
000911 200603644082 S6 T00000003 V. twn> TWCP_NONE,5100,1700,12,0,2028,61200,9,65536,559825056
000912 200603645085 S6 T00000003 V. twn> TWCP_NONE,5100,1700,12,0,2040,61200,9,65536,559825056
000913 200603645085 S6 T00000003 V. twn> SUCCESS
000914 200603650097 S6 T00000003 V. 
000915 200603651100 S6 T00000003 V. twn> DG_IMAGE/DAT_IMAGEMEMXFER/MSG_GET
000916 200603651100 S6 T00000003 V. twn> TWCP_NONE,5100,1700,12,0,2040,61200,9,65536,559825056
000917 200603652103 S6 T00000003 V. twn> TWCP_NONE,5100,1700,12,0,2052,61200,9,65536,559825056
000918 200603652103 S6 T00000003 V. twn> SUCCESS
000919 200603657116 S6 T00000003 V. 
000920 200603658118 S6 T00000003 V. twn> DG_IMAGE/DAT_IMAGEMEMXFER/MSG_GET
000921 200603658118 S6 T00000003 V. twn> TWCP_NONE,5100,1700,12,0,2052,61200,9,65536,559825056
000922 200603659122 S6 T00000003 V. twn> TWCP_NONE,5100,1700,12,0,2064,61200,9,65536,559825056
000923 200603659122 S6 T00000003 V. twn> SUCCESS
000924 200603664136 S6 T00000003 V. 
000925 200603664136 S6 T00000003 V. twn> DG_IMA