000000 194904444356 S0 T00000001 V. ts:2018/01/28 19:49:04.457391 os:windows
000001 194904457391 S0 T00000001 V. TWAINCSScan v2.4.0.0
000002 194904470426 S0 T00000003 V. main>>> thread started...
000003 194904485466 S0 T00000003 V. 
000004 194904485466 S0 T00000003 V. twn> DG_CONTROL/DAT_PARENT/MSG_OPENDSM
000005 194907831490 S0 T00000003 V. twn> SUCCESS
000006 194935600550 S3 T00000003 V. 
000007 194935600550 S3 T00000003 V. twn> DG_CONTROL/DAT_IDENTITY/MSG_GETFIRST
000008 194935602556 S3 T00000003 V. twn> 1,1,0,ENGLISH_USA,USA,October 2000,1,5,0x3,JUNGCLAUS SOFTWARE ENGINEERING,JTWAIN,JTWAIN JPEG and TIFF File Scanner
000009 194935602556 S3 T00000003 V. twn> SUCCESS
000010 194935602556 S3 T00000003 V. 
000011 194935602556 S3 T00000003 V. twn> DG_CONTROL/DAT_IDENTITY/MSG_GETNEXT
000012 194935602556 S3 T00000003 V. twn> 2,2,1,ENG,USA,2.1.3 sample release 32bit,2,1,0x40000003,TWAIN Working Group,Software Scan,TWAIN2 FreeImage Software Scanner
000013 194935602556 S3 T00000003 V. twn> SUCCESS
000014 194935602556 S3 T00000003 V. 
000015 194935602556 S3 T00000003 V. twn> DG_CONTROL/DAT_IDENTITY/MSG_GETNEXT
000016 194935603558 S3 T00000003 V. twn> 3,5,0,ENGLISH_USA,USA,"Version 5,0,20,0",1,0,0x3,ScanWorks Software,TWAIN Importer,ScanWorks TWAIN Importer
000017 194935603558 S3 T00000003 V. twn> SUCCESS
000018 194935603558 S3 T00000003 V. 
000019 194935603558 S3 T00000003 V. twn> DG_CONTROL/DAT_IDENTITY/MSG_GETNEXT
000020 194935603558 S3 T00000003 V. twn> 4,1,31,ENGLISH_USA,USA,XPCTWAIN,1,9,0x3,JSE Imaging Solutions,JSE XPCTWAIN,XPCTWAIN TIFF/JPEG Scanner
000021 194935603558 S3 T00000003 V. twn> SUCCESS
000022 194935603558 S3 T00000003 V. 
000023 194935603558 S3 T00000003 V. twn> DG_CONTROL/DAT_IDENTITY/MSG_GETNEXT
000024 194935603558 S3 T00000003 V. twn> 0,0,0,DAN,0,,0,0,0x0,,,
000025 194935603558 S3 T00000003 V. twn> ENDOFLIST
000026 194935603558 S3 T00000003 V. 
000027 194935603558 S3 T00000003 V. twn> DG_CONTROL/DAT_IDENTITY/MSG_GETDEFAULT
000028 194935603558 S3 T00000003 V. twn> 2,2,1,ENG,USA,2.1.3 sample release 32bit,2,1,0x40000003,TWAIN Working Group,Software Scan,TWAIN2 FreeImage Software Scanner
000029 194935603558 S3 T00000003 V. twn> SUCCESS
000030 194937599093 S3 T00000003 V. 
000031 194937599093 S3 T00000003 V. twn> DG_CONTROL/DAT_IDENTITY/MSG_SET
000032 194937600059 S3 T00000003 V. twn> 2,2,1,ENG,USA,2.1.3 sample release 32bit,2,1,0x40000003,TWAIN Working Group,Software Scan,TWAIN2 FreeImage Software Scanner
000033 194937600059 S3 T00000003 V. twn> SUCCESS
000034 194937603067 S3 T00000003 V. 
000035 194937603067 S3 T00000003 V. twn> DG_CONTROL/DAT_ENTRYPOINT/MSG_GET
000036 194937603067 S3 T00000003 V. twn> 24,0x0,0x0,0x0,0x0,0x0
000037 194937603067 S3 T00000003 V. twn> 24,0x10003720,0x100098E0,0x10009970,0x100099C0,0x10009A10
000038 194937603067 S3 T00000003 V. twn> SUCCESS
000039 194937603067 S3 T00000003 V. 
000040 194937603067 S3 T00000003 V. twn> DG_CONTROL/DAT_IDENTITY/MSG_OPENDS
000041 194937603067 S3 T00000003 V. twn> 2,2,1,ENG,USA,2.1.3 sample release 32bit,2,1,0x40000003,TWAIN Working Group,Software Scan,TWAIN2 FreeImage Software Scanner
000042 194937666477 S3 T00000003 V. twn> 2,2,1,ENG,USA,2.1.3 sample release 32bit,2,1,0x40000003,TWAIN Working Group,Software Scan,TWAIN2 FreeImage Software Scanner
000043 194937666477 S3 T00000003 V. twn> SUCCESS
000044 194937666477 S4 T00000003 V. 
000045 194937666477 S4 T00000003 V. twn> DG_CONTROL/DAT_CALLBACK/MSG_OPENDS
000046 194937666477 S4 T00000003 V. twn> 120733942,0,0
000047 194937667492 S4 T00000003 V. twn> SUCCESS
000048 194937675530 S4 T00000003 V. 
000049 194937675530 S4 T00000003 V. twn> DG_CONTROL/DAT_CAPABILITY/MSG_SET
000050 194937675530 S4 T00000003 V. twn> ICAP_XFERMECH,TWON_ONEVALUE,TWTY_UINT16,2
000051 194937675530 S4 T00000003 V. twn> ICAP_XFERMECH,TWON_ONEVALUE,TWTY_UINT16,2
000052 194937676532 S4 T00000003 V. twn> SUCCESS
000053 194937676532 S4 T00000003 V. 
000054 194937676532 S4 T00000003 V. twn> DG_CONTROL/DAT_CAPABILITY/MSG_SET
000055 194937676532 S4 T00000003 V. twn> CAP_INDICATORS,TWON_ONEVALUE,TWTY_BOOL,0
000056 194937676532 S4 T00000003 V. twn> CAP_INDICATORS,TWON_ONEVALUE,TWTY_BOOL,0
000057 194937676532 S4 T00000003 V. twn> SUCCESS
000058 194939629788 S4 T00000001 V. 
000059 194939629788 S4 T00000001 V. twn> DG_CONTROL/DAT_USERINTERFACE/MSG_ENABLEDS
000060 194939629788 S4 T00000001 V. twn> 0,0
000061 194940257075 S4 T00000001 V. twn> SUCCESS
000062 194940273118 S6 T00000003 V. 
000063 194940273118 S6 T00000003 V. twn> DG_CONTROL/DAT_CAPABILITY/MSG_GETCURRENT
000064 194940273118 S6 T00000003 V. twn> ICAP_XFERMECH,0,0
000065 194940273118 S6 T00000003 V. twn> ICAP_XFERMECH,TWON_ONEVALUE,TWTY_UINT16,2
000066 194940273118 S6 T00000003 V. twn> SUCCESS
000067 194940274122 S6 T00000003 V. 
000068 194940275123 S6 T00000003 V. twn> DG_CONTROL/DAT_SETUPMEMXFER/MSG_GET
000069 194940275123 S6 T00000003 V. twn> 5100,65536,65536
000070 194940275123 S6 T00000003 V. twn> SUCCESS
000071 194940277130 S6 T00000003 V. 
000072 194940277130 S6 T00000003 V. twn> DG_IMAGE/DAT_IMAGEMEMXFER/MSG_GET
000073 194940277130 S6 T00000003 V. twn> TWCP_NONE,0,0,0,0,0,0,9,65536,3063648
000074 194940282143 S6 T00000003 V. twn> TWCP_NONE,5100,1700,12,0,0,61200,9,65536,3063648
000075 194940282143 S6 T00000003 V. twn> SUCCESS
000076 194940282143 S6 T00000003 V. 
000077 194940282143 S6 T00000003 V. twn> DG_IMAGE/DAT_IMAGEMEMXFER/MSG_GET
000078 194940282143 S6 T00000003 V. twn> TWCP_NONE,5100,1700,12,0,0,61200,9,65536,3063648
000079 194940282143 S6 T00000003 V. twn> TWCP_NONE,5100,1700,12,0,12,61200,9,65536,3063648
000080 194940282143 S6 T00000003 V. twn> SUCCESS
000081 194940282143 S6 T00000003 V. 
000082 194940282143 S6 T00000003 V. twn> DG_IMAGE/DAT_IMAGEMEMXFER/MSG_GET
000083 194940282143 S6 T00000003 V. twn> TWCP_NONE,5100,1700,12,0,12,61200,9,65536,3063648
000084 194940282143 S6 T00000003 V. twn> TWCP_NONE,5100,1700,12,0,24,61200,9,65536,3063648
000085 194940283145 S6 T00000003 V. twn> SUCCESS
000086 194940283145 S6 T00000003 V. 
000087 194940283145 S6 T00000003 V. twn> DG_IMAGE/DAT_IMAGEMEMXFER/MSG_GET
000088 194940283145 S6 T00000003 V. twn> TWCP_NONE,5100,1700,12,0,24,61200,9,65536,3063648
000089 194940283145 S6 T00000003 V. twn> TWCP_NONE,5100,1700,12,0,36,61200,9,65536,3063648
000090 194940283145 S6 T00000003 V. twn> SUCCESS
000091 194940283145 S6 T00000003 V. 
000092 194940283145 S6 T00000003 V. twn> DG_IMAGE/DAT_IMAGEMEMXFER/MSG_GET
000093 194940283145 S6 T00000003 V. twn> TWCP_NONE,5100,1700,12,0,36,61200,9,65536,3063648
000094 194940283145 S6 T00000003 V. twn> TWCP_NONE,5100,1700,12,0,48,61200,9,65536,3063648
000095 194940283145 S6 T00000003 V. twn> SUCCESS
000096 194940283145 S6 T00000003 V. 
000097 194940283145 S6 T00000003 V. twn> DG_IMAGE/DAT_IMAGEMEMXFER/MSG_GET
000098 194940284149 S6 T00000003 V. twn> TWCP_NONE,5100,1700,12,0,48,61200,9,65536,3063648
000099 194940284149 S6 T00000003 V. twn> TWCP_NONE,5100,1700,12,0,60,61200,9,65536,3063648
000100 194940284149 S6 T00000003 V. twn> SUCCESS
000101 194940284149 S6 T00000003 V. 
000102 194940284149 S6 T00000003 V. twn> DG_IMAGE/DAT_IMAGEMEMXFER/MSG_GET
000103 194940284149 S6 T00000003 V. twn> TWCP_NONE,5100,1700,12,0,60,61200,9,65536,3063648
000104 194940284149 S6 T00000003 V. twn> TWCP_NONE,5100,1700,12,0,72,61200,9,65536,3063648
000105 194940284149 S6 T00000003 V. twn> SUCCESS
000106 194940284149 S6 T00000003 V. 
000107 194940284149 S6 T00000003 V. twn> DG_IMAGE/DAT_IMAGEMEMXFER/MSG_GET
000108 194940284149 S6 T00000003 V. twn> TWCP_NONE,5100,1700,12,0,72,61200,9,65536,3063648
000109 194940285150 S6 T00000003 V. twn> TWCP_NONE,5100,1700,12,0,84,61200,9,65536,3063648
000110 194940285150 S6 T00000003 V. twn> SUCCESS
000111 194940285150 S6 T00000003 V. 
000112 194940285150 S6 T00000003 V. twn> DG_IMAGE/DAT_IMAGEMEMXFER/MSG_GET
000113 194940285150 S6 T00000003 V. twn> TWCP_NONE,5100,1700,12,0,84,61200,9,65536,3063648
000114 194940285150 S6 T00000003 V. twn> TWCP_NONE,5100,1700,12,0,96,61200,9,65536,3063648
000115 194940285150 S6 T00000003 V. twn> SUCCESS
000116 194940285150 S6 T00000003 V. 
000117 194940285150 S6 T00000003 V. twn> DG_IMAGE/DAT_IMAGEMEMXFER/MSG_GET
000118 194940285150 S6 T00000003 V. twn> TWCP_NONE,5100,1700,12,0,96,61200,9,65536,3063648
000119 194940286153 S6 T00000003 V. twn> TWCP_NONE,5100,1700,12,0,108,61200,9,65536,3063648
000120 194940286153 S6 T00000003 V. twn> SUCCESS
000121 194940286153 S6 T00000003 V. 
000122 194940286153 S6 T00000003 V. twn> DG_IMAGE/DAT_IMAGEMEMXFER/MSG_GET
000123 194940286153 S6 T00000003 V. twn> TWCP_NONE,5100,1700,12,0,108,61200,9,65536,3063648
000124 194940286153 S6 T00000003 V. twn> TWCP_NONE,5100,1700,12,0,120,61200,9,65536,3063648
000125 194940286153 S6 T00000003 V. twn> SUCCESS
000126 194940303198 S6 T00000003 V. 
000127 194940303198 S6 T00000003 V. twn> DG_IMAGE/DAT_IMAGEMEMXFER/MSG_GET
000128 194940303198 S6 T00000003 V. twn> TWCP_NONE,5100,1700,12,0,120,61200,9,65536,3063648
000129 194940303198 S6 T00000003 V. twn> TWCP_NONE,5100,1700,12,0,132,61200,9,65536,3063648
000130 194940303198 S6 T00000003 V. twn> SUCCESS
000131 194940304202 S6 T00000003 V. 
000132 194940304202 S6 T00000003 V. twn> DG_IMAGE/DAT_IMAGEMEMXFER/MSG_GET
000133 194940304202 S6 T00000003 V. twn> TWCP_NONE,5100,1700,12,0,132,61200,9,65536,3063648
000134 194940304202 S6 T00000003 V. twn> TWCP_NONE,5100,1700,12,0,144,61200,9,65536,3063648
000135 194940304202 S6 T00000003 V. twn> SUCCESS
000136 194940304202 S6 T00000003 V. 
000137 194940304202 S6 T00000003 V. twn> DG_IMAGE/DAT_IMAGEMEMXFER/MSG_GET
000138 194940304202 S6 T00000003 V. twn> TWCP_NONE,5100,1700,12,0,144,61200,9,65536,3063648
000139 194940304202 S6 T00000003 V. twn> TWCP_NONE,5100,1700,12,0,156,61200,9,65536,3063648
000140 194940304202 S6 T00000003 V. twn> SUCCESS
000141 194940305204 S6 T00000003 V. 
000142 194940305204 S6 T00000003 V. twn> DG_IMAGE/DAT_IMAGEMEMXFER/MSG_GET
000143 194940305204 S6 T00000003 V. twn> TWCP_NONE,5100,1700,12,0,156,61200,9,65536,3063648
000144 194940305204 S6 T00000003 V. twn> TWCP_NONE,5100,1700,12,0,168,61200,9,65536,3063648
000145 194940305204 S6 T00000003 V. twn> SUCCESS
000146 194940306207 S6 T00000003 V. 
000147 194940306207 S6 T00000003 V. twn> DG_IMAGE/DAT_IMAGEMEMXFER/MSG_GET
000148 194940306207 S6 T00000003 V. twn> TWCP_NONE,5100,1700,12,0,168,61200,9,65536,3063648
000149 194940306207 S6 T00000003 V. twn> TWCP_NONE,5100,1700,12,0,180,61200,9,65536,3063648
000150 194940306207 S6 T00000003 V. twn> SUCCESS
000151 194940315230 S6 T00000003 V. 
000152 194940315230 S6 T00000003 V. twn> DG_IMAGE/DAT_IMAGEMEMXFER/MSG_GET
000153 194940315230 S6 T00000003 V. twn> TWCP_NONE,5100,1700,12,0,180,61200,9,65536,3063648
000154 194940315230 S6 T00000003 V. twn> TWCP_NONE,5100,1700,12,0,192,61200,9,65536,3063648
000155 194940315230 S6 T00000003 V. twn> SUCCESS
000156 194940315230 S6 T00000003 V. 
000157 194940316235 S6 T00000003 V. twn> DG_IMAGE/DAT_IMAGEMEMXFER/MSG_GET
000158 194940316235 S6 T00000003 V. twn> TWCP_NONE,5100,1700,12,0,192,61200,9,65536,3063648
000159 194940316235 S6 T00000003 V. twn> TWCP_NONE,5100,1700,12,0,204,61200,9,65536,3063648
000160 194940316235 S6 T00000003 V. twn> SUCCESS
000161 194940316235 S6 T00000003 V. 
000162 194940316235 S6 T00000003 V. twn> DG_IMAGE/DAT_IMAGEMEMXFER/MSG_GET
000163 194940316235 S6 T00000003 V. twn> TWCP_NONE,5100,1700,12,0,204,61200,9,65536,3063648
000164 194940316235 S6 T00000003 V. twn> TWCP_NONE,5100,1700,12,0,216,61200,9,65536,3063648
000165 194940316235 S6 T00000003 V. twn> SUCCESS
000166 194940317236 S6 T00000003 V. 
000167 194940317236 S6 T00000003 V. twn> DG_IMAGE/DAT_IMAGEMEMXFER/MSG_GET
000168 194940317236 S6 T00000003 V. twn> TWCP_NONE,5100,1700,12,0,216,61200,9,65536,3063648
000169 194940317236 S6 T00000003 V. twn> TWCP_NONE,5100,1700,12,0,228,61200,9,65536,3063648
000170 194940317236 S6 T00000003 V. twn> SUCCESS
000171 194940318240 S6 T00000003 V. 
000172 194940318240 S6 T00000003 V. twn> DG_IMAGE/DAT_IMAGEMEMXFER/MSG_GET
000173 194940318240 S6 T00000003 V. twn> TWCP_NONE,5100,1700,12,0,228,61200,9,65536,3063648
000174 194940318240 S6 T00000003 V. twn> TWCP_NONE,5100,1700,12,0,240,61200,9,65536,3063648
000175 194940319241 S6 T00000003 V. twn> SUCCESS
000176 194940319241 S6 T00000003 V. 
000177 194940319241 S6 T00000003 V. twn> DG_IMAGE/DAT_IMAGEMEMXFER/MSG_GET
000178 194940319241 S6 T00000003 V. twn> TWCP_NONE,5100,1700,12,0,240,61200,9,65536,3063648
000179 194940319241 S6 T00000003 V. twn> TWCP_NONE,5100,1700,12,0,252,61200,9,65536,3063648
000180 194940319241 S6 T00000003 V. twn> SUCCESS
000181 194940320244 S6 T00000003 V. 
000182 194940320244 S6 T00000003 V. twn> DG_IMAGE/DAT_IMAGEMEMXFER/MSG_GET
000183 194940320244 S6 T00000003 V. twn> TWCP_NONE,5100,1700,12,0,252,61200,9,65536,3063648
000184 194940320244 S6 T00000003 V. twn> TWCP_NONE,5100,1700,12,0,264,61200,9,65536,3063648
000185 194940320244 S6 T00000003 V. twn> SUCCESS
000186 194940321246 S6 T00000003 V. 
000187 194940321246 S6 T00000003 V. twn> DG_IMAGE/DAT_IMAGEMEMXFER/MSG_GET
000188 194940321246 S6 T00000003 V. twn> TWCP_NONE,5100,1700,12,0,264,61200,9,65536,3063648
000189 194940321246 S6 T00000003 V. twn> TWCP_NONE,5100,1700,12,0,276,61200,9,65536,3063648
000190 194940321246 S6 T00000003 V. twn> SUCCESS
000191 194940323252 S6 T00000003 V. 
000192 194940323252 S6 T00000003 V. twn> DG_IMAGE/DAT_IMAGEMEMXFER/MSG_GET
000193 194940323252 S6 T00000003 V. twn> TWCP_NONE,5100,1700,12,0,276,61200,9,65536,3063648
000194 194940323252 S6 T00000003 V. twn> TWCP_NONE,5100,1700,12,0,288,61200,9,65536,3063648
000195 194940323252 S6 T00000003 V. twn> SUCCESS
000196 194940324255 S6 T00000003 V. 
000197 194940324255 S6 T00000003 V. twn> DG_IMAGE/DAT_IMAGEMEMXFER/MSG_GET
000198 194940324255 S6 T00000003 V. twn> TWCP_NONE,5100,1700,12,0,288,61200,9,65536,3063648
000199 194940324255 S6 T00000003 V. twn> TWCP_NONE,5100,1700,12,0,300,61200,9,65536,3063648
000200 194940324255 S6 T00000003 V. twn> SUCCESS
000201 194940325257 S6 T00000003 V. 
000202 194940325257 S6 T00000003 V. twn> DG_IMAGE/DAT_IMAGEMEMXFER/MSG_GET
000203 194940325257 S6 T00000003 V. twn> TWCP_NONE,5100,1700,12,0,300,61200,9,65536,3063648
000204 194940325257 S6 T00000003 V. twn> TWCP_NONE,5100,1700,12,0,312,61200,9,65536,3063648
000205 194940325257 S6 T00000003 V. twn> SUCCESS
000206 194940326260 S6 T00000003 V. 
000207 194940326260 S6 T00000003 V. twn> DG_IMAGE/DAT_IMAGEMEMXFER/MSG_GET
000208 194940326260 S6 T00000003 V. twn> TWCP_NONE,5100,1700,12,0,312,61200,9,65536,3063648
000209 194940326260 S6 T00000003 V. twn> TWCP_NONE,5100,1700,12,0,324,61200,9,65536,3063648
000210 194940326260 S6 T00000003 V. twn> SUCCESS
000211 194940327262 S6 T00000003 V. 
000212 194940328264 S6 T00000003 V. twn> DG_IMAGE/DAT_IMAGEMEMXFER/MSG_GET
000213 194940328264 S6 T00000003 V. twn> TWCP_NONE,5100,1700,12,0,324,61200,9,65536,3063648
000214 194940328264 S6 T00000003 V. twn> TWCP_NONE,5100,1700,12,0,336,61200,9,65536,3063648
000215 194940328264 S6 T00000003 V. twn> SUCCESS
000216 194940329269 S6 T00000003 V. 
000217 194940329269 S6 T00000003 V. twn> DG_IMAGE/DAT_IMAGEMEMXFER/MSG_GET
000218 194940329269 S6 T00000003 V. twn> TWCP_NONE,5100,1700,12,0,336,61200,9,65536,3063648
000219 194940329269 S6 T00000003 V. twn> TWCP_NONE,5100,1700,12,0,348,61200,9,65536,3063648
000220 194940329269 S6 T00000003 V. twn> SUCCESS
000221 194940329269 S6 T00000003 V. 
000222 194940329269 S6 T00000003 V. twn> DG_IMAGE/DAT_IMAGEMEMXFER/MSG_GET
000223 194940329269 S6 T00000003 V. twn> TWCP_NONE,5100,1700,12,0,348,61200,9,65536,3063648
000224 194940330271 S6 T00000003 V. twn> TWCP_NONE,5100,1700,12,0,360,61200,9,65536,3063648
000225 194940330271 S6 T00000003 V. twn> SUCCESS
000226 194940331274 S6 T00000003 V. 
000227 194940331274 S6 T00000003 V. twn> DG_IMAGE/DAT_IMAGEMEMXFER/MSG_GET
000228 194940331274 S6 T00000003 V. twn> TWCP_NONE,5100,1700,12,0,360,61200,9,65536,3063648
000229 194940331274 S6 T00000003 V. twn> TWCP_NONE,5100,1700,12,0,372,61200,9,65536,3063648
000230 194940331274 S6 T00000003 V. twn> SUCCESS
000231 194940332276 S6 T00000003 V. 
000232 194940332276 S6 T00000003 V. twn> DG_IMAGE/DAT_IMAGEMEMXFER/MSG_GET
000233 194940332276 S6 T00000003 V. twn> TWCP_NONE,5100,1700,12,0,372,61200,9,65536,3063648
000234 194940332276 S6 T00000003 V. twn> TWCP_NONE,5100,1700,12,0,384,61200,9,65536,3063648
000235 194940332276 S6 T00000003 V. twn> SUCCESS
000236 194940333313 S6 T00000003 V. 
000237 194940333313 S6 T00000003 V. twn> DG_IMAGE/DAT_IMAGEMEMXFER/MSG_GET
000238 194940333313 S6 T00000003 V. twn> TWCP_NONE,5100,1700,12,0,384,61200,9,65536,3063648
000239 194940333313 S6 T00000003 V. twn> TWCP_NONE,5100,1700,12,0,396,61200,9,65536,3063648
000240 194940333313 S6 T00000003 V. twn> SUCCESS
000241 194940334315 S6 T00000003 V. 
000242 194940334315 S6 T00000003 V. twn> DG_IMAGE/DAT_IMAGEMEMXFER/MSG_GET
000243 194940334315 S6 T00000003 V. twn> TWCP_NONE,5100,1700,12,0,396,61200,9,65536,3063648
000244 194940334315 S6 T00000003 V. twn> TWCP_NONE,5100,1700,12,0,408,61200,9,65536,3063648
000245 194940334315 S6 T00000003 V. twn> SUCCESS
000246 194940336287 S6 T00000003 V. 
000247 194940336287 S6 T00000003 V. twn> DG_IMAGE/DAT_IMAGEMEMXFER/MSG_GET
000248 194940336287 S6 T00000003 V. twn> TWCP_NONE,5100,1700,12,0,408,61200,9,65536,3063648
000249 194940336287 S6 T00000003 V. twn> TWCP_NONE,5100,1700,12,0,420,61200,9,65536,3063648
000250 194940337290 S6 T00000003 V. twn> SUCCESS
000251 194940337290 S6 T00000003 V. 
000252 194940337290 S6 T00000003 V. twn> DG_IMAGE/DAT_IMAGEMEMXFER/MSG_GET
000253 194940337290 S6 T00000003 V. twn> TWCP_NONE,5100,1700,12,0,420,61200,9,65536,3063648
000254 194940338292 S6 T00000003 V. twn> TWCP_NONE,5100,1700,12,0,432,61200,9,65536,3063648
000255 194940338292 S6 T00000003 V. twn> SUCCESS
000256 194940339298 S6 T00000003 V. 
000257 194940339298 S6 T00000003 V. twn> DG_IMAGE/DAT_IMAGEMEMXFER/MSG_GET
000258 194940339298 S6 T00000003 V. twn> TWCP_NONE,5100,1700,12,0,432,61200,9,65536,3063648
000259 194940339298 S6 T00000003 V. twn> TWCP_NONE,5100,1700,12,0,444,61200,9,65536,3063648
000260 194940339298 S6 T00000003 V. twn> SUCCESS
000261 194940340296 S6 T00000003 V. 
000262 194940341299 S6 T00000003 V. twn> DG_IMAGE/DAT_IMAGEMEMXFER/MSG_GET
000263 194940341299 S6 T00000003 V. twn> TWCP_NONE,5100,1700,12,0,444,61200,9,65536,3063648
000264 194940341299 S6 T00000003 V. twn> TWCP_NONE,5100,1700,12,0,456,61200,9,65536,3063648
000265 194940341299 S6 T00000003 V. twn> SUCCESS
000266 194940342304 S6 T00000003 V. 
000267 194940342304 S6 T00000003 V. twn> DG_IMAGE/DAT_IMAGEMEMXFER/MSG_GET
000268 194940342304 S6 T00000003 V. twn> TWCP_NONE,5100,1700,12,0,456,61200,9,65536,3063648
000269 194940342304 S6 T00000003 V. twn> TWCP_NONE,5100,1700,12,0,468,61200,9,65536,3063648
000270 194940343306 S6 T00000003 V. twn> SUCCESS
000271 194940343306 S6 T00000003 V. 
000272 194940343306 S6 T00000003 V. twn> DG_IMAGE/DAT_IMAGEMEMXFER/MSG_GET
000273 194940343306 S6 T00000003 V. twn> TWCP_NONE,5100,1700,12,0,468,61200,9,65536,3063648
000274 194940344320 S6 T00000003 V. twn> TWCP_NONE,5100,1700,12,0,480,61200,9,65536,3063648
000275 194940344320 S6 T00000003 V. twn> SUCCESS
000276 194940345312 S6 T00000003 V. 
000277 194940345312 S6 T00000003 V. twn> DG_IMAGE/DAT_IMAGEMEMXFER/MSG_GET
000278 194940345312 S6 T00000003 V. twn> TWCP_NONE,5100,1700,12,0,480,61200,9,65536,3063648
000279 194940345312 S6 T00000003 V. twn> TWCP_NONE,5100,1700,12,0,492,61200,9,65536,3063648
000280 194940345312 S6 T00000003 V. twn> SUCCESS
000281 194940347316 S6 T00000003 V. 
000282 194940347316 S6 T00000003 V. twn> DG_IMAGE/DAT_IMAGEMEMXFER/MSG_GET
000283 194940347316 S6 T00000003 V. twn> TWCP_NONE,5100,1700,12,0,492,61200,9,65536,3063648
000284 194940347316 S6 T00000003 V. twn> TWCP_NONE,5100,1700,12,0,504,61200,9,65536,3063648
000285 194940347316 S6 T00000003 V. twn> SUCCESS
000286 194940348353 S6 T00000003 V. 
000287 194940348353 S6 T00000003 V. twn> DG_IMAGE/DAT_IMAGEMEMXFER/MSG_GET
000288 194940348353 S6 T00000003 V. twn> TWCP_NONE,5100,1700,12,0,504,61200,9,65536,3063648
000289 194940348353 S6 T00000003 V. twn> TWCP_NONE,5100,1700,12,0,516,61200,9,65536,3063648
000290 194940348353 S6 T00000003 V. twn> SUCCESS
000291 194940349360 S6 T00000003 V. 
000292 194940349360 S6 T00000003 V. twn> DG_IMAGE/DAT_IMAGEMEMXFER/MSG_GET
000293 194940349360 S6 T00000003 V. twn> TWCP_NONE,5100,1700,12,0,516,61200,9,65536,3063648
000294 194940349360 S6 T00000003 V. twn> TWCP_NONE,5100,1700,12,0,528,61200,9,65536,3063648
000295 194940349360 S6 T00000003 V. twn> SUCCESS
000296 194940351360 S6 T00000003 V. 
000297 194940351360 S6 T00000003 V. twn> DG_IMAGE/DAT_IMAGEMEMXFER/MSG_GET
000298 194940352329 S6 T00000003 V. twn> TWCP_NONE,5100,1700,12,0,528,61200,9,65536,3063648
000299 194940352329 S6 T00000003 V. twn> TWCP_NONE,5100,1700,12,0,540,61200,9,65536,3063648
000300 194940352329 S6 T00000003 V. twn> SUCCESS
000301 194940353331 S6 T00000003 V. 
000302 194940353331 S6 T00000003 V. twn> DG_IMAGE/DAT_IMAGEMEMXFER/MSG_GET
000303 194940353331 S6 T00000003 V. twn> TWCP_NONE,5100,1700,12,0,540,61200,9,65536,3063648
000304 194940354336 S6 T00000003 V. twn> TWCP_NONE,5100,1700,12,0,552,61200,9,65536,3063648
000305 194940354336 S6 T00000003 V. twn> SUCCESS
000306 194940355337 S6 T00000003 V. 
000307 194940355337 S6 T00000003 V. twn> DG_IMAGE/DAT_IMAGEMEMXFER/MSG_GET
000308 194940355337 S6 T00000003 V. twn> TWCP_NONE,5100,1700,12,0,552,61200,9,65536,3063648
000309 194940355337 S6 T00000003 V. twn> TWCP_NONE,5100,1700,12,0,564,61200,9,65536,3063648
000310 194940355337 S6 T00000003 V. twn> SUCCESS
000311 194940356339 S6 T00000003 V. 
000312 194940356339 S6 T00000003 V. twn> DG_IMAGE/DAT_IMAGEMEMXFER/MSG_GET
000313 194940356339 S6 T00000003 V. twn> TWCP_NONE,5100,1700,12,0,564,61200,9,65536,3063648
000314 194940357342 S6 T00000003 V. twn> TWCP_NONE,5100,1700,12,0,576,61200,9,65536,3063648
000315 194940357342 S6 T00000003 V. twn> SUCCESS
000316 194940358344 S6 T00000003 V. 
000317 194940358344 S6 T00000003 V. twn> DG_IMAGE/DAT_IMAGEMEMXFER/MSG_GET
000318 194940358344 S6 T00000003 V. twn> TWCP_NONE,5100,1700,12,0,576,61200,9,65536,3063648
000319 194940359382 S6 T00000003 V. twn> TWCP_NONE,5100,1700,12,0,588,61200,9,65536,3063648
000320 194940359382 S6 T00000003 V. twn> SUCCESS
000321 194940360387 S6 T00000003 V. 
000322 194940360387 S6 T00000003 V. twn> DG_IMAGE/DAT_IMAGEMEMXFER/MSG_GET
000323 194940360387 S6 T00000003 V. twn> TWCP_NONE,5100,1700,12,0,588,61200,9,65536,3063648
000324 194940360387 S6 T00000003 V. twn> TWCP_NONE,5100,1700,12,0,600,61200,9,65536,3063648
000325 194940360387 S6 T00000003 V. twn> SUCCESS
000326 194940361392 S6 T00000003 V. 
000327 194940361392 S6 T00000003 V. twn> DG_IMAGE/DAT_IMAGEMEMXFER/MSG_GET
000328 194940361392 S6 T00000003 V. twn> TWCP_NONE,5100,1700,12,0,600,61200,9,65536,3063648
000329 194940361392 S6 T00000003 V. twn> TWCP_NONE,5100,1700,12,0,612,61200,9,65536,3063648
000330 194940361392 S6 T00000003 V. twn> SUCCESS
000331 194940364361 S6 T00000003 V. 
000332 194940364361 S6 T00000003 V. twn> DG_IMAGE/DAT_IMAGEMEMXFER/MSG_GET
000333 194940364361 S6 T00000003 V. twn> TWCP_NONE,5100,1700,12,0,612,61200,9,65536,3063648
000334 194940364361 S6 T00000003 V. twn> TWCP_NONE,5100,1700,12,0,624,61200,9,65536,3063648
000335 194940364361 S6 T00000003 V. twn> SUCCESS
000336 194940366368 S6 T00000003 V. 
000337 194940366368 S6 T00000003 V. twn> DG_IMAGE/DAT_IMAGEMEMXFER/MSG_GET
000338 194940366368 S6 T00000003 V. twn> TWCP_NONE,5100,1700,12,0,624,61200,9,65536,3063648
000339 194940366368 S6 T00000003 V. twn> TWCP_NONE,5100,1700,12,0,636,61200,9,65536,3063648
000340 194940366368 S6 T00000003 V. twn> SUCCESS
000341 194940367403 S6 T00000003 V. 
000342 194940367403 S6 T00000003 V. twn> DG_IMAGE/DAT_IMAGEMEMXFER/MSG_GET
000343 194940367403 S6 T00000003 V. twn> TWCP_NONE,5100,1700,12,0,636,61200,9,65536,3063648
000344 194940367403 S6 T00000003 V. twn> TWCP_NONE,5100,1700,12,0,648,61200,9,65536,3063648
000345 194940367403 S6 T00000003 V. twn> SUCCESS
000346 194940369404 S6 T00000003 V. 
000347 194940369404 S6 T00000003 V. twn> DG_IMAGE/DAT_IMAGEMEMXFER/MSG_GET
000348 194940369404 S6 T00000003 V. twn> TWCP_NONE,5100,1700,12,0,648,61200,9,65536,3063648
000349 194940369404 S6 T00000003 V. twn> TWCP_NONE,5100,1700,12,0,660,61200,9,65536,3063648
000350 194940369404 S6 T00000003 V. twn> SUCCESS
000351 194940371414 S6 T00000003 V. 
000352 194940371414 S6 T00000003 V. twn> DG_IMAGE/DAT_IMAGEMEMXFER/MSG_GET
000353 194940371414 S6 T00000003 V. twn> TWCP_NONE,5100,1700,12,0,660,61200,9,65536,3063648
000354 194940372382 S6 T00000003 V. twn> TWCP_NONE,5100,1700,12,0,672,61200,9,65536,3063648
000355 194940372382 S6 T00000003 V. twn> SUCCESS
000356 194940373421 S6 T00000003 V. 
000357 194940373421 S6 T00000003 V. twn> DG_IMAGE/DAT_IMAGEMEMXFER/MSG_GET
000358 194940373421 S6 T00000003 V. twn> TWCP_NONE,5100,1700,12,0,672,61200,9,65536,3063648
000359 194940373421 S6 T00000003 V. twn> TWCP_NONE,5100,1700,12,0,684,61200,9,65536,3063648
000360 194940373421 S6 T00000003 V. twn> SUCCESS
000361 194940374389 S6 T00000003 V. 
000362 194940374389 S6 T00000003 V. twn> DG_IMAGE/DAT_IMAGEMEMXFER/MSG_GET
000363 194940374389 S6 T00000003 V. twn> TWCP_NONE,5100,1700,12,0,684,61200,9,65536,3063648
000364 194940375390 S6 T00000003 V. twn> TWCP_NONE,5100,1700,12,0,696,61200,9,65536,3063648
000365 194940375390 S6 T00000003 V. twn> SUCCESS
000366 194940377396 S6 T00000003 V. 
000367 194940377396 S6 T00000003 V. twn> DG_IMAGE/DAT_IMAGEMEMXFER/MSG_GET
000368 194940377396 S6 T00000003 V. twn> TWCP_NONE,5100,1700,12,0,696,61200,9,65536,3063648
000369 194940378398 S6 T00000003 V. twn> TWCP_NONE,5100,1700,12,0,708,61200,9,65536,3063648
000370 194940378398 S6 T00000003 V. twn> SUCCESS
000371 194940379403 S6 T00000003 V. 
000372 194940379403 S6 T00000003 V. twn> DG_IMAGE/DAT_IMAGEMEMXFER/MSG_GET
000373 194940379403 S6 T00000003 V. twn> TWCP_NONE,5100,1700,12,0,708,61200,9,65536,3063648
000374 194940379403 S6 T00000003 V. twn> TWCP_NONE,5100,1700,12,0,720,61200,9,65536,3063648
000375 194940380404 S6 T00000003 V. twn> SUCCESS
000376 194940381437 S6 T00000003 V. 
000377 194940381437 S6 T00000003 V. twn> DG_IMAGE/DAT_IMAGEMEMXFER/MSG_GET
000378 194940381437 S6 T00000003 V. twn> TWCP_NONE,5100,1700,12,0,720,61200,9,65536,3063648
000379 194940381437 S6 T00000003 V. twn> TWCP_NONE,5100,1700,12,0,732,61200,9,65536,3063648
000380 194940381437 S6 T00000003 V. twn> SUCCESS
000381 194940382445 S6 T00000003 V. 
000382 194940382445 S6 T00000003 V. twn> DG_IMAGE/DAT_IMAGEMEMXFER/MSG_GET
000383 194940383446 S6 T00000003 V. twn> TWCP_NONE,5100,1700,12,0,732,61200,9,65536,3063648
000384 194940383446 S6 T00000003 V. twn> TWCP_NONE,5100,1700,12,0,744,61200,9,65536,3063648
000385 194940383446 S6 T00000003 V. twn> SUCCESS
000386 194940385417 S6 T00000003 V. 
000387 194940386419 S6 T00000003 V. twn> DG_IMAGE/DAT_IMAGEMEMXFER/MSG_GET
000388 194940386419 S6 T00000003 V. twn> TWCP_NONE,5100,1700,12,0,744,61200,9,65536,3063648
000389 194940386419 S6 T00000003 V. twn> TWCP_NONE,5100,1700,12,0,756,61200,9,65536,3063648
000390 194940386419 S6 T00000003 V. twn> SUCCESS
000391 194940388427 S6 T00000003 V. 
000392 194940388427 S6 T00000003 V. twn> DG_IMAGE/DAT_IMAGEMEMXFER/MSG_GET
000393 194940388427 S6 T00000003 V. twn> TWCP_NONE,5100,1700,12,0,756,61200,9,65536,3063648
000394 194940389427 S6 T00000003 V. twn> TWCP_NONE,5100,1700,12,0,768,61200,9,65536,3063648
000395 194940389427 S6 T00000003 V. twn> SUCCESS
000396 194940390430 S6 T00000003 V. 
000397 194940390430 S6 T00000003 V. twn> DG_IMAGE/DAT_IMAGEMEMXFER/MSG_GET
000398 194940390430 S6 T00000003 V. twn> TWCP_NONE,5100,1700,12,0,768,61200,9,65536,3063648
000399 194940390430 S6 T00000003 V. twn> TWCP_NONE,5100,1700,12,0,780,61200,9,65536,3063648
000400 194940390430 S6 T00000003 V. twn> SUCCESS
000401 194940392470 S6 T00000003 V. 
000402 194940393438 S6 T00000003 V. twn> DG_IMAGE/DAT_IMAGEMEMXFER/MSG_GET
000403 194940393438 S6 T00000003 V. twn> TWCP_NONE,5100,1700,12,0,780,61200,9,65536,3063648
000404 194940393438 S6 T00000003 V. twn> TWCP_NONE,5100,1700,12,0,792,61200,9,65536,3063648
000405 194940394440 S6 T00000003 V. twn> SUCCESS
000406 194940395445 S6 T00000003 V. 
000407 194940395445 S6 T00000003 V. twn> DG_IMAGE/DAT_IMAGEMEMXFER/MSG_GET
000408 194940395445 S6 T00000003 V. twn> TWCP_NONE,5100,1700,12,0,792,61200,9,65536,3063648
000409 194940395445 S6 T00000003 V. twn> TWCP_NONE,5100,1700,12,0,804,61200,9,65536,3063648
000410 194940395445 S6 T00000003 V. twn> SUCCESS
000411 194940397450 S6 T00000003 V. 
000412 194940397450 S6 T00000003 V. twn> DG_IMAGE/DAT_IMAGEMEMXFER/MSG_GET
000413 194940397450 S6 T00000003 V. twn> TWCP_NONE,5100,1700,12,0,804,61200,9,65536,3063648
000414 194940397450 S6 T00000003 V. twn> TWCP_NONE,5100,1700,12,0,816,61200,9,65536,3063648
000415 194940397450 S6 T00000003 V. twn> SUCCESS
000416 194940399455 S6 T00000003 V. 
000417 194940399455 S6 T00000003 V. twn> DG_IMAGE/DAT_IMAGEMEMXFER/MSG_GET
000418 194940399455 S6 T00000003 V. twn> TWCP_NONE,5100,1700,12,0,816,61200,9,65536,3063648
000419 194940399455 S6 T00000003 V. twn> TWCP_NONE,5100,1700,12,0,828,61200,9,65536,3063648
000420 194940399455 S6 T00000003 V. twn> SUCCESS
000421 194940401494 S6 T00000003 V. 
000422 194940402462 S6 T00000003 V. twn> DG_IMAGE/DAT_IMAGEMEMXFER/MSG_GET
000423 194940402462 S6 T00000003 V. twn> TWCP_NONE,5100,1700,12,0,828,61200,9,65536,3063648
000424 194940402462 S6 T00000003 V. twn> TWCP_NONE,5100,1700,12,0,840,61200,9,65536,3063648
000425 194940403465 S6 T00000003 V. twn> SUCCESS
000426 194940405505 S6 T00000003 V. 
000427 194940405505 S6 T00000003 V. twn> DG_IMAGE/DAT_IMAGEMEMXFER/MSG_GET
000428 194940405505 S6 T00000003 V. twn> TWCP_NONE,5100,1700,12,0,840,61200,9,65536,3063648
000429 194940405505 S6 T00000003 V. twn> TWCP_NONE,5100,1700,12,0,852,61200,9,65536,3063648
000430 194940405505 S6 T00000003 V. twn> SUCCESS
000431 194940406472 S6 T00000003 V. 
000432 194940406472 S6 T00000003 V. twn> DG_IMAGE/DAT_IMAGEMEMXFER/MSG_GET
000433 194940407510 S6 T00000003 V. twn> TWCP_NONE,5100,1700,12,0,852,61200,9,65536,3063648
000434 194940407510 S6 T00000003 V. twn> TWCP_NONE,5100,1700,12,0,864,61200,9,65536,3063648
000435 194940407510 S6 T00000003 V. twn> SUCCESS
000436 194940409515 S6 T00000003 V. 
000437 194940409515 S6 T00000003 V. twn> DG_IMAGE/DAT_IMAGEMEMXFER/MSG_GET
000438 194940409515 S6 T00000003 V. twn> TWCP_NONE,5100,1700,12,0,864,61200,9,65536,3063648
000439 194940410483 S6 T00000003 V. twn> TWCP_NONE,5100,1700,12,0,876,61200,9,65536,3063648
000440 194940410483 S6 T00000003 V. twn> SUCCESS
000441 194940412525 S6 T00000003 V. 
000442 194940412525 S6 T00000003 V. twn> DG_IMAGE/DAT_IMAGEMEMXFER/MSG_GET
000443 194940412525 S6 T00000003 V. twn> TWCP_NONE,5100,1700,12,0,876,61200,9,65536,3063648
000444 194940412525 S6 T00000003 V. twn> TWCP_NONE,5100,1700,12,0,888,61200,9,65536,3063648
000445 194940412525 S6 T00000003 V. twn> SUCCESS
000446 194940414497 S6 T00000003 V. 
000447 194940414497 S6 T00000003 V. twn> DG_IMAGE/DAT_IMAGEMEMXFER/MSG_GET
000448 194940414497 S6 T00000003 V. twn> TWCP_NONE,5100,1700,12,0,888,61200,9,65536,3063648
000449 194940414497 S6 T00000003 V. twn> TWCP_NONE,5100,1700,12,0,900,61200,9,65536,3063648
000450 194940414497 S6 T00000003 V. twn> SUCCESS
000451 194940416499 S6 T00000003 V. 
000452 194940416499 S6 T00000003 V. twn> DG_IMAGE/DAT_IMAGEMEMXFER/MSG_GET
000453 194940416499 S6 T00000003 V. twn> TWCP_NONE,5100,1700,12,0,900,61200,9,65536,3063648
000454 194940416499 S6 T00000003 V. twn> TWCP_NONE,5100,1700,12,0,912,61200,9,65536,3063648
000455 194940416499 S6 T00000003 V. twn> SUCCESS
000456 194940419536 S6 T00000003 V. 
000457 194940419536 S6 T00000003 V. twn> DG_IMAGE/DAT_IMAGEMEMXFER/MSG_GET
000458 194940420510 S6 T00000003 V. twn> TWCP_NONE,5100,1700,12,0,912,61200,9,65536,3063648
000459 194940420510 S6 T00000003 V. twn> TWCP_NONE,5100,1700,12,0,924,61200,9,65536,3063648
000460 194940420510 S6 T00000003 V. twn> SUCCESS
000461 194940422515 S6 T00000003 V. 
000462 194940422515 S6 T00000003 V. twn> DG_IMAGE/DAT_IMAGEMEMXFER/MSG_GET
000463 194940422515 S6 T00000003 V. twn> TWCP_NONE,5100,1700,12,0,924,61200,9,65536,3063648
000464 194940423518 S6 T00000003 V. twn> TWCP_NONE,5100,1700,12,0,936,61200,9,65536,3063648
000465 194940423518 S6 T00000003 V. twn> SUCCESS
000466 194940424552 S6 T00000003 V. 
000467 194940424552 S6 T00000003 V. twn> DG_IMAGE/DAT_IMAGEMEMXFER/MSG_GET
000468 194940424552 S6 T00000003 V. twn> TWCP_NONE,5100,1700,12,0,936,61200,9,65536,3063648
000469 194940424552 S6 T00000003 V. twn> TWCP_NONE,5100,1700,12,0,948,61200,9,65536,3063648
000470 194940424552 S6 T00000003 V. twn> SUCCESS
000471 194940427553 S6 T00000003 V. 
000472 194940427553 S6 T00000003 V. twn> DG_IMAGE/DAT_IMAGEMEMXFER/MSG_GET
000473 194940427553 S6 T00000003 V. twn> TWCP_NONE,5100,1700,12,0,948,61200,9,65536,3063648
000474 194940428531 S6 T00000003 V. twn> TWCP_NONE,5100,1700,12,0,960,61200,9,65536,3063648
000475 194940428531 S6 T00000003 V. twn> SUCCESS
000476 194940430538 S6 T00000003 V. 
000477 194940431541 S6 T00000003 V. twn> DG_IMAGE/DAT_IMAGEMEMXFER/MSG_GET
000478 194940431541 S6 T00000003 V. twn> TWCP_NONE,5100,1700,12,0,960,61200,9,65536,3063648
000479 194940431541 S6 T00000003 V. twn> TWCP_NONE,5100,1700,12,0,972,61200,9,65536,3063648
000480 194940431541 S6 T00000003 V. twn> SUCCESS
000481 194940432572 S6 T00000003 V. 
000482 194940432572 S6 T00000003 V. twn> DG_IMAGE/DAT_IMAGEMEMXFER/MSG_GET
000483 194940432572 S6 T00000003 V. twn> TWCP_NONE,5100,1700,12,0,972,61200,9,65536,3063648
000484 194940433579 S6 T00000003 V. twn> TWCP_NONE,5100,1700,12,0,984,61200,9,65536,3063648
000485 194940433579 S6 T00000003 V. twn> SUCCESS
000486 194940434578 S6 T00000003 V. 
000487 194940435579 S6 T00000003 V. twn> DG_IMAGE/DAT_IMAGEMEMXFER/MSG_GET
000488 194940435579 S6 T00000003 V. twn> TWCP_NONE,5100,1700,12,0,984,61200,9,65536,3063648
000489 194940435579 S6 T00000003 V. twn> TWCP_NONE,5100,1700,12,0,996,61200,9,65536,3063648
000490 194940435579 S6 T00000003 V. twn> SUCCESS
000491 194940438589 S6 T00000003 V. 
000492 194940438589 S6 T00000003 V. twn> DG_IMAGE/DAT_IMAGEMEMXFER/MSG_GET
000493 194940438589 S6 T00000003 V. twn> TWCP_NONE,5100,1700,12,0,996,61200,9,65536,3063648
000494 194940439560 S6 T00000003 V. twn> TWCP_NONE,5100,1700,12,0,1008,61200,9,65536,3063648
000495 194940439560 S6 T00000003 V. twn> SUCCESS
000496 194940441566 S6 T00000003 V. 
000497 194940441566 S6 T00000003 V. twn> DG_IMAGE/DAT_IMAGEMEMXFER/MSG_GET
000498 194940441566 S6 T00000003 V. twn> TWCP_NONE,5100,1700,12,0,1008,61200,9,65536,3063648
000499 194940442568 S6 T00000003 V. twn> TWCP_NONE,5100,1700,12,0,1020,61200,9,65536,3063648
000500 194940442568 S6 T00000003 V. twn> SUCCESS
000501 194940443611 S6 T00000003 V. 
000502 194940443611 S6 T00000003 V. twn> DG_IMAGE/DAT_IMAGEMEMXFER/MSG_GET
000503 194940443611 S6 T00000003 V. twn> TWCP_NONE,5100,1700,12,0,1020,61200,9,65536,3063648
000504 194940444607 S6 T00000003 V. twn> TWCP_NONE,5100,1700,12,0,1032,61200,9,65536,3063648
000505 194940444607 S6 T00000003 V. twn> SUCCESS
000506 194940447582 S6 T00000003 V. 
000507 194940447582 S6 T00000003 V. twn> DG_IMAGE/DAT_IMAGEMEMXFER/MSG_GET
000508 194940447582 S6 T00000003 V. twn> TWCP_NONE,5100,1700,12,0,1032,61200,9,65536,3063648
000509 194940447582 S6 T00000003 V. twn> TWCP_NONE,5100,1700,12,0,1044,61200,9,65536,3063648
000510 194940448584 S6 T00000003 V. twn> SUCCESS
000511 194940450592 S6 T00000003 V. 
000512 194940450592 S6 T00000003 V. twn> DG_IMAGE/DAT_IMAGEMEMXFER/MSG_GET
000513 194940450592 S6 T00000003 V. twn> TWCP_NONE,5100,1700,12,0,1044,61200,9,65536,3063648
000514 194940450592 S6 T00000003 V. twn> TWCP_NONE,5100,1700,12,0,1056,61200,9,65536,3063648
000515 194940450592 S6 T00000003 V. twn> SUCCESS
000516 194940452597 S6 T00000003 V. 
000517 194940452597 S6 T00000003 V. twn> DG_IMAGE/DAT_IMAGEMEMXFER/MSG_GET
000518 194940452597 S6 T00000003 V. twn> TWCP_NONE,5100,1700,12,0,1056,61200,9,65536,3063648
000519 194940453598 S6 T00000003 V. twn> TWCP_NONE,5100,1700,12,0,1068,61200,9,65536,3063648
000520 194940453598 S6 T00000003 V. twn> SUCCESS
000521 194940454636 S6 T00000003 V. 
000522 194940454636 S6 T00000003 V. twn> DG_IMAGE/DAT_IMAGEMEMXFER/MSG_GET
000523 194940455637 S6 T00000003 V. twn> TWCP_NONE,5100,1700,12,0,1068,61200,9,65536,3063648
000524 194940455637 S6 T00000003 V. twn> TWCP_NONE,5100,1700,12,0,1080,61200,9,65536,3063648
000525 194940455637 S6 T00000003 V. twn> SUCCESS
000526 194940459616 S6 T00000003 V. 
000527 194940459616 S6 T00000003 V. twn> DG_IMAGE/DAT_IMAGEMEMXFER/MSG_GET
000528 194940459616 S6 T00000003 V. twn> TWCP_NONE,5100,1700,12,0,1080,61200,9,65536,3063648
000529 194940460616 S6 T00000003 V. twn> TWCP_NONE,5100,1700,12,0,1092,61200,9,65536,3063648
000530 194940460616 S6 T00000003 V. twn> SUCCESS
000531 194940462623 S6 T00000003 V. 
000532 194940462623 S6 T00000003 V. twn> DG_IMAGE/DAT_IMAGEMEMXFER/MSG_GET
000533 194940462623 S6 T00000003 V. twn> TWCP_NONE,5100,1700,12,0,1092,61200,9,65536,3063648
000534 194940463625 S6 T00000003 V. twn> TWCP_NONE,5100,1700,12,0,1104,61200,9,65536,3063648
000535 194940463625 S6 T00000003 V. twn> SUCCESS
000536 194940465634 S6 T00000003 V. 
000537 194940465634 S6 T00000003 V. twn> DG_IMAGE/DAT_IMAGEMEMXFER/MSG_GET
000538 194940465634 S6 T00000003 V. twn> TWCP_NONE,5100,1700,12,0,1104,61200,9,65536,3063648
000539 194940465634 S6 T00000003 V. twn> TWCP_NONE,5100,1700,12,0,1116,61200,9,65536,3063648
000540 194940465634 S6 T00000003 V. twn> SUCCESS
000541 194940467637 S6 T00000003 V. 
000542 194940467637 S6 T00000003 V. twn> DG_IMAGE/DAT_IMAGEMEMXFER/MSG_GET
000543 194940467637 S6 T00000003 V. twn> TWCP_NONE,5100,1700,12,0,1116,61200,9,65536,3063648
000544 194940467637 S6 T00000003 V. twn> TWCP_NONE,5100,1700,12,0,1128,61200,9,65536,3063648
000545 194940467637 S6 T00000003 V. twn> SUCCESS
000546 194940470645 S6 T00000003 V. 
000547 194940470645 S6 T00000003 V. twn> DG_IMAGE/DAT_IMAGEMEMXFER/MSG_GET
000548 194940470645 S6 T00000003 V. twn> TWCP_NONE,5100,1700,12,0,1128,61200,9,65536,3063648
000549 194940470645 S6 T00000003 V. twn> TWCP_NONE,5100,1700,12,0,1140,61200,9,65536,3063648
000550 194940470645 S6 T00000003 V. twn> SUCCESS
000551 194940472651 S6 T00000003 V. 
000552 194940472651 S6 T00000003 V. twn> DG_IMAGE/DAT_IMAGEMEMXFER/MSG_GET
000553 194940472651 S6 T00000003 V. twn> TWCP_NONE,5100,1700,12,0,1140,61200,9,65536,3063648
000554 194940472651 S6 T00000003 V. twn> TWCP_NONE,5100,1700,12,0,1152,61200,9,65536,3063648
000555 194940472651 S6 T00000003 V. twn> SUCCESS
000556 194940474656 S6 T00000003 V. 
000557 194940474656 S6 T00000003 V. twn> DG_IMAGE/DAT_IMAGEMEMXFER/MSG_GET
000558 194940474656 S6 T00000003 V. twn> TWCP_NONE,5100,1700,12,0,1152,61200,9,65536,3063648
000559 194940475658 S6 T00000003 V. twn> TWCP_NONE,5100,1700,12,0,1164,61200,9,65536,3063648
000560 194940475658 S6 T00000003 V. twn> SUCCESS
000561 194940477662 S6 T00000003 V. 
000562 194940477662 S6 T00000003 V. twn> DG_IMAGE/DAT_IMAGEMEMXFER/MSG_GET
000563 194940477662 S6 T00000003 V. twn> TWCP_NONE,5100,1700,12,0,1164,61200,9,65536,3063648
000564 194940477662 S6 T00000003 V. twn> TWCP_NONE,5100,1700,12,0,1176,61200,9,65536,3063648
000565 194940478666 S6 T00000003 V. twn> SUCCESS
000566 194940480671 S6 T00000003 V. 
000567 194940480671 S6 T00000003 V. twn> DG_IMAGE/DAT_IMAGEMEMXFER/MSG_GET
000568 194940480671 S6 T00000003 V. twn> TWCP_NONE,5100,1700,12,0,1176,61200,9,65536,3063648
000569 194940480671 S6 T00000003 V. twn> TWCP_NONE,5100,1700,12,0,1188,61200,9,65536,3063648
000570 194940480671 S6 T00000003 V. twn> SUCCESS
000571 194940482704 S6 T00000003 V. 
000572 194940482704 S6 T00000003 V. twn> DG_IMAGE/DAT_IMAGEMEMXFER/MSG_GET
000573 194940482704 S6 T00000003 V. twn> TWCP_NONE,5100,1700,12,0,1188,61200,9,65536,3063648
000574 194940482704 S6 T00000003 V. twn> TWCP_NONE,5100,1700,12,0,1200,61200,9,65536,3063648
000575 194940482704 S6 T00000003 V. twn> SUCCESS
000576 194940485709 S6 T00000003 V. 
000577 194940485709 S6 T00000003 V. twn> DG_IMAGE/DAT_IMAGEMEMXFER/MSG_GET
000578 194940485709 S6 T00000003 V. twn> TWCP_NONE,5100,1700,12,0,1200,61200,9,65536,3063648
000579 194940485709 S6 T00000003 V. twn> TWCP_NONE,5100,1700,12,0,1212,61200,9,65536,3063648
000580 194940485709 S6 T00000003 V. twn> SUCCESS
000581 194940487718 S6 T00000003 V. 
000582 194940487718 S6 T00000003 V. twn> DG_IMAGE/DAT_IMAGEMEMXFER/MSG_GET
000583 194940487718 S6 T00000003 V. twn> TWCP_NONE,5100,1700,12,0,1212,61200,9,65536,3063648
000584 194940488691 S6 T00000003 V. twn> TWCP_NONE,5100,1700,12,0,1224,61200,9,65536,3063648
000585 194940488691 S6 T00000003 V. twn> SUCCESS
000586 194940498718 S6 T00000003 V. 
000587 194940498718 S6 T00000003 V. twn> DG_IMAGE/DAT_IMAGEMEMXFER/MSG_GET
000588 194940498718 S6 T00000003 V. twn> TWCP_NONE,5100,1700,12,0,1224,61200,9,65536,3063648
000589 194940498718 S6 T00000003 V. twn> TWCP_NONE,5100,1700,12,0,1236,61200,9,65536,3063648
000590 194940498718 S6 T00000003 V. twn> SUCCESS
000591 194940501726 S6 T00000003 V. 
000592 194940501726 S6 T00000003 V. twn> DG_IMAGE/DAT_IMAGEMEMXFER/MSG_GET
000593 194940501726 S6 T00000003 V. twn> TWCP_NONE,5100,1700,12,0,1236,61200,9,65536,3063648
000594 194940502728 S6 T00000003 V. twn> TWCP_NONE,5100,1700,12,0,1248,61200,9,65536,3063648
000595 194940502728 S6 T00000003 V. twn> SUCCESS
000596 194940504734 S6 T00000003 V. 
000597 194940505736 S6 T00000003 V. twn> DG_IMAGE/DAT_IMAGEMEMXFER/MSG_GET
000598 194940505736 S6 T00000003 V. twn> TWCP_NONE,5100,1700,12,0,1248,61200,9,65536,3063648
000599 194940505736 S6 T00000003 V. twn> TWCP_NONE,5100,1700,12,0,1260,61200,9,65536,3063648
000600 194940505736 S6 T00000003 V. twn> SUCCESS
000601 194940507742 S6 T00000003 V. 
000602 194940508745 S6 T00000003 V. twn> DG_IMAGE/DAT_IMAGEMEMXFER/MSG_GET
000603 194940508745 S6 T00000003 V. twn> TWCP_NONE,5100,1700,12,0,1260,61200,9,65536,3063648
000604 194940508745 S6 T00000003 V. twn> TWCP_NONE,5100,1700,12,0,1272,61200,9,65536,3063648
000605 194940508745 S6 T00000003 V. twn> SUCCESS
000606 194940510750 S6 T00000003 V. 
000607 194940510750 S6 T00000003 V. twn> DG_IMAGE/DAT_IMAGEMEMXFER/MSG_GET
000608 194940510750 S6 T00000003 V. twn> TWCP_NONE,5100,1700,12,0,1272,61200,9,65536,3063648
000609 194940510750 S6 T00000003 V. twn> TWCP_NONE,5100,1700,12,0,1284,61200,9,65536,3063648
000610 194940510750 S6 T00000003 V. twn> SUCCESS
000611 194940513758 S6 T00000003 V. 
000612 194940513758 S6 T00000003 V. twn> DG_IMAGE/DAT_IMAGEMEMXFER/MSG_GET
000613 194940513758 S6 T00000003 V. twn> TWCP_NONE,5100,1700,12,0,1284,61200,9,65536,3063648
000614 194940513758 S6 T00000003 V. twn> TWCP_NONE,5100,1700,12,0,1296,61200,9,65536,3063648
000615 194940513758 S6 T00000003 V. twn> SUCCESS
000616 194940516766 S6 T00000003 V. 
000617 194940516766 S6 T00000003 V. twn> DG_IMAGE/DAT_IMAGEMEMXFER/MSG_GET
000618 194940516766 S6 T00000003 V. twn> TWCP_NONE,5100,1700,12,0,1296,61200,9,65536,3063648
000619 194940516766 S6 T00000003 V. twn> TWCP_NONE,5100,1700,12,0,1308,61200,9,65536,3063648
000620 194940516766 S6 T00000003 V. twn> SUCCESS
000621 194940518806 S6 T00000003 V. 
000622 194940518806 S6 T00000003 V. twn> DG_IMAGE/DAT_IMAGEMEMXFER/MSG_GET
000623 194940518806 S6 T00000003 V. twn> TWCP_NONE,5100,1700,12,0,1308,61200,9,65536,3063648
000624 194940519774 S6 T00000003 V. twn> TWCP_NONE,5100,1700,12,0,1320,61200,9,65536,3063648
000625 194940519774 S6 T00000003 V. twn> SUCCESS
000626 194940521781 S6 T00000003 V. 
000627 194940521781 S6 T00000003 V. twn> DG_IMAGE/DAT_IMAGEMEMXFER/MSG_GET
000628 194940521781 S6 T00000003 V. twn> TWCP_NONE,5100,1700,12,0,1320,61200,9,65536,3063648
000629 194940521781 S6 T00000003 V. twn> TWCP_NONE,5100,1700,12,0,1332,61200,9,65536,3063648
000630 194940521781 S6 T00000003 V. twn> SUCCESS
000631 194940524789 S6 T00000003 V. 
000632 194940524789 S6 T00000003 V. twn> DG_IMAGE/DAT_IMAGEMEMXFER/MSG_GET
000633 194940524789 S6 T00000003 V. twn> TWCP_NONE,5100,1700,12,0,1332,61200,9,65536,3063648
000634 194940524789 S6 T00000003 V. twn> TWCP_NONE,5100,1700,12,0,1344,61200,9,65536,3063648
000635 194940524789 S6 T00000003 V. twn> SUCCESS
000636 194940527797 S6 T00000003 V. 
000637 194940527797 S6 T00000003 V. twn> DG_IMAGE/DAT_IMAGEMEMXFER/MSG_GET
000638 194940527797 S6 T00000003 V. twn> TWCP_NONE,5100,1700,12,0,1344,61200,9,65536,3063648
000639 194940527797 S6 T00000003 V. twn> TWCP_NONE,5100,1700,12,0,1356,61200,9,65536,3063648
000640 194940527797 S6 T00000003 V. twn> SUCCESS
000641 194940530805 S6 T00000003 V. 
000642 194940530805 S6 T00000003 V. twn> DG_IMAGE/DAT_IMAGEMEMXFER/MSG_GET
000643 194940530805 S6 T00000003 V. twn> TWCP_NONE,5100,1700,12,0,1356,61200,9,65536,3063648
000644 194940530805 S6 T00000003 V. twn> TWCP_NONE,5100,1700,12,0,1368,61200,9,65536,3063648
000645 194940530805 S6 T00000003 V. twn> SUCCESS
000646 194940541832 S6 T00000003 V. 
000647 194940541832 S6 T00000003 V. twn> DG_IMAGE/DAT_IMAGEMEMXFER/MSG_GET
000648 194940541832 S6 T00000003 V. twn> TWCP_NONE,5100,1700,12,0,1368,61200,9,65536,3063648
000649 194940541832 S6 T00000003 V. twn> TWCP_NONE,5100,1700,12,0,1380,61200,9,65536,3063648
000650 194940541832 S6 T00000003 V. twn> SUCCESS
000651 194940545843 S6 T00000003 V. 
000652 194940545843 S6 T00000003 V. twn> DG_IMAGE/DAT_IMAGEMEMXFER/MSG_GET
000653 194940545843 S6 T00000003 V. twn> TWCP_NONE,5100,1700,12,0,1380,61200,9,65536,3063648
000654 194940545843 S6 T00000003 V. twn> TWCP_NONE,5100,1700,12,0,1392,61200,9,65536,3063648
000655 194940546846 S6 T00000003 V. twn> SUCCESS
000656 194940548853 S6 T00000003 V. 
000657 194940548853 S6 T00000003 V. twn> DG_IMAGE/DAT_IMAGEMEMXFER/MSG_GET
000658 194940548853 S6 T00000003 V. twn> TWCP_NONE,5100,1700,12,0,1392,61200,9,65536,3063648
000659 194940549856 S6 T00000003 V. twn> TWCP_NONE,5100,1700,12,0,1404,61200,9,65536,3063648
000660 194940549856 S6 T00000003 V. twn> SUCCESS
000661 194940551860 S6 T00000003 V. 
000662 194940551860 S6 T00000003 V. twn> DG_IMAGE/DAT_IMAGEMEMXFER/MSG_GET
000663 194940551860 S6 T00000003 V. twn> TWCP_NONE,5100,1700,12,0,1404,61200,9,65536,3063648
000664 194940552862 S6 T00000003 V. twn> TWCP_NONE,5100,1700,12,0,1416,61200,9,65536,3063648
000665 194940552862 S6 T00000003 V. twn> SUCCESS
000666 194940555871 S6 T00000003 V. 
000667 194940555871 S6 T00000003 V. twn> DG_IMAGE/DAT_IMAGEMEMXFER/MSG_GET
000668 194940555871 S6 T00000003 V. twn> TWCP_NONE,5100,1700,12,0,1416,61200,9,65536,3063648
000669 194940555871 S6 T00000003 V. twn> TWCP_NONE,5100,1700,12,0,1428,61200,9,65536,3063648
000670 194940555871 S6 T00000003 V. twn> SUCCESS
000671 194940557876 S6 T00000003 V. 
000672 194940557876 S6 T00000003 V. twn> DG_IMAGE/DAT_IMAGEMEMXFER/MSG_GET
000673 194940557876 S6 T00000003 V. twn> TWCP_NONE,5100,1700,12,0,1428,61200,9,65536,3063648
000674 194940558879 S6 T00000003 V. twn> TWCP_NONE,5100,1700,12,0,1440,61200,9,65536,3063648
000675 194940558879 S6 T00000003 V. twn> SUCCESS
000676 194940560884 S6 T00000003 V. 
000677 194940560884 S6 T00000003 V. twn> DG_IMAGE/DAT_IMAGEMEMXFER/MSG_GET
000678 194940560884 S6 T00000003 V. twn> TWCP_NONE,5100,1700,12,0,1440,61200,9,65536,3063648
000679 194940561897 S6 T00000003 V. twn> TWCP_NONE,5100,1700,12,0,1452,61200,9,65536,3063648
000680 194940561897 S6 T00000003 V. twn> SUCCESS
000681 194940563904 S6 T00000003 V. 
000682 194940563904 S6 T00000003 V. twn> DG_IMAGE/DAT_IMAGEMEMXFER/MSG_GET
000683 194940563904 S6 T00000003 V. twn> TWCP_NONE,5100,1700,12,0,1452,61200,9,65536,3063648
000684 194940564895 S6 T00000003 V. twn> TWCP_NONE,5100,1700,12,0,1464,61200,9,65536,3063648
000685 194940564895 S6 T00000003 V. twn> SUCCESS
000686 194940566900 S6 T00000003 V. 
000687 194940566900 S6 T00000003 V. twn> DG_IMAGE/DAT_IMAGEMEMXFER/MSG_GET
000688 194940566900 S6 T00000003 V. twn> TWCP_NONE,5100,1700,12,0,1464,61200,9,65536,3063648
000689 194940567903 S6 T00000003 V. twn> TWCP_NONE,5100,1700,12,0,1476,61200,9,65536,3063648
000690 194940567903 S6 T00000003 V. twn> SUCCESS
000691 194940569920 S6 T00000003 V. 
000692 194940570910 S6 T00000003 V. twn> DG_IMAGE/DAT_IMAGEMEMXFER/MSG_GET
000693 194940570910 S6 T00000003 V. twn> TWCP_NONE,5100,1700,12,0,1476,61200,9,65536,3063648
000694 194940570910 S6 T00000003 V. twn> TWCP_NONE,5100,1700,12,0,1488,61200,9,65536,3063648
000695 194940570910 S6 T00000003 V. twn> SUCCESS
000696 194940573919 S6 T00000003 V. 
000697 194940573919 S6 T00000003 V. twn> DG_IMAGE/DAT_IMAGEMEMXFER/MSG_GET
000698 194940573919 S6 T00000003 V. twn> TWCP_NONE,5100,1700,12,0,1488,61200,9,65536,3063648
000699 194940573919 S6 T00000003 V. twn> TWCP_NONE,5100,1700,12,0,1500,61200,9,65536,3063648
000700 194940573919 S6 T00000003 V. twn> SUCCESS
000701 194940576926 S6 T00000003 V. 
000702 194940576926 S6 T00000003 V. twn> DG_IMAGE/DAT_IMAGEMEMXFER/MSG_GET
000703 194940576926 S6 T00000003 V. twn> TWCP_NONE,5100,1700,12,0,1500,61200,9,65536,3063648
000704 194940576926 S6 T00000003 V. twn> TWCP_NONE,5100,1700,12,0,1512,61200,9,65536,3063648
000705 194940576926 S6 T00000003 V. twn> SUCCESS
000706 194940579934 S6 T00000003 V. 
000707 194940579934 S6 T00000003 V. twn> DG_IMAGE/DAT_IMAGEMEMXFER/MSG_GET
000708 194940579934 S6 T00000003 V. twn> TWCP_NONE,5100,1700,12,0,1512,61200,9,65536,3063648
000709 194940580937 S6 T00000003 V. twn> TWCP_NONE,5100,1700,12,0,1524,61200,9,65536,3063648
000710 194940580937 S6 T00000003 V. twn> SUCCESS
000711 194940593972 S6 T00000003 V. 
000712 194940593972 S6 T00000003 V. twn> DG_IMAGE/DAT_IMAGEMEMXFER/MSG_GET
000713 194940593972 S6 T00000003 V. twn> TWCP_NONE,5100,1700,12,0,1524,61200,9,65536,3063648
000714 194940594975 S6 T00000003 V. twn> TWCP_NONE,5100,1700,12,0,1536,61200,9,65536,3063648
000715 194940594975 S6 T00000003 V. twn> SUCCESS
000716 194940598985 S6 T00000003 V. 
000717 194940598985 S6 T00000003 V. twn> DG_IMAGE/DAT_IMAGEMEMXFER/MSG_GET
000718 194940598985 S6 T00000003 V. twn> TWCP_NONE,5100,1700,12,0,1536,61200,9,65536,3063648
000719 194940598985 S6 T00000003 V. twn> TWCP_NONE,5100,1700,12,0,1548,61200,9,65536,3063648
000720 194940598985 S6 T00000003 V. twn> SUCCESS
000721 194940601993 S6 T00000003 V. 
000722 194940601993 S6 T00000003 V. twn> DG_IMAGE/DAT_IMAGEMEMXFER/MSG_GET
000723 194940602995 S6 T00000003 V. twn> TWCP_NONE,5100,1700,12,0,1548,61200,9,65536,3063648
000724 194940602995 S6 T00000003 V. twn> TWCP_NONE,5100,1700,12,0,1560,61200,9,65536,3063648
000725 194940602995 S6 T00000003 V. twn> SUCCESS
000726 194940606004 S6 T00000003 V. 
000727 194940606004 S6 T00000003 V. twn> DG_IMAGE/DAT_IMAGEMEMXFER/MSG_GET
000728 194940606004 S6 T00000003 V. twn> TWCP_NONE,5100,1700,12,0,1560,61200,9,65536,3063648
000729 194940606004 S6 T00000003 V. twn> TWCP_NONE,5100,1700,12,0,1572,61200,9,65536,3063648
000730 194940606004 S6 T00000003 V. twn> SUCCESS
000731 194940609012 S6 T00000003 V. 
000732 194940609012 S6 T00000003 V. twn> DG_IMAGE/DAT_IMAGEMEMXFER/MSG_GET
000733 194940609012 S6 T00000003 V. twn> TWCP_NONE,5100,1700,12,0,1572,61200,9,65536,3063648
000734 194940609012 S6 T00000003 V. twn> TWCP_NONE,5100,1700,12,0,1584,61200,9,65536,3063648
000735 194940609012 S6 T00000003 V. twn> SUCCESS
000736 194940612020 S6 T00000003 V. 
000737 194940612020 S6 T00000003 V. twn> DG_IMAGE/DAT_IMAGEMEMXFER/MSG_GET
000738 194940612020 S6 T00000003 V. twn> TWCP_NONE,5100,1700,12,0,1584,61200,9,65536,3063648
000739 194940613022 S6 T00000003 V. twn> TWCP_NONE,5100,1700,12,0,1596,61200,9,65536,3063648
000740 194940613022 S6 T00000003 V. twn> SUCCESS
000741 194940615028 S6 T00000003 V. 
000742 194940616031 S6 T00000003 V. twn> DG_IMAGE/DAT_IMAGEMEMXFER/MSG_GET
000743 194940616031 S6 T00000003 V. twn> TWCP_NONE,5100,1700,12,0,1596,61200,9,65536,3063648
000744 194940616031 S6 T00000003 V. twn> TWCP_NONE,5100,1700,12,0,1608,61200,9,65536,3063648
000745 194940616031 S6 T00000003 V. twn> SUCCESS
000746 194940619044 S6 T00000003 V. 
000747 194940619044 S6 T00000003 V. twn> DG_IMAGE/DAT_IMAGEMEMXFER/MSG_GET
000748 194940619044 S6 T00000003 V. twn> TWCP_NONE,5100,1700,12,0,1608,61200,9,65536,3063648
000749 194940619044 S6 T00000003 V. twn> TWCP_NONE,5100,1700,12,0,1620,61200,9,65536,3063648
000750 194940619044 S6 T00000003 V. twn> SUCCESS
000751 194940622047 S6 T00000003 V. 
000752 194940622047 S6 T00000003 V. twn> DG_IMAGE/DAT_IMAGEMEMXFER/MSG_GET
000753 194940622047 S6 T00000003 V. twn> TWCP_NONE,5100,1700,12,0,1620,61200,9,65536,3063648
000754 194940622047 S6 T00000003 V. twn> TWCP_NONE,5100,1700,12,0,1632,61200,9,65536,3063648
000755 194940623048 S6 T00000003 V. twn> SUCCESS
000756 194940625054 S6 T00000003 V. 
000757 194940625054 S6 T00000003 V. twn> DG_IMAGE/DAT_IMAGEMEMXFER/MSG_GET
000758 194940625054 S6 T00000003 V. twn> TWCP_NONE,5100,1700,12,0,1632,61200,9,65536,3063648
000759 194940626057 S6 T00000003 V. twn> TWCP_NONE,5100,1700,12,0,1644,61200,9,65536,3063648
000760 194940626057 S6 T00000003 V. twn> SUCCESS
000761 194940629064 S6 T00000003 V. 
000762 194940629064 S6 T00000003 V. twn> DG_IMAGE/DAT_IMAGEMEMXFER/MSG_GET
000763 194940629064 S6 T00000003 V. twn> TWCP_NONE,5100,1700,12,0,1644,61200,9,65536,3063648
000764 194940629064 S6 T00000003 V. twn> TWCP_NONE,5100,1700,12,0,1656,61200,9,65536,3063648
000765 194940629064 S6 T00000003 V. twn> SUCCESS
000766 194940632072 S6 T00000003 V. 
000767 194940632072 S6 T00000003 V. twn> DG_IMAGE/DAT_IMAGEMEMXFER/MSG_GET
000768 194940632072 S6 T00000003 V. twn> TWCP_NONE,5100,1700,12,0,1656,61200,9,65536,3063648
000769 194940632072 S6 T00000003 V. twn> TWCP_NONE,5100,1700,12,0,1668,61200,9,65536,3063648
000770 194940632072 S6 T00000003 V. twn> SUCCESS
000771 194940635081 S6 T00000003 V. 
000772 194940635081 S6 T00000003 V. twn> DG_IMAGE/DAT_IMAGEMEMXFER/MSG_GET
000773 194940635081 S6 T00000003 V. twn> TWCP_NONE,5100,1700,12,0,1668,61200,9,65536,3063648
000774 194940636084 S6 T00000003 V. twn> TWCP_NONE,5100,1700,12,0,1680,61200,9,65536,3063648
000775 194940636084 S6 T00000003 V. twn> SUCCESS
000776 194940650121 S6 T00000003 V. 
000777 194940650121 S6 T00000003 V. twn> DG_IMAGE/DAT_IMAGEMEMXFER/MSG_GET
000778 194940650121 S6 T00000003 V. twn> TWCP_NONE,5100,1700,12,0,1680,61200,9,65536,3063648
000779 194940650121 S6 T00000003 V. twn> TWCP_NONE,5100,1700,12,0,1692,61200,9,65536,3063648
000780 194940650121 S6 T00000003 V. twn> SUCCESS
000781 194940655134 S6 T00000003 V. 
000782 194940655134 S6 T00000003 V. twn> DG_IMAGE/DAT_IMAGEMEMXFER/MSG_GET
000783 194940655134 S6 T00000003 V. twn> TWCP_NONE,5100,1700,12,0,1692,61200,9,65536,3063648
000784 194940656138 S6 T00000003 V. twn> TWCP_NONE,5100,1700,12,0,1704,61200,9,65536,3063648
000785 194940656138 S6 T00000003 V. twn> SUCCESS
000786 194940659145 S6 T00000003 V. 
000787 194940659145 S6 T00000003 V. twn> DG_IMAGE/DAT_IMAGEMEMXFER/MSG_GET
000788 194940659145 S6 T00000003 V. twn> TWCP_NONE,5100,1700,12,0,1704,61200,9,65536,3063648
000789 194940659145 S6 T00000003 V. twn> TWCP_NONE,5100,1700,12,0,1716,61200,9,65536,3063648
000790 194940659145 S6 T00000003 V. twn> SUCCESS
000791 194940662154 S6 T00000003 V. 
000792 194940662154 S6 T00000003 V. twn> DG_IMAGE/DAT_IMAGEMEMXFER/MSG_GET
000793 194940662154 S6 T00000003 V. twn> TWCP_NONE,5100,1700,12,0,1716,61200,9,65536,3063648
000794 194940662154 S6 T00000003 V. twn> TWCP_NONE,5100,1700,12,0,1728,61200,9,65536,3063648
000795 194940662154 S6 T00000003 V. twn> SUCCESS
000796 194940666165 S6 T00000003 V. 
000797 194940666165 S6 T00000003 V. twn> DG_IMAGE/DAT_IMAGEMEMXFER/MSG_GET
000798 194940666165 S6 T00000003 V. twn> TWCP_NONE,5100,1700,12,0,1728,61200,9,65536,3063648
000799 194940666165 S6 T00000003 V. twn> TWCP_NONE,5100,1700,12,0,1740,61200,9,65536,3063648
000800 194940666165 S6 T00000003 V. twn> SUCCESS
000801 194940669172 S6 T00000003 V. 
000802 194940669172 S6 T00000003 V. twn> DG_IMAGE/DAT_IMAGEMEMXFER/MSG_GET
000803 194940669172 S6 T00000003 V. twn> TWCP_NONE,5100,1700,12,0,1740,61200,9,65536,3063648
000804 194940669172 S6 T00000003 V. twn> TWCP_NONE,5100,1700,12,0,1752,61200,9,65536,3063648
000805 194940669172 S6 T00000003 V. twn> SUCCESS
000806 194940673181 S6 T00000003 V. 
000807 194940673181 S6 T00000003 V. twn> DG_IMAGE/DAT_IMAGEMEMXFER/MSG_GET
000808 194940673181 S6 T00000003 V. twn> TWCP_NONE,5100,1700,12,0,1752,61200,9,65536,3063648
000809 194940673181 S6 T00000003 V. twn> TWCP_NONE,5100,1700,12,0,1764,61200,9,65536,3063648
000810 194940673181 S6 T00000003 V. twn> SUCCESS
000811 194940676192 S6 T00000003 V. 
000812 194940676192 S6 T00000003 V. twn> DG_IMAGE/DAT_IMAGEMEMXFER/MSG_GET
000813 194940676192 S6 T00000003 V. twn> TWCP_NONE,5100,1700,12,0,1764,61200,9,65536,3063648
000814 194940677192 S6 T00000003 V. twn> TWCP_NONE,5100,1700,12,0,1776,61200,9,65536,3063648
000815 194940677192 S6 T00000003 V. twn> SUCCESS
000816 194940680201 S6 T00000003 V. 
000817 194940680201 S6 T00000003 V. twn> DG_IMAGE/DAT_IMAGEMEMXFER/MSG_GET
000818 194940680201 S6 T00000003 V. twn> TWCP_NONE,5100,1700,12,0,1776,61200,9,65536,3063648
000819 194940680201 S6 T00000003 V. twn> TWCP_NONE,5100,1700,12,0,1788,61200,9,65536,3063648
000820 194940680201 S6 T00000003 V. twn> SUCCESS
000821 194940683210 S6 T00000003 V. 
000822 194940684212 S6 T00000003 V. twn> DG_IMAGE/DAT_IMAGEMEMXFER/MSG_GET
000823 194940684212 S6 T00000003 V. twn> TWCP_NONE,5100,1700,12,0,1788,61200,9,65536,3063648
000824 194940684212 S6 T00000003 V. twn> TWCP_NONE,5100,1700,12,0,1800,61200,9,65536,3063648
000825 194940684212 S6 T00000003 V. twn> SUCCESS
000826 194940687221 S6 T00000003 V. 
000827 194940687221 S6 T00000003 V. twn> DG_IMAGE/DAT_IMAGEMEMXFER/MSG_GET
000828 194940687221 S6 T00000003 V. twn> TWCP_NONE,5100,1700,12,0,1800,61200,9,65536,3063648
000829 194940687221 S6 T00000003 V. twn> TWCP_NONE,5100,1700,12,0,1812,61200,9,65536,3063648
000830 194940687221 S6 T00000003 V. twn> SUCCESS
000831 194940691231 S6 T00000003 V. 
000832 194940691231 S6 T00000003 V. twn> DG_IMAGE/DAT_IMAGEMEMXFER/MSG_GET
000833 194940691231 S6 T00000003 V. twn> TWCP_NONE,5100,1700,12,0,1812,61200,9,65536,3063648
000834 194940691231 S6 T00000003 V. twn> TWCP_NONE,5100,1700,12,0,1824,61200,9,65536,3063648
000835 194940691231 S6 T00000003 V. twn> SUCCESS
000836 194940694240 S6 T00000003 V. 
000837 194940694240 S6 T00000003 V. twn> DG_IMAGE/DAT_IMAGEMEMXFER/MSG_GET
000838 194940694240 S6 T00000003 V. twn> TWCP_NONE,5100,1700,12,0,1824,61200,9,65536,3063648
000839 194940695242 S6 T00000003 V. twn> TWCP_NONE,5100,1700,12,0,1836,61200,9,65536,3063648
000840 194940695242 S6 T00000003 V. twn> SUCCESS
000841 194940711285 S6 T00000003 V. 
000842 194940711285 S6 T00000003 V. twn> DG_IMAGE/DAT_IMAGEMEMXFER/MSG_GET
000843 194940711285 S6 T00000003 V. twn> TWCP_NONE,5100,1700,12,0,1836,61200,9,65536,3063648
000844 194940712286 S6 T00000003 V. twn> TWCP_NONE,5100,1700,12,0,1848,61200,9,65536,3063648
000845 194940712286 S6 T00000003 V. twn> SUCCESS
000846 194940717299 S6 T00000003 V. 
000847 194940717299 S6 T00000003 V. twn> DG_IMAGE/DAT_IMAGEMEMXFER/MSG_GET
000848 194940717299 S6 T00000003 V. twn> TWCP_NONE,5100,1700,12,0,1848,61200,9,65536,3063648
000849 194940718302 S6 T00000003 V. twn> TWCP_NONE,5100,1700,12,0,1860,61200,9,65536,3063648
000850 194940718302 S6 T00000003 V. twn> SUCCESS
000851 194940721310 S6 T00000003 V. 
000852 194940721310 S6 T00000003 V. twn> DG_IMAGE/DAT_IMAGEMEMXFER/MSG_GET
000853 194940721310 S6 T00000003 V. twn> TWCP_NONE,5100,1700,12,0,1860,61200,9,65536,3063648
000854 194940722314 S6 T00000003 V. twn> TWCP_NONE,5100,1700,12,0,1872,61200,9,65536,3063648
000855 194940722314 S6 T00000003 V. twn> SUCCESS
000856 194940726325 S6 T00000003 V. 
000857 194940726325 S6 T00000003 V. twn> DG_IMAGE/DAT_IMAGEMEMXFER/MSG_GET
000858 194940726325 S6 T00000003 V. twn> TWCP_NONE,5100,1700,12,0,1872,61200,9,65536,3063648
000859 194940726325 S6 T00000003 V. twn> TWCP_NONE,5100,1700,12,0,1884,61200,9,65536,3063648
000860 194940726325 S6 T00000003 V. twn> SUCCESS
000861 194940729331 S6 T00000003 V. 
000862 194940729331 S6 T00000003 V. twn> DG_IMAGE/DAT_IMAGEMEMXFER/MSG_GET
000863 194940729331 S6 T00000003 V. twn> TWCP_NONE,5100,1700,12,0,1884,61200,9,65536,3063648
000864 194940730334 S6 T00000003 V. twn> TWCP_NONE,5100,1700,12,0,1896,61200,9,65536,3063648
000865 194940730334 S6 T00000003 V. twn> SUCCESS
000866 194940733343 S6 T00000003 V. 
000867 194940733343 S6 T00000003 V. twn> DG_IMAGE/DAT_IMAGEMEMXFER/MSG_GET
000868 194940733343 S6 T00000003 V. twn> TWCP_NONE,5100,1700,12,0,1896,61200,9,65536,3063648
000869 194940733343 S6 T00000003 V. twn> TWCP_NONE,5100,1700,12,0,1908,61200,9,65536,3063648
000870 194940733343 S6 T00000003 V. twn> SUCCESS
000871 194940737354 S6 T00000003 V. 
000872 194940737354 S6 T00000003 V. twn> DG_IMAGE/DAT_IMAGEMEMXFER/MSG_GET
000873 194940737354 S6 T00000003 V. twn> TWCP_NONE,5100,1700,12,0,1908,61200,9,65536,3063648
000874 194940737354 S6 T00000003 V. twn> TWCP_NONE,5100,1700,12,0,1920,61200,9,65536,3063648
000875 194940737354 S6 T00000003 V. twn> SUCCESS
000876 194940740362 S6 T00000003 V. 
000877 194940741364 S6 T00000003 V. twn> DG_IMAGE/DAT_IMAGEMEMXFER/MSG_GET
000878 194940741364 S6 T00000003 V. twn> TWCP_NONE,5100,1700,12,0,1920,61200,9,65536,3063648
000879 194940741364 S6 T00000003 V. twn> TWCP_NONE,5100,1700,12,0,1932,61200,9,65536,3063648
000880 194940741364 S6 T00000003 V. twn> SUCCESS
000881 194940744371 S6 T00000003 V. 
000882 194940744371 S6 T00000003 V. twn> DG_IMAGE/DAT_IMAGEMEMXFER/MSG_GET
000883 194940744371 S6 T00000003 V. twn> TWCP_NONE,5100,1700,12,0,1932,61200,9,65536,3063648
000884 194940745375 S6 T00000003 V. twn> TWCP_NONE,5100,1700,12,0,1944,61200,9,65536,3063648
000885 194940745375 S6 T00000003 V. twn> SUCCESS
000886 194940748382 S6 T00000003 V. 
000887 194940748382 S6 T00000003 V. twn> DG_IMAGE/DAT_IMAGEMEMXFER/MSG_GET
000888 194940748382 S6 T00000003 V. twn> TWCP_NONE,5100,1700,12,0,1944,61200,9,65536,3063648
000889 194940748382 S6 T00000003 V. twn> TWCP_NONE,5100,1700,12,0,1956,61200,9,65536,3063648
000890 194940748382 S6 T00000003 V. twn> SUCCESS
000891 194940752392 S6 T00000003 V. 
000892 194940752392 S6 T00000003 V. twn> DG_IMAGE/DAT_IMAGEMEMXFER/MSG_GET
000893 194940752392 S6 T00000003 V. twn> TWCP_NONE,5100,1700,12,0,1956,61200,9,65536,3063648
000894 194940752392 S6 T00000003 V. twn> TWCP_NONE,5100,1700,12,0,1968,61200,9,65536,3063648
000895 194940752392 S6 T00000003 V. twn> SUCCESS
000896 194940756403 S6 T00000003 V. 
000897 194940756403 S6 T00000003 V. twn> DG_IMAGE/DAT_IMAGEMEMXFER/MSG_GET
000898 194940756403 S6 T00000003 V. twn> TWCP_NONE,5100,1700,12,0,1968,61200,9,65536,3063648
000899 194940756403 S6 T00000003 V. twn> TWCP_NONE,5100,1700,12,0,1980,61200,9,65536,3063648
000900 194940756403 S6 T00000003 V. twn> SUCCESS
000901 194940760414 S6 T00000003 V. 
000902 194940760414 S6 T00000003 V. twn> DG_IMAGE/DAT_IMAGEMEMXFER/MSG_GET
000903 194940760414 S6 T00000003 V. twn> TWCP_NONE,5100,1700,12,0,1980,61200,9,65536,3063648
000904 194940760414 S6 T00000003 V. twn> TWCP_NONE,5100,1700,12,0,1992,61200,9,65536,3063648
000905 194940760414 S6 T00000003 V. twn> SUCCESS
000906 194940778462 S6 T00000003 V. 
000907 194940778462 S6 T00000003 V. twn> DG_IMAGE/DAT_IMAGEMEMXFER/MSG_GET
000908 194940778462 S6 T00000003 V. twn> TWCP_NONE,5100,1700,12,0,1992,61200,9,65536,3063648
000909 194940779465 S6 T00000003 V. twn> TWCP_NONE,5100,1700,12,0,2004,61200,9,65536,3063648
000910 194940779465 S6 T00000003 V. twn> SUCCESS
000911 194940784477 S6 T00000003 V. 
000912 194940784477 S6 T00000003 V. twn> DG_IMAGE/DAT_IMAGEMEMXFER/MSG_GET
000913 194940784477 S6 T00000003 V. twn> TWCP_NONE,5100,1700,12,0,2004,61200,9,65536,3063648
000914 194940784477 S6 T00000003 V. twn> TWCP_NONE,5100,1700,12,0,2016,61200,9,65536,3063648
000915 194940784477 S6 T00000003 V. twn> SUCCESS
000916 194940788490 S6 T00000003 V. 
000917 194940788490 S6 T00000003 V. twn> DG_IMAGE/DAT_IMAGEMEMXFER/MSG_GET
000918 194940788490 S6 T00000003 V. twn> TWCP_NONE,5100,1700,12,0,2016,61200,9,65536,3063648
000919 194940788490 S6 T00000003 V. twn> TWCP_NONE,5100,1700,12,0,2028,61200,9,65536,3063648
000920 194940788490 S6 T00000003 V. twn> SUCCESS
000921 194940792500 S6 T00000003 V. 
000922 194940792500 S6 T00000003 V. twn> DG_IMAGE/DAT_IMAGEMEMXFER/MSG_GET
000923 194940792500 S6 T00000003 V. twn> TWCP_NONE,5100,1700,12,0,2028,61200,9,65536,3063648
000924 194940793502 S6 T00000003 V. twn> TWCP_NONE,5100,1700,12,0,2040,61200,9,65536,3063648
000925 194940793502 S6 T00000003 V. twn> SUCCESS
000926 194940796510 S6 T00000003 V. 
000927 194940796510 S6 T00000003 V. twn> DG_IMAGE/DAT_IMAGEMEMXFER/MSG_GET
000928 194940796510 S6 T00000003 V. twn> TWCP_NONE,5100,1700,12,0,2040,61200,9,65536,3063648
000929 194940797522 S6 T00000003 V. twn> TWCP_NONE,5100,1700,12,0,2052,61200,9,65536,3063648
000930 194940797522 S6 T00000003 V. twn> SUCCESS
000931 194940800521 S6 T00000003 V. 
000932 194940800521 S6 T00000003 V. twn> DG_IMAGE/DAT_IMAGEMEMXFER/MSG_GET
000933 194940800521 S6 T00000003 V. twn> TWCP_NONE,5100,1700,12,0,2052,