[2018-01-29 12:52:16] app.INFO: Matched route "{route}". {"route":"GET_listUsers_","route_parameters":{"_controller":"[object] (Closure: {})","_route":"GET_listUsers_","url":"/gestion_courrier/gc-api/web/index.php/listUsers/"},"request_uri":"http://localhost/gestion_courrier/gc-api/web/index.php/listUsers","method":"GET"} []
[2018-01-29 12:52:16] app.DEBUG: > GET /gestion_courrier/gc-api/web/index.php/listUsers [] []
[2018-01-29 12:52:16] app.DEBUG: < 301 /gestion_courrier/gc-api/web/index.php/listUsers/ [] []
[2018-01-29 12:52:16] app.INFO: Matched route "{route}". {"route":"GET_listUsers_","route_parameters":{"_controller":"[object] (Closure: {})","_route":"GET_listUsers_"},"request_uri":"http://localhost/gestion_courrier/gc-api/web/index.php/listUsers/","method":"GET"} []
[2018-01-29 12:52:16] app.DEBUG: > GET /gestion_courrier/gc-api/web/index.php/listUsers/ [] []
[2018-01-29 12:52:16] app.DEBUG: < 200 [] []
[2018-01-29 13:14:47] app.INFO: Matched route "{route}". {"route":"GET_listUsers_","route_parameters":{"_controller":"[object] (Closure: {})","_route":"GET_listUsers_","url":"/gestion_courrier/gc-api/web/index.php/listUsers/"},"request_uri":"http://localhost/gestion_courrier/gc-api/web/index.php/listUsers","method":"GET"} []
[2018-01-29 13:14:47] app.DEBUG: > GET /gestion_courrier/gc-api/web/index.php/listUsers [] []
[2018-01-29 13:14:47] app.DEBUG: < 301 /gestion_courrier/gc-api/web/index.php/listUsers/ [] []
[2018-01-29 13:14:47] app.INFO: Matched route "{route}". {"route":"GET_listUsers_","route_parameters":{"_controller":"[object] (Closure: {})","_route":"GET_listUsers_"},"request_uri":"http://localhost/gestion_courrier/gc-api/web/index.php/listUsers/","method":"GET"} []
[2018-01-29 13:14:47] app.DEBUG: > GET /gestion_courrier/gc-api/web/index.php/listUsers/ [] []
[2018-01-29 13:14:47] app.DEBUG: < 200 [] []
[2018-01-29 13:25:57] app.INFO: Matched route "{route}". {"route":"GET_listUsers_","route_parameters":{"_controller":"[object] (Closure: {})","_route":"GET_listUsers_","url":"/gestion_courrier/gc-api/web/index.php/listUsers/"},"request_uri":"http://localhost/gestion_courrier/gc-api/web/index.php/listUsers","method":"GET"} []
[2018-01-29 13:25:57] app.DEBUG: > GET /gestion_courrier/gc-api/web/index.php/listUsers [] []
[2018-01-29 13:25:57] app.DEBUG: < 301 /gestion_courrier/gc-api/web/index.php/listUsers/ [] []
[2018-01-29 13:25:57] app.INFO: Matched route "{route}". {"route":"GET_listUsers_","route_parameters":{"_controller":"[object] (Closure: {})","_route":"GET_listUsers_"},"request_uri":"http://localhost/gestion_courrier/gc-api/web/index.php/listUsers/","method":"GET"} []
[2018-01-29 13:25:57] app.DEBUG: > GET /gestion_courrier/gc-api/web/index.php/listUsers/ [] []
[2018-01-29 13:25:57] app.DEBUG: < 200 [] []
[2018-01-29 13:29:26] app.INFO: Matched route "{route}". {"route":"GET_listUsers_","route_parameters":{"_controller":"[object] (Closure: {})","_route":"GET_listUsers_","url":"/gestion_courrier/gc-api/web/index.php/listUsers/"},"request_uri":"http://localhost/gestion_courrier/gc-api/web/index.php/listUsers","method":"GET"} []
[2018-01-29 13:29:26] app.DEBUG: > GET /gestion_courrier/gc-api/web/index.php/listUsers [] []
[2018-01-29 13:29:26] app.DEBUG: < 301 /gestion_courrier/gc-api/web/index.php/listUsers/ [] []
[2018-01-29 13:29:26] app.INFO: Matched route "{route}". {"route":"GET_listUsers_","route_parameters":{"_controller":"[object] (Closure: {})","_route":"GET_listUsers_"},"request_uri":"http://localhost/gestion_courrier/gc-api/web/index.php/listUsers/","method":"GET"} []
[2018-01-29 13:29:26] app.DEBUG: > GET /gestion_courrier/gc-api/web/index.php/listUsers/ [] []
[2018-01-29 13:29:26] app.DEBUG: < 200 [] []
[2018-01-29 13:29:41] app.INFO: Matched route "{route}". {"route":"GET_listUsers_","route_parameters":{"_controller":"[object] (Closure: {})","_route":"GET_listUsers_","url":"/gestion_courrier/gc-api/web/index.php/listUsers/"},"request_uri":"http://localhost/gestion_courrier/gc-api/web/index.php/listUsers","method":"GET"} []
[2018-01-29 13:29:41] app.DEBUG: > GET /gestion_courrier/gc-api/web/index.php/listUsers [] []
[2018-01-29 13:29:41] app.DEBUG: < 301 /gestion_courrier/gc-api/web/index.php/listUsers/ [] []
[2018-01-29 13:29:41] app.INFO: Matched route "{route}". {"route":"GET_listUsers_","route_parameters":{"_controller":"[object] (Closure: {})","_route":"GET_listUsers_"},"request_uri":"http://localhost/gestion_courrier/gc-api/web/index.php/listUsers/","method":"GET"} []
[2018-01-29 13:29:41] app.DEBUG: > GET /gestion_courrier/gc-api/web/index.php/listUsers/ [] []
[2018-01-29 13:29:41] app.DEBUG: < 200 [] []
[2018-01-29 13:29:47] app.INFO: Matched route "{route}". {"route":"GET_listUsers_","route_parameters":{"_controller":"[object] (Closure: {})","_route":"GET_listUsers_"},"request_uri":"http://localhost/gestion_courrier/gc-api/web/index.php/listUsers/","method":"GET"} []
[2018-01-29 13:29:47] app.DEBUG: > GET /gestion_courrier/gc-api/web/index.php/listUsers/ [] []
[2018-01-29 13:29:47] app.INFO: Matched route "{route}". {"route":"GET_listEntites_","route_parameters":{"_controller":"[object] (Closure: {})","_route":"GET_listEntites_"},"request_uri":"http://localhost/gestion_courrier/gc-api/web/index.php/listEntites/","method":"GET"} []
[2018-01-29 13:29:47] app.DEBUG: > GET /gestion_courrier/gc-api/web/index.php/listEntites/ [] []
[2018-01-29 13:29:47] app.DEBUG: < 200 [] []
[2018-01-29 13:29:47] app.DEBUG: < 200 [] []
[2018-01-29 13:31:32] app.INFO: Matched route "{route}". {"route":"GET_listUsers_","route_parameters":{"_controller":"[object] (Closure: {})","_route":"GET_listUsers_","url":"/gestion_courrier/gc-api/web/index.php/listUsers/"},"request_uri":"http://localhost/gestion_courrier/gc-api/web/index.php/listUsers","method":"GET"} []
ET"} []
[2018-01-29 13:31:32] app.DEBUG: > GET /gestion_courrier/gc-api/web/index.php/listEntites [] []
[2018-01-29 13:31:32] app.DEBUG: > GET /gestion_courrier/gc-api/web/index.php/listUsers [] []
[2018-01-29 13:31:32] app.DEBUG: < 301 /gestion_courrier/gc-api/web/index.php/listEntites/ [] []
[2018-01-29 13:31:32] app.DEBUG: < 301 /gestion_courrier/gc-api/web/index.php/listUsers/ [] []
[2018-01-29 13:31:33] app.INFO: Matched route "{route}". {"route":"GET_listUsers_","route_parameters":{"_controller":"[object] (Closure: {})","_route":"GET_listUsers_"},"request_uri":"http://localhost/gestion_courrier/gc-api/web/index.php/listUsers/","method":"GET"} []
[2018-01-29 13:31:33] app.INFO: Matched route "{route}". {"route":"GET_listEntites_","route_parameters":{"_controller":"[object] (Closure: {})","_route":"GET_listEntites_"},"request_uri":"http://localhost/gestion_courrier/gc-api/web/index.php/listEntites/","method":"GET"} []
[2018-01-29 13:31:33] app.DEBUG: > GET /gestion_courrier/gc-api/web/index.php/listUsers/ [] []
[2018-01-29 13:31:33] app.DEBUG: > GET /gestion_courrier/gc-api/web/index.php/listEntites/ [] []
[2018-01-29 13:31:33] app.DEBUG: < 200 [] []
[2018-01-29 13:31:33] app.DEBUG: < 200 [] []
[2018-01-29 13:32:45] app.INFO: Matched route "{route}". {"route":"GET_listUsers_","route_parameters":{"_controller":"[object] (Closure: {})","_route":"GET_listUsers_","url":"/gestion_courrier/gc-api/web/index.php/listUsers/"},"request_uri":"http://localhost/gestion_courrier/gc-api/web/index.php/listUsers","method":"GET"} []
[2018-01-29 13:32:45] app.INFO: Matched route "{route}". {"route":"GET_listEntites_","route_parameters":{"_controller":"[object] (Closure: {})","_route":"GET_listEntites_","url":"/gestion_courrier/gc-api/web/index.php/listEntites/"},"request_uri":"http://localhost/gestion_courrier/gc-api/web/index.php/listEntites","method":"GET"} []
[2018-01-29 13:32:45] app.DEBUG: > GET /gestion_courrier/gc-api/web/index.php/listUsers [] []
[2018-01-29 13:32:45] app.DEBUG: > GET /gestion_courrier/gc-api/web/index.php/listEntites [] []
[2018-01-29 13:32:45] app.DEBUG: < 301 /gestion_courrier/gc-api/web/index.php/listUsers/ [] []
[2018-01-29 13:32:45] app.DEBUG: < 301 /gestion_courrier/gc-api/web/index.php/listEntites/ [] []
[2018-01-29 13:32:46] app.INFO: Matched route "{route}". {"route":"GET_listEntites_","route_parameters":{"_controller":"[object] (Closure: {})","_route":"GET_listEntites_"},"request_uri":"http://localhost/gestion_courrier/gc-api/web/index.php/listEntites/","method":"GET"} []
[2018-01-29 13:32:46] app.DEBUG: > GET /gestion_courrier/gc-api/web/index.php/listEntites/ [] []
[2018-01-29 13:32:46] app.INFO: Matched route "{route}". {"route":"GET_listUsers_","route_parameters":{"_controller":"[object] (Closure: {})","_route":"GET_listUsers_"},"request_uri":"http://localhost/gestion_courrier/gc-api/web/index.php/listUsers/","method":"GET"} []
[2018-01-29 13:32:46] app.DEBUG: > GET /gestion_courrier/gc-api/web/index.php/listUsers/ [] []
[2018-01-29 13:32:46] app.DEBUG: < 200 [] []
[2018-01-29 13:32:46] app.DEBUG: < 200 [] []
[2018-01-29 13:32:55] app.INFO: Matched route "{route}". {"route":"GET_listEntites_","route_parameters":{"_controller":"[object] (Closure: {})","_route":"GET_listEntites_","url":"/gestion_courrier/gc-api/web/index.php/listEntites/"},"request_uri":"http://localhost/gestion_courrier/gc-api/web/index.php/listEntites","method":"GET"} []
[2018-01-29 13:32:55] app.DEBUG: > GET /gestion_courrier/gc-api/web/index.php/listUsers [] []
[2018-01-29 13:32:55] app.DEBUG: > GET /gestion_courrier/gc-api/web/index.php/listEntites [] []
[2018-01-29 13:32:55] app.DEBUG: < 301 /gestion_courrier/gc-api/web/index.php/listEntites/ [] []
[2018-01-29 13:32:55] app.DEBUG: < 301 /gestion_courrier/gc-api/web/index.php/listUsers/ [] []
[2018-01-29 13:32:55] app.INFO: Matched route "{route}". {"route":"GET_listEntites_","route_parameters":{"_controller":"[object] (Closure: {})","_route":"GET_listEntites_"},"request_uri":"http://localhost/gestion_courrier/gc-api/web/index.php/listEntites/","method":"GET"} []
[2018-01-29 13:32:55] app.DEBUG: > GET /gestion_courrier/gc-api/web/index.php/listEntites/ [] []
[2018-01-29 13:32:55] app.DEBUG: < 200 [] []
[2018-01-29 13:32:56] app.INFO: Matched route "{route}". {"route":"GET_listUsers_","route_parameters":{"_controller":"[object] (Closure: {})","_route":"GET_listUsers_"},"request_uri":"http://localhost/gestion_courrier/gc-api/web/index.php/listUsers/","method":"GET"} []
[2018-01-29 13:32:56] app.DEBUG: > GET /gestion_courrier/gc-api/web/index.php/listUsers/ [] []
[2018-01-29 13:32:56] app.DEBUG: < 200 [] []
[2018-01-29 13:35:39] app.INFO: Matched route "{route}". {"route":"GET_listUsers_","route_parameters":{"_controller":"[object] (Closure: {})","_route":"GET_listUsers_","url":"/gestion_courrier/gc-api/web/index.php/listUsers/"},"request_uri":"http://localhost/gestion_courrier/gc-api/web/index.php/listUsers","method":"GET"} []
[2018-01-29 13:35:39] app.INFO: Matched route "{route}". {"route":"GET_listEntites_","route_parameters":{"_controller":"[object] (Closure: {})","_route":"GET_listEntites_","url":"/gestion_courrier/gc-api/web/index.php/listEntites/"},"request_uri":"http://localhost/gestion_courrier/gc-api/web/index.php/listEntites","method":"GET"} []
[2018-01-29 13:35:39] app.DEBUG: > GET /gestion_courrier/gc-api/web/index.php/listUsers [] []
[2018-01-29 13:35:39] app.DEBUG: > GET /gestion_courrier/gc-api/web/index.php/listEntites [] []
[2018-01-29 13:35:39] app.DEBUG: < 301 /gestion_courrier/gc-api/web/index.php/listUsers/ [] []
[2018-01-29 13:35:39] app.DEBUG: < 301 /gestion_courrier/gc-api/web/index.php/listEntites/ [] []
[2018-01-29 13:35:39] app.INFO: Matched route "{route}". {"route":"GET_listUsers_","route_parameters":{"_controller":"[object] (Closure: {})","_route":"GET_listUsers_"},"request_uri":"http://localhost/gestion_courrier/gc-api/web/index.php/listUsers/","method":"GET"} []
[2018-01-29 13:35:39] app.DEBUG: > GET /gestion_courrier/gc-api/web/index.php/listUsers/ [] []
[2018-01-29 13:35:39] app.INFO: Matched route "{route}". {"route":"GET_listEntites_","route_parameters":{"_controller":"[object] (Closure: {})","_route":"GET_listEntites_"},"request_uri":"http://localhost/gestion_courrier/gc-api/web/index.php/listEntites/","method":"GET"} []
[2018-01-29 13:35:39] app.DEBUG: > GET /gestion_courrier/gc-api/web/index.php/listEntites/ [] []
[2018-01-29 13:35:39] app.DEBUG: < 200 [] []
[2018-01-29 13:35:39] app.DEBUG: < 200 [] []
[2018-01-29 13:35:57] app.INFO: Matched route "{route}". {"route":"GET_listEntites_","route_parameters":{"_controller":"[object] (Closure: {})","_route":"GET_listEntites_"},"request_uri":"http://localhost/gestion_courrier/gc-api/web/index.php/listEntites/","method":"GET"} []
[2018-01-29 13:35:57] app.DEBUG: > GET /gestion_courrier/gc-api/web/index.php/listEntites/ [] []
[2018-01-29 13:35:57] app.DEBUG: < 200 [] []
[2018-01-29 13:36:00] app.INFO: Matched route "{route}". {"route":"GET_listEntites_","route_parameters":{"_controller":"[object] (Closure: {})","_route":"GET_listEntites_"},"request_uri":"http://localhost/gestion_courrier/gc-api/web/index.php/listEntites/","method":"GET"} []
[2018-01-29 13:36:00] app.DEBUG: > GET /gestion_courrier/gc-api/web/index.php/listEntites/ [] []
[2018-01-29 13:36:00] app.DEBUG: < 200 [] []
[2018-01-29 13:36:43] app.INFO: Matched route "{route}". {"route":"GET_listEntites_","route_parameters":{"_controller":"[object] (Closure: {})","_route":"GET_listEntites_","url":"/gestion_courrier/gc-api/web/index.php/listEntites/"},"request_uri":"http://localhost/gestion_courrier/gc-api/web/index.php/listEntites","method":"GET"} []
[2018-01-29 13:36:43] app.INFO: Matched route "{route}". {"route":"GET_listUsers_","route_parameters":{"_controller":"[object] (Closure: {})","_route":"GET_listUsers_","url":"/gestion_courrier/gc-api/web/index.php/listUsers/"},"request_uri":"http://localhost/gestion_courrier/gc-api/web/index.php/listUsers","method":"GET"} []
[2018-01-29 13:36:43] app.DEBUG: > GET /gestion_courrier/gc-api/web/index.php/listEntites [] []
[2018-01-29 13:36:43] app.DEBUG: > GET /gestion_courrier/gc-api/web/index.php/listUsers [] []
[2018-01-29 13:36:43] app.DEBUG: < 301 /gestion_courrier/gc-api/web/index.php/listEntites/ [] []
[2018-01-29 13:36:43] app.DEBUG: < 301 /gestion_courrier/gc-api/web/index.php/listUsers/ [] []
[2018-01-29 13:36:44] app.INFO: Matched route "{route}". {"route":"GET_listEntites_","route_parameters":{"_controller":"[object] (Closure: {})","_route":"GET_listEntites_"},"request_uri":"http://localhost/gestion_courrier/gc-api/web/index.php/listEntites/","method":"GET"} []
[2018-01-29 13:36:44] app.INFO: Matched route "{route}". {"route":"GET_listUsers_","route_parameters":{"_controller":"[object] (Closure: {})","_route":"GET_listUsers_"},"request_uri":"http://localhost/gestion_courrier/gc-api/web/index.php/listUsers/","method":"GET"} []
[2018-01-29 13:36:44] app.DEBUG: > GET /gestion_courrier/gc-api/web/index.php/listEntites/ [] []
[2018-01-29 13:36:44] app.DEBUG: > GET /gestion_courrier/gc-api/web/index.php/listUsers/ [] []
[2018-01-29 13:36:44] app.DEBUG: < 200 [] []
[2018-01-29 13:36:44] app.DEBUG: < 200 [] []
[2018-01-29 13:36:54] app.INFO: Matched route "{route}". {"route":"POST_updateEntite_","route_parameters":{"_controller":"[object] (Closure: {})","_route":"POST_updateEntite_"},"request_uri":"http://localhost/gestion_courrier/gc-api/web/index.php/updateEntite/","method":"POST"} []
[2018-01-29 13:36:54] app.DEBUG: > POST /gestion_courrier/gc-api/web/index.php/updateEntite/ [] []
[2018-01-29 13:36:54] app.DEBUG: < 200 [] []
[2018-01-29 13:37:02] app.INFO: Matched route "{route}". {"route":"POST_deleteEntite_","route_parameters":{"_controller":"[object] (Closure: {})","_route":"POST_deleteEntite_"},"request_uri":"http://localhost/gestion_courrier/gc-api/web/index.php/deleteEntite/","method":"POST"} []
[2018-01-29 13:37:02] app.DEBUG: > POST /gestion_courrier/gc-api/web/index.php/deleteEntite/ [] []
[2018-01-29 13:37:02] app.DEBUG: < 200 [] []
[2018-01-29 13:37:09] app.INFO: Matched route "{route}". {"route":"POST_addEntite_","route_parameters":{"_controller":"[object] (Closure: {})","_route":"POST_addEntite_"},"request_uri":"http://localhost/gestion_courrier/gc-api/web/index.php/addEntite/","method":"POST"} []
[2018-01-29 13:37:09] app.DEBUG: > POST /gestion_courrier/gc-api/web/index.php/addEntite/ [] []
[2018-01-29 13:37:09] app.DEBUG: < 200 [] []
